16:50:06 **** Build of project hw_bsp ****
make -k all 
make[1]: Entering directory `/users/start2017/r0634161/Desktop/DDP/sw_package/sw_project/project_sw/hw_bsp'
Running Make include in ps7_cortexa9_0/libsrc/qspips_v3_3/src
make -C ps7_cortexa9_0/libsrc/qspips_v3_3/src -s include  "SHELL=/bin/sh" "COMPILER=arm-none-eabi-gcc" "ARCHIVER=arm-none-eabi-ar" "COMPILER_FLAGS=  -O2 -c" "EXTRA_COMPILER_FLAGS=-mcpu=cortex-a9 -mfpu=vfpv3 -mfloat-abi=hard -nostartfiles"
make[2]: Entering directory `/users/start2017/r0634161/Desktop/DDP/sw_package/sw_project/project_sw/hw_bsp/ps7_cortexa9_0/libsrc/qspips_v3_3/src'
make[2]: Leaving directory `/users/start2017/r0634161/Desktop/DDP/sw_package/sw_project/project_sw/hw_bsp/ps7_cortexa9_0/libsrc/qspips_v3_3/src'
Running Make include in ps7_cortexa9_0/libsrc/ddrps_v1_0/src
make -C ps7_cortexa9_0/libsrc/ddrps_v1_0/src -s include  "SHELL=/bin/sh" "COMPILER=arm-none-eabi-gcc" "ARCHIVER=arm-none-eabi-ar" "COMPILER_FLAGS=  -O2 -c" "EXTRA_COMPILER_FLAGS=-mcpu=cortex-a9 -mfpu=vfpv3 -mfloat-abi=hard -nostartfiles"
make[2]: Entering directory `/users/start2017/r0634161/Desktop/DDP/sw_package/sw_project/project_sw/hw_bsp/ps7_cortexa9_0/libsrc/ddrps_v1_0/src'
make[2]: Leaving directory `/users/start2017/r0634161/Desktop/DDP/sw_package/sw_project/project_sw/hw_bsp/ps7_cortexa9_0/libsrc/ddrps_v1_0/src'
Running Make include in ps7_cortexa9_0/libsrc/cpu_cortexa9_v2_2/src
make -C ps7_cortexa9_0/libsrc/cpu_cortexa9_v2_2/src -s include  "SHELL=/bin/sh" "COMPILER=arm-none-eabi-gcc" "ARCHIVER=arm-none-eabi-ar" "COMPILER_FLAGS=  -O2 -c" "EXTRA_COMPILER_FLAGS=-mcpu=cortex-a9 -mfpu=vfpv3 -mfloat-abi=hard -nostartfiles"
make[2]: Entering directory `/users/start2017/r0634161/Desktop/DDP/sw_package/sw_project/project_sw/hw_bsp/ps7_cortexa9_0/libsrc/cpu_cortexa9_v2_2/src'
make[2]: Leaving directory `/users/start2017/r0634161/Desktop/DDP/sw_package/sw_project/project_sw/hw_bsp/ps7_cortexa9_0/libsrc/cpu_cortexa9_v2_2/src'
Running Make include in ps7_cortexa9_0/libsrc/sdps_v2_8/src
make -C ps7_cortexa9_0/libsrc/sdps_v2_8/src -s include  "SHELL=/bin/sh" "COMPILER=arm-none-eabi-gcc" "ARCHIVER=arm-none-eabi-ar" "COMPILER_FLAGS=  -O2 -c" "EXTRA_COMPILER_FLAGS=-mcpu=cortex-a9 -mfpu=vfpv3 -mfloat-abi=hard -nostartfiles"
make[2]: Entering directory `/users/start2017/r0634161/Desktop/DDP/sw_package/sw_project/project_sw/hw_bsp/ps7_cortexa9_0/libsrc/sdps_v2_8/src'
make[2]: Leaving directory `/users/start2017/r0634161/Desktop/DDP/sw_package/sw_project/project_sw/hw_bsp/ps7_cortexa9_0/libsrc/sdps_v2_8/src'
Running Make include in ps7_cortexa9_0/libsrc/emacps_v3_2/src
make -C ps7_cortexa9_0/libsrc/emacps_v3_2/src -s include  "SHELL=/bin/sh" "COMPILER=arm-none-eabi-gcc" "ARCHIVER=arm-none-eabi-ar" "COMPILER_FLAGS=  -O2 -c" "EXTRA_COMPILER_FLAGS=-mcpu=cortex-a9 -mfpu=vfpv3 -mfloat-abi=hard -nostartfiles"
make[2]: Entering directory `/users/start2017/r0634161/Desktop/DDP/sw_package/sw_project/project_sw/hw_bsp/ps7_cortexa9_0/libsrc/emacps_v3_2/src'
make[2]: Leaving directory `/users/start2017/r0634161/Desktop/DDP/sw_package/sw_project/project_sw/hw_bsp/ps7_cortexa9_0/libsrc/emacps_v3_2/src'
Running Make include in ps7_cortexa9_0/libsrc/uartps_v3_1/src
make -C ps7_cortexa9_0/libsrc/uartps_v3_1/src -s include  "SHELL=/bin/sh" "COMPILER=arm-none-eabi-gcc" "ARCHIVER=arm-none-eabi-ar" "COMPILER_FLAGS=  -O2 -c" "EXTRA_COMPILER_FLAGS=-mcpu=cortex-a9 -mfpu=vfpv3 -mfloat-abi=hard -nostartfiles"
make[2]: Entering directory `/users/start2017/r0634161/Desktop/DDP/sw_package/sw_project/project_sw/hw_bsp/ps7_cortexa9_0/libsrc/uartps_v3_1/src'
make[2]: Leaving directory `/users/start2017/r0634161/Desktop/DDP/sw_package/sw_project/project_sw/hw_bsp/ps7_cortexa9_0/libsrc/uartps_v3_1/src'
Running Make include in ps7_cortexa9_0/libsrc/scugic_v3_3/src
make -C ps7_cortexa9_0/libsrc/scugic_v3_3/src -s include  "SHELL=/bin/sh" "COMPILER=arm-none-eabi-gcc" "ARCHIVER=arm-none-eabi-ar" "COMPILER_FLAGS=  -O2 -c" "EXTRA_COMPILER_FLAGS=-mcpu=cortex-a9 -mfpu=vfpv3 -mfloat-abi=hard -nostartfiles"
make[2]: Entering directory `/users/start2017/r0634161/Desktop/DDP/sw_package/sw_project/project_sw/hw_bsp/ps7_cortexa9_0/libsrc/scugic_v3_3/src'
make[2]: Leaving directory `/users/start2017/r0634161/Desktop/DDP/sw_package/sw_project/project_sw/hw_bsp/ps7_cortexa9_0/libsrc/scugic_v3_3/src'
Running Make include in ps7_cortexa9_0/libsrc/axidma_v9_2/src
make -C ps7_cortexa9_0/libsrc/axidma_v9_2/src -s include  "SHELL=/bin/sh" "COMPILER=arm-none-eabi-gcc" "ARCHIVER=arm-none-eabi-ar" "COMPILER_FLAGS=  -O2 -c" "EXTRA_COMPILER_FLAGS=-mcpu=cortex-a9 -mfpu=vfpv3 -mfloat-abi=hard -nostartfiles"
make[2]: Entering directory `/users/start2017/r0634161/Desktop/DDP/sw_package/sw_project/project_sw/hw_bsp/ps7_cortexa9_0/libsrc/axidma_v9_2/src'
make[2]: Leaving directory `/users/start2017/r0634161/Desktop/DDP/sw_package/sw_project/project_sw/hw_bsp/ps7_cortexa9_0/libsrc/axidma_v9_2/src'
Running Make include in ps7_cortexa9_0/libsrc/xadcps_v2_2/src
make -C ps7_cortexa9_0/libsrc/xadcps_v2_2/src -s include  "SHELL=/bin/sh" "COMPILER=arm-none-eabi-gcc" "ARCHIVER=arm-none-eabi-ar" "COMPILER_FLAGS=  -O2 -c" "EXTRA_COMPILER_FLAGS=-mcpu=cortex-a9 -mfpu=vfpv3 -mfloat-abi=hard -nostartfiles"
make[2]: Entering directory `/users/start2017/r0634161/Desktop/DDP/sw_package/sw_project/project_sw/hw_bsp/ps7_cortexa9_0/libsrc/xadcps_v2_2/src'
make[2]: Leaving directory `/users/start2017/r0634161/Desktop/DDP/sw_package/sw_project/project_sw/hw_bsp/ps7_cortexa9_0/libsrc/xadcps_v2_2/src'
Running Make include in ps7_cortexa9_0/libsrc/devcfg_v3_4/src
make -C ps7_cortexa9_0/libsrc/devcfg_v3_4/src -s include  "SHELL=/bin/sh" "COMPILER=arm-none-eabi-gcc" "ARCHIVER=arm-none-eabi-ar" "COMPILER_FLAGS=  -O2 -c" "EXTRA_COMPILER_FLAGS=-mcpu=cortex-a9 -mfpu=vfpv3 -mfloat-abi=hard -nostartfiles"
make[2]: Entering directory `/users/start2017/r0634161/Desktop/DDP/sw_package/sw_project/project_sw/hw_bsp/ps7_cortexa9_0/libsrc/devcfg_v3_4/src'
make[2]: Leaving directory `/users/start2017/r0634161/Desktop/DDP/sw_package/sw_project/project_sw/hw_bsp/ps7_cortexa9_0/libsrc/devcfg_v3_4/src'
Running Make include in ps7_cortexa9_0/libsrc/dmaps_v2_1/src
make -C ps7_cortexa9_0/libsrc/dmaps_v2_1/src -s include  "SHELL=/bin/sh" "COMPILER=arm-none-eabi-gcc" "ARCHIVER=arm-none-eabi-ar" "COMPILER_FLAGS=  -O2 -c" "EXTRA_COMPILER_FLAGS=-mcpu=cortex-a9 -mfpu=vfpv3 -mfloat-abi=hard -nostartfiles"
make[2]: Entering directory `/users/start2017/r0634161/Desktop/DDP/sw_package/sw_project/project_sw/hw_bsp/ps7_cortexa9_0/libsrc/dmaps_v2_1/src'
make[2]: Leaving directory `/users/start2017/r0634161/Desktop/DDP/sw_package/sw_project/project_sw/hw_bsp/ps7_cortexa9_0/libsrc/dmaps_v2_1/src'
Running Make include in ps7_cortexa9_0/libsrc/gpiops_v3_1/src
make -C ps7_cortexa9_0/libsrc/gpiops_v3_1/src -s include  "SHELL=/bin/sh" "COMPILER=arm-none-eabi-gcc" "ARCHIVER=arm-none-eabi-ar" "COMPILER_FLAGS=  -O2 -c" "EXTRA_COMPILER_FLAGS=-mcpu=cortex-a9 -mfpu=vfpv3 -mfloat-abi=hard -nostartfiles"
make[2]: Entering directory `/users/start2017/r0634161/Desktop/DDP/sw_package/sw_project/project_sw/hw_bsp/ps7_cortexa9_0/libsrc/gpiops_v3_1/src'
make[2]: Leaving directory `/users/start2017/r0634161/Desktop/DDP/sw_package/sw_project/project_sw/hw_bsp/ps7_cortexa9_0/libsrc/gpiops_v3_1/src'
Running Make include in ps7_cortexa9_0/libsrc/scuwdt_v2_1/src
make -C ps7_cortexa9_0/libsrc/scuwdt_v2_1/src -s include  "SHELL=/bin/sh" "COMPILER=arm-none-eabi-gcc" "ARCHIVER=arm-none-eabi-ar" "COMPILER_FLAGS=  -O2 -c" "EXTRA_COMPILER_FLAGS=-mcpu=cortex-a9 -mfpu=vfpv3 -mfloat-abi=hard -nostartfiles"
make[2]: Entering directory `/users/start2017/r0634161/Desktop/DDP/sw_package/sw_project/project_sw/hw_bsp/ps7_cortexa9_0/libsrc/scuwdt_v2_1/src'
make[2]: Leaving directory `/users/start2017/r0634161/Desktop/DDP/sw_package/sw_project/project_sw/hw_bsp/ps7_cortexa9_0/libsrc/scuwdt_v2_1/src'
Running Make include in ps7_cortexa9_0/libsrc/ttcps_v3_1/src
make -C ps7_cortexa9_0/libsrc/ttcps_v3_1/src -s include  "SHELL=/bin/sh" "COMPILER=arm-none-eabi-gcc" "ARCHIVER=arm-none-eabi-ar" "COMPILER_FLAGS=  -O2 -c" "EXTRA_COMPILER_FLAGS=-mcpu=cortex-a9 -mfpu=vfpv3 -mfloat-abi=hard -nostartfiles"
make[2]: Entering directory `/users/start2017/r0634161/Desktop/DDP/sw_package/sw_project/project_sw/hw_bsp/ps7_cortexa9_0/libsrc/ttcps_v3_1/src'
make[2]: Leaving directory `/users/start2017/r0634161/Desktop/DDP/sw_package/sw_project/project_sw/hw_bsp/ps7_cortexa9_0/libsrc/ttcps_v3_1/src'
Running Make include in ps7_cortexa9_0/libsrc/coresightps_dcc_v1_2/src
make -C ps7_cortexa9_0/libsrc/coresightps_dcc_v1_2/src -s include  "SHELL=/bin/sh" "COMPILER=arm-none-eabi-gcc" "ARCHIVER=arm-none-eabi-ar" "COMPILER_FLAGS=  -O2 -c" "EXTRA_COMPILER_FLAGS=-mcpu=cortex-a9 -mfpu=vfpv3 -mfloat-abi=hard -nostartfiles"
make[2]: Entering directory `/users/start2017/r0634161/Desktop/DDP/sw_package/sw_project/project_sw/hw_bsp/ps7_cortexa9_0/libsrc/coresightps_dcc_v1_2/src'
make[2]: Leaving directory `/users/start2017/r0634161/Desktop/DDP/sw_package/sw_project/project_sw/hw_bsp/ps7_cortexa9_0/libsrc/coresightps_dcc_v1_2/src'
Running Make include in ps7_cortexa9_0/libsrc/standalone_v5_5/src
make -C ps7_cortexa9_0/libsrc/standalone_v5_5/src -s include  "SHELL=/bin/sh" "COMPILER=arm-none-eabi-gcc" "ARCHIVER=arm-none-eabi-ar" "COMPILER_FLAGS=  -O2 -c" "EXTRA_COMPILER_FLAGS=-mcpu=cortex-a9 -mfpu=vfpv3 -mfloat-abi=hard -nostartfiles"
make[2]: Entering directory `/users/start2017/r0634161/Desktop/DDP/sw_package/sw_project/project_sw/hw_bsp/ps7_cortexa9_0/libsrc/standalone_v5_5/src'
make[3]: Entering directory `/users/start2017/r0634161/Desktop/DDP/sw_package/sw_project/project_sw/hw_bsp/ps7_cortexa9_0/libsrc/standalone_v5_5/src/profile'
make[3]: Leaving directory `/users/start2017/r0634161/Desktop/DDP/sw_package/sw_project/project_sw/hw_bsp/ps7_cortexa9_0/libsrc/standalone_v5_5/src/profile'
make[2]: Leaving directory `/users/start2017/r0634161/Desktop/DDP/sw_package/sw_project/project_sw/hw_bsp/ps7_cortexa9_0/libsrc/standalone_v5_5/src'
Running Make include in ps7_cortexa9_0/libsrc/usbps_v2_4/src
make -C ps7_cortexa9_0/libsrc/usbps_v2_4/src -s include  "SHELL=/bin/sh" "COMPILER=arm-none-eabi-gcc" "ARCHIVER=arm-none-eabi-ar" "COMPILER_FLAGS=  -O2 -c" "EXTRA_COMPILER_FLAGS=-mcpu=cortex-a9 -mfpu=vfpv3 -mfloat-abi=hard -nostartfiles"
make[2]: Entering directory `/users/start2017/r0634161/Desktop/DDP/sw_package/sw_project/project_sw/hw_bsp/ps7_cortexa9_0/libsrc/usbps_v2_4/src'
make[2]: Leaving directory `/users/start2017/r0634161/Desktop/DDP/sw_package/sw_project/project_sw/hw_bsp/ps7_cortexa9_0/libsrc/usbps_v2_4/src'
Running Make include in ps7_cortexa9_0/libsrc/scutimer_v2_1/src
make -C ps7_cortexa9_0/libsrc/scutimer_v2_1/src -s include  "SHELL=/bin/sh" "COMPILER=arm-none-eabi-gcc" "ARCHIVER=arm-none-eabi-ar" "COMPILER_FLAGS=  -O2 -c" "EXTRA_COMPILER_FLAGS=-mcpu=cortex-a9 -mfpu=vfpv3 -mfloat-abi=hard -nostartfiles"
make[2]: Entering directory `/users/start2017/r0634161/Desktop/DDP/sw_package/sw_project/project_sw/hw_bsp/ps7_cortexa9_0/libsrc/scutimer_v2_1/src'
make[2]: Leaving directory `/users/start2017/r0634161/Desktop/DDP/sw_package/sw_project/project_sw/hw_bsp/ps7_cortexa9_0/libsrc/scutimer_v2_1/src'
Running Make libs in ps7_cortexa9_0/libsrc/qspips_v3_3/src
make -C ps7_cortexa9_0/libsrc/qspips_v3_3/src -s libs  "SHELL=/bin/sh" "COMPILER=arm-none-eabi-gcc" "ARCHIVER=arm-none-eabi-ar" "COMPILER_FLAGS=  -O2 -c" "EXTRA_COMPILER_FLAGS=-mcpu=cortex-a9 -mfpu=vfpv3 -mfloat-abi=hard -nostartfiles"
make[2]: Entering directory `/users/start2017/r0634161/Desktop/DDP/sw_package/sw_project/project_sw/hw_bsp/ps7_cortexa9_0/libsrc/qspips_v3_3/src'
Compiling qspips
arm-none-eabi-ar: creating ../../../lib/libxil.a
make[2]: Leaving directory `/users/start2017/r0634161/Desktop/DDP/sw_package/sw_project/project_sw/hw_bsp/ps7_cortexa9_0/libsrc/qspips_v3_3/src'
Running Make libs in ps7_cortexa9_0/libsrc/ddrps_v1_0/src
make -C ps7_cortexa9_0/libsrc/ddrps_v1_0/src -s libs  "SHELL=/bin/sh" "COMPILER=arm-none-eabi-gcc" "ARCHIVER=arm-none-eabi-ar" "COMPILER_FLAGS=  -O2 -c" "EXTRA_COMPILER_FLAGS=-mcpu=cortex-a9 -mfpu=vfpv3 -mfloat-abi=hard -nostartfiles"
make[2]: Entering directory `/users/start2017/r0634161/Desktop/DDP/sw_package/sw_project/project_sw/hw_bsp/ps7_cortexa9_0/libsrc/ddrps_v1_0/src'
Compiling ddrps
make[2]: Leaving directory `/users/start2017/r0634161/Desktop/DDP/sw_package/sw_project/project_sw/hw_bsp/ps7_cortexa9_0/libsrc/ddrps_v1_0/src'
Running Make libs in ps7_cortexa9_0/libsrc/cpu_cortexa9_v2_2/src
make -C ps7_cortexa9_0/libsrc/cpu_cortexa9_v2_2/src -s libs  "SHELL=/bin/sh" "COMPILER=arm-none-eabi-gcc" "ARCHIVER=arm-none-eabi-ar" "COMPILER_FLAGS=  -O2 -c" "EXTRA_COMPILER_FLAGS=-mcpu=cortex-a9 -mfpu=vfpv3 -mfloat-abi=hard -nostartfiles"
make[2]: Entering directory `/users/start2017/r0634161/Desktop/DDP/sw_package/sw_project/project_sw/hw_bsp/ps7_cortexa9_0/libsrc/cpu_cortexa9_v2_2/src'
Compiling cpu_cortexa9
make[2]: Leaving directory `/users/start2017/r0634161/Desktop/DDP/sw_package/sw_project/project_sw/hw_bsp/ps7_cortexa9_0/libsrc/cpu_cortexa9_v2_2/src'
Running Make libs in ps7_cortexa9_0/libsrc/sdps_v2_8/src
make -C ps7_cortexa9_0/libsrc/sdps_v2_8/src -s libs  "SHELL=/bin/sh" "COMPILER=arm-none-eabi-gcc" "ARCHIVER=arm-none-eabi-ar" "COMPILER_FLAGS=  -O2 -c" "EXTRA_COMPILER_FLAGS=-mcpu=cortex-a9 -mfpu=vfpv3 -mfloat-abi=hard -nostartfiles"
make[2]: Entering directory `/users/start2017/r0634161/Desktop/DDP/sw_package/sw_project/project_sw/hw_bsp/ps7_cortexa9_0/libsrc/sdps_v2_8/src'
Compiling sdps
make[2]: Leaving directory `/users/start2017/r0634161/Desktop/DDP/sw_package/sw_project/project_sw/hw_bsp/ps7_cortexa9_0/libsrc/sdps_v2_8/src'
Running Make libs in ps7_cortexa9_0/libsrc/emacps_v3_2/src
make -C ps7_cortexa9_0/libsrc/emacps_v3_2/src -s libs  "SHELL=/bin/sh" "COMPILER=arm-none-eabi-gcc" "ARCHIVER=arm-none-eabi-ar" "COMPILER_FLAGS=  -O2 -c" "EXTRA_COMPILER_FLAGS=-mcpu=cortex-a9 -mfpu=vfpv3 -mfloat-abi=hard -nostartfiles"
make[2]: Entering directory `/users/start2017/r0634161/Desktop/DDP/sw_package/sw_project/project_sw/hw_bsp/ps7_cortexa9_0/libsrc/emacps_v3_2/src'
Compiling emacps
make[2]: Leaving directory `/users/start2017/r0634161/Desktop/DDP/sw_package/sw_project/project_sw/hw_bsp/ps7_cortexa9_0/libsrc/emacps_v3_2/src'
Running Make libs in ps7_cortexa9_0/libsrc/uartps_v3_1/src
make -C ps7_cortexa9_0/libsrc/uartps_v3_1/src -s libs  "SHELL=/bin/sh" "COMPILER=arm-none-eabi-gcc" "ARCHIVER=arm-none-eabi-ar" "COMPILER_FLAGS=  -O2 -c" "EXTRA_COMPILER_FLAGS=-mcpu=cortex-a9 -mfpu=vfpv3 -mfloat-abi=hard -nostartfiles"
make[2]: Entering directory `/users/start2017/r0634161/Desktop/DDP/sw_package/sw_project/project_sw/hw_bsp/ps7_cortexa9_0/libsrc/uartps_v3_1/src'
Compiling uartps
make[2]: Leaving directory `/users/start2017/r0634161/Desktop/DDP/sw_package/sw_project/project_sw/hw_bsp/ps7_cortexa9_0/libsrc/uartps_v3_1/src'
Running Make libs in ps7_cortexa9_0/libsrc/scugic_v3_3/src
make -C ps7_cortexa9_0/libsrc/scugic_v3_3/src -s libs  "SHELL=/bin/sh" "COMPILER=arm-none-eabi-gcc" "ARCHIVER=arm-none-eabi-ar" "COMPILER_FLAGS=  -O2 -c" "EXTRA_COMPILER_FLAGS=-mcpu=cortex-a9 -mfpu=vfpv3 -mfloat-abi=hard -nostartfiles"
make[2]: Entering directory `/users/start2017/r0634161/Desktop/DDP/sw_package/sw_project/project_sw/hw_bsp/ps7_cortexa9_0/libsrc/scugic_v3_3/src'
Compiling scugic
make[2]: Leaving directory `/users/start2017/r0634161/Desktop/DDP/sw_package/sw_project/project_sw/hw_bsp/ps7_cortexa9_0/libsrc/scugic_v3_3/src'
Running Make libs in ps7_cortexa9_0/libsrc/axidma_v9_2/src
make -C ps7_cortexa9_0/libsrc/axidma_v9_2/src -s libs  "SHELL=/bin/sh" "COMPILER=arm-none-eabi-gcc" "ARCHIVER=arm-none-eabi-ar" "COMPILER_FLAGS=  -O2 -c" "EXTRA_COMPILER_FLAGS=-mcpu=cortex-a9 -mfpu=vfpv3 -mfloat-abi=hard -nostartfiles"
make[2]: Entering directory `/users/start2017/r0634161/Desktop/DDP/sw_package/sw_project/project_sw/hw_bsp/ps7_cortexa9_0/libsrc/axidma_v9_2/src'
Compiling axidma
make[3]: Entering directory `/users/start2017/r0634161/Desktop/DDP/sw_package/sw_project/project_sw/hw_bsp/ps7_cortexa9_0/libsrc/axidma_v9_2/src'
make[3]: Leaving directory `/users/start2017/r0634161/Desktop/DDP/sw_package/sw_project/project_sw/hw_bsp/ps7_cortexa9_0/libsrc/axidma_v9_2/src'
make[2]: Leaving directory `/users/start2017/r0634161/Desktop/DDP/sw_package/sw_project/project_sw/hw_bsp/ps7_cortexa9_0/libsrc/axidma_v9_2/src'
Running Make libs in ps7_cortexa9_0/libsrc/xadcps_v2_2/src
make -C ps7_cortexa9_0/libsrc/xadcps_v2_2/src -s libs  "SHELL=/bin/sh" "COMPILER=arm-none-eabi-gcc" "ARCHIVER=arm-none-eabi-ar" "COMPILER_FLAGS=  -O2 -c" "EXTRA_COMPILER_FLAGS=-mcpu=cortex-a9 -mfpu=vfpv3 -mfloat-abi=hard -nostartfiles"
make[2]: Entering directory `/users/start2017/r0634161/Desktop/DDP/sw_package/sw_project/project_sw/hw_bsp/ps7_cortexa9_0/libsrc/xadcps_v2_2/src'
Compiling xadcps
make[2]: Leaving directory `/users/start2017/r0634161/Desktop/DDP/sw_package/sw_project/project_sw/hw_bsp/ps7_cortexa9_0/libsrc/xadcps_v2_2/src'
Running Make libs in ps7_cortexa9_0/libsrc/devcfg_v3_4/src
make -C ps7_cortexa9_0/libsrc/devcfg_v3_4/src -s libs  "SHELL=/bin/sh" "COMPILER=arm-none-eabi-gcc" "ARCHIVER=arm-none-eabi-ar" "COMPILER_FLAGS=  -O2 -c" "EXTRA_COMPILER_FLAGS=-mcpu=cortex-a9 -mfpu=vfpv3 -mfloat-abi=hard -nostartfiles"
make[2]: Entering directory `/users/start2017/r0634161/Desktop/DDP/sw_package/sw_project/project_sw/hw_bsp/ps7_cortexa9_0/libsrc/devcfg_v3_4/src'
Compiling devcfg
make[2]: Leaving directory `/users/start2017/r0634161/Desktop/DDP/sw_package/sw_project/project_sw/hw_bsp/ps7_cortexa9_0/libsrc/devcfg_v3_4/src'
Running Make libs in ps7_cortexa9_0/libsrc/dmaps_v2_1/src
make -C ps7_cortexa9_0/libsrc/dmaps_v2_1/src -s libs  "SHELL=/bin/sh" "COMPILER=arm-none-eabi-gcc" "ARCHIVER=arm-none-eabi-ar" "COMPILER_FLAGS=  -O2 -c" "EXTRA_COMPILER_FLAGS=-mcpu=cortex-a9 -mfpu=vfpv3 -mfloat-abi=hard -nostartfiles"
make[2]: Entering directory `/users/start2017/r0634161/Desktop/DDP/sw_package/sw_project/project_sw/hw_bsp/ps7_cortexa9_0/libsrc/dmaps_v2_1/src'
Compiling dmaps
make[2]: Leaving directory `/users/start2017/r0634161/Desktop/DDP/sw_package/sw_project/project_sw/hw_bsp/ps7_cortexa9_0/libsrc/dmaps_v2_1/src'
Running Make libs in ps7_cortexa9_0/libsrc/gpiops_v3_1/src
make -C ps7_cortexa9_0/libsrc/gpiops_v3_1/src -s libs  "SHELL=/bin/sh" "COMPILER=arm-none-eabi-gcc" "ARCHIVER=arm-none-eabi-ar" "COMPILER_FLAGS=  -O2 -c" "EXTRA_COMPILER_FLAGS=-mcpu=cortex-a9 -mfpu=vfpv3 -mfloat-abi=hard -nostartfiles"
make[2]: Entering directory `/users/start2017/r0634161/Desktop/DDP/sw_package/sw_project/project_sw/hw_bsp/ps7_cortexa9_0/libsrc/gpiops_v3_1/src'
Compiling gpiops
make[2]: Leaving directory `/users/start2017/r0634161/Desktop/DDP/sw_package/sw_project/project_sw/hw_bsp/ps7_cortexa9_0/libsrc/gpiops_v3_1/src'
Running Make libs in ps7_cortexa9_0/libsrc/scuwdt_v2_1/src
make -C ps7_cortexa9_0/libsrc/scuwdt_v2_1/src -s libs  "SHELL=/bin/sh" "COMPILER=arm-none-eabi-gcc" "ARCHIVER=arm-none-eabi-ar" "COMPILER_FLAGS=  -O2 -c" "EXTRA_COMPILER_FLAGS=-mcpu=cortex-a9 -mfpu=vfpv3 -mfloat-abi=hard -nostartfiles"
make[2]: Entering directory `/users/start2017/r0634161/Desktop/DDP/sw_package/sw_project/project_sw/hw_bsp/ps7_cortexa9_0/libsrc/scuwdt_v2_1/src'
Compiling scuwdt
make[2]: Leaving directory `/users/start2017/r0634161/Desktop/DDP/sw_package/sw_project/project_sw/hw_bsp/ps7_cortexa9_0/libsrc/scuwdt_v2_1/src'
Running Make libs in ps7_cortexa9_0/libsrc/ttcps_v3_1/src
make -C ps7_cortexa9_0/libsrc/ttcps_v3_1/src -s libs  "SHELL=/bin/sh" "COMPILER=arm-none-eabi-gcc" "ARCHIVER=arm-none-eabi-ar" "COMPILER_FLAGS=  -O2 -c" "EXTRA_COMPILER_FLAGS=-mcpu=cortex-a9 -mfpu=vfpv3 -mfloat-abi=hard -nostartfiles"
make[2]: Entering directory `/users/start2017/r0634161/Desktop/DDP/sw_package/sw_project/project_sw/hw_bsp/ps7_cortexa9_0/libsrc/ttcps_v3_1/src'
Compiling ttcps
make[2]: Leaving directory `/users/start2017/r0634161/Desktop/DDP/sw_package/sw_project/project_sw/hw_bsp/ps7_cortexa9_0/libsrc/ttcps_v3_1/src'
Running Make libs in ps7_cortexa9_0/libsrc/coresightps_dcc_v1_2/src
make -C ps7_cortexa9_0/libsrc/coresightps_dcc_v1_2/src -s libs  "SHELL=/bin/sh" "COMPILER=arm-none-eabi-gcc" "ARCHIVER=arm-none-eabi-ar" "COMPILER_FLAGS=  -O2 -c" "EXTRA_COMPILER_FLAGS=-mcpu=cortex-a9 -mfpu=vfpv3 -mfloat-abi=hard -nostartfiles"
make[2]: Entering directory `/users/start2017/r0634161/Desktop/DDP/sw_package/sw_project/project_sw/hw_bsp/ps7_cortexa9_0/libsrc/coresightps_dcc_v1_2/src'
Compiling coresightps_dcc
make[2]: Leaving directory `/users/start2017/r0634161/Desktop/DDP/sw_package/sw_project/project_sw/hw_bsp/ps7_cortexa9_0/libsrc/coresightps_dcc_v1_2/src'
Running Make libs in ps7_cortexa9_0/libsrc/standalone_v5_5/src
make -C ps7_cortexa9_0/libsrc/standalone_v5_5/src -s libs  "SHELL=/bin/sh" "COMPILER=arm-none-eabi-gcc" "ARCHIVER=arm-none-eabi-ar" "COMPILER_FLAGS=  -O2 -c" "EXTRA_COMPILER_FLAGS=-mcpu=cortex-a9 -mfpu=vfpv3 -mfloat-abi=hard -nostartfiles"
make[2]: Entering directory `/users/start2017/r0634161/Desktop/DDP/sw_package/sw_project/project_sw/hw_bsp/ps7_cortexa9_0/libsrc/standalone_v5_5/src'
Compiling standalone
make[2]: Leaving directory `/users/start2017/r0634161/Desktop/DDP/sw_package/sw_project/project_sw/hw_bsp/ps7_cortexa9_0/libsrc/standalone_v5_5/src'
Running Make libs in ps7_cortexa9_0/libsrc/usbps_v2_4/src
make -C ps7_cortexa9_0/libsrc/usbps_v2_4/src -s libs  "SHELL=/bin/sh" "COMPILER=arm-none-eabi-gcc" "ARCHIVER=arm-none-eabi-ar" "COMPILER_FLAGS=  -O2 -c" "EXTRA_COMPILER_FLAGS=-mcpu=cortex-a9 -mfpu=vfpv3 -mfloat-abi=hard -nostartfiles"
make[2]: Entering directory `/users/start2017/r0634161/Desktop/DDP/sw_package/sw_project/project_sw/hw_bsp/ps7_cortexa9_0/libsrc/usbps_v2_4/src'
Compiling usbps
make[2]: Leaving directory `/users/start2017/r0634161/Desktop/DDP/sw_package/sw_project/project_sw/hw_bsp/ps7_cortexa9_0/libsrc/usbps_v2_4/src'
Running Make libs in ps7_cortexa9_0/libsrc/scutimer_v2_1/src
make -C ps7_cortexa9_0/libsrc/scutimer_v2_1/src -s libs  "SHELL=/bin/sh" "COMPILER=arm-none-eabi-gcc" "ARCHIVER=arm-none-eabi-ar" "COMPILER_FLAGS=  -O2 -c" "EXTRA_COMPILER_FLAGS=-mcpu=cortex-a9 -mfpu=vfpv3 -mfloat-abi=hard -nostartfiles"
make[2]: Entering directory `/users/start2017/r0634161/Desktop/DDP/sw_package/sw_project/project_sw/hw_bsp/ps7_cortexa9_0/libsrc/scutimer_v2_1/src'
Compiling scutimer
make[2]: Leaving directory `/users/start2017/r0634161/Desktop/DDP/sw_package/sw_project/project_sw/hw_bsp/ps7_cortexa9_0/libsrc/scutimer_v2_1/src'
Finished building libraries
make[1]: Leaving directory `/users/start2017/r0634161/Desktop/DDP/sw_package/sw_project/project_sw/hw_bsp'
16:50:17 **** Build of configuration Debug for project sw_design ****
make pre-build main-build 
make[1]: Entering directory `/users/start2017/r0634161/Desktop/DDP/sw_package/sw_project/project_sw/sw_design/Debug'
a9-linaro-pre-build-step
 
Building file: ../src/platform/platform.c
Invoking: ARM v7 gcc compiler
arm-none-eabi-gcc -Wall -O0 -g3 -c -fmessage-length=0 -MT"src/platform/platform.o" -mcpu=cortex-a9 -mfpu=vfpv3 -mfloat-abi=hard -I../../hw_bsp/ps7_cortexa9_0/include -MMD -MP -MF"src/platform/platform.d" -MT"src/platform/platform.o" -o "src/platform/platform.o" "../src/platform/platform.c"
Finished building: ../src/platform/platform.c
 
Building file: ../src/asm_func.S
Invoking: ARM v7 gcc compiler
arm-none-eabi-gcc -Wall -O0 -g3 -c -fmessage-length=0 -MT"src/asm_func.o" -mcpu=cortex-a9 -mfpu=vfpv3 -mfloat-abi=hard -I../../hw_bsp/ps7_cortexa9_0/include -MMD -MP -MF"src/asm_func.d" -MT"src/asm_func.o" -o "src/asm_func.o" "../src/asm_func.S"
Finished building: ../src/asm_func.S
 
Building file: ../src/main.c
Invoking: ARM v7 gcc compiler
arm-none-eabi-gcc -Wall -O0 -g3 -c -fmessage-length=0 -MT"src/main.o" -mcpu=cortex-a9 -mfpu=vfpv3 -mfloat-abi=hard -I../../hw_bsp/ps7_cortexa9_0/include -MMD -MP -MF"src/main.d" -MT"src/main.o" -o "src/main.o" "../src/main.c"
Finished building: ../src/main.c
 
Building file: ../src/montgomery.c
Invoking: ARM v7 gcc compiler
arm-none-eabi-gcc -Wall -O0 -g3 -c -fmessage-length=0 -MT"src/montgomery.o" -mcpu=cortex-a9 -mfpu=vfpv3 -mfloat-abi=hard -I../../hw_bsp/ps7_cortexa9_0/include -MMD -MP -MF"src/montgomery.d" -MT"src/montgomery.o" -o "src/montgomery.o" "../src/montgomery.c"
Finished building: ../src/montgomery.c
 
Building file: ../src/mp_arith.c
Invoking: ARM v7 gcc compiler
arm-none-eabi-gcc -Wall -O0 -g3 -c -fmessage-length=0 -MT"src/mp_arith.o" -mcpu=cortex-a9 -mfpu=vfpv3 -mfloat-abi=hard -I../../hw_bsp/ps7_cortexa9_0/include -MMD -MP -MF"src/mp_arith.d" -MT"src/mp_arith.o" -o "src/mp_arith.o" "../src/mp_arith.c"
Finished building: ../src/mp_arith.c
 
Building target: sw_design.elf
Invoking: ARM v7 gcc linker
arm-none-eabi-gcc -mcpu=cortex-a9 -mfpu=vfpv3 -mfloat-abi=hard -Wl,-build-id=none -specs=Xilinx.spec -Wl,-T -Wl,../src/lscript.ld -L../../hw_bsp/ps7_cortexa9_0/lib -o "sw_design.elf"  ./src/platform/platform.o  ./src/asm_func.o ./src/main.o ./src/montgomery.o ./src/mp_arith.o   -Wl,--start-group,-lxil,-lgcc,-lc,--end-group
Finished building target: sw_design.elf
 
Invoking: ARM v7 Print Size
arm-none-eabi-size sw_design.elf  |tee "sw_design.elf.size"
   text	   data	    bss	    dec	    hex	filename
  25796	   1152	  22580	  49528	   c178	sw_design.elf
Finished building: sw_design.elf.size
 
make[1]: Leaving directory `/users/start2017/r0634161/Desktop/DDP/sw_package/sw_project/project_sw/sw_design/Debug'
16:50:22 **** Incremental Build of configuration Debug for project sw_design ****
make pre-build main-build 
make[1]: Entering directory `/users/start2017/r0634161/Desktop/DDP/sw_package/sw_project/project_sw/sw_design/Debug'
a9-linaro-pre-build-step
 
make[1]: Nothing to be done for `main-build'.
make[1]: Leaving directory `/users/start2017/r0634161/Desktop/DDP/sw_package/sw_project/project_sw/sw_design/Debug'
16:50:41 **** Incremental Build of configuration Debug for project sw_design ****
make pre-build main-build 
make[1]: Entering directory `/users/start2017/r0634161/Desktop/DDP/sw_package/sw_project/project_sw/sw_design/Debug'
a9-linaro-pre-build-step
 
make[1]: Nothing to be done for `main-build'.
make[1]: Leaving directory `/users/start2017/r0634161/Desktop/DDP/sw_package/sw_project/project_sw/sw_design/Debug'
16:51:08 **** Incremental Build of configuration Debug for project sw_design ****
make pre-build main-build 
make[1]: Entering directory `/users/start2017/r0634161/Desktop/DDP/sw_package/sw_project/project_sw/sw_design/Debug'
a9-linaro-pre-build-step
 
make[1]: Nothing to be done for `main-build'.
make[1]: Leaving directory `/users/start2017/r0634161/Desktop/DDP/sw_package/sw_project/project_sw/sw_design/Debug'
16:51:15 **** Incremental Build of configuration Debug for project sw_design ****
make pre-build main-build 
make[1]: Entering directory `/users/start2017/r0634161/Desktop/DDP/sw_package/sw_project/project_sw/sw_design/Debug'
a9-linaro-pre-build-step
 
make[1]: Nothing to be done for `main-build'.
make[1]: Leaving directory `/users/start2017/r0634161/Desktop/DDP/sw_package/sw_project/project_sw/sw_design/Debug'
16:51:19 **** Incremental Build of configuration Debug for project sw_design ****
make pre-build main-build 
make[1]: Entering directory `/users/start2017/r0634161/Desktop/DDP/sw_package/sw_project/project_sw/sw_design/Debug'
a9-linaro-pre-build-step
 
make[1]: Nothing to be done for `main-build'.
make[1]: Leaving directory `/users/start2017/r0634161/Desktop/DDP/sw_package/sw_project/project_sw/sw_design/Debug'
16:51:33 **** Incremental Build of configuration Debug for project sw_design ****
make pre-build main-build 
make[1]: Entering directory `/users/start2017/r0634161/Desktop/DDP/sw_package/sw_project/project_sw/sw_design/Debug'
a9-linaro-pre-build-step
 
make[1]: Nothing to be done for `main-build'.
make[1]: Leaving directory `/users/start2017/r0634161/Desktop/DDP/sw_package/sw_project/project_sw/sw_design/Debug'
17:07:26 **** Incremental Build of configuration Debug for project sw_design ****
make pre-build main-build 
make[1]: Entering directory `/users/start2017/r0634161/Desktop/DDP/sw_package/sw_project/project_sw/sw_design/Debug'
a9-linaro-pre-build-step
 
Building file: ../src/mp_arith.c
Invoking: ARM v7 gcc compiler
arm-none-eabi-gcc -Wall -O0 -g3 -c -fmessage-length=0 -MT"src/mp_arith.o" -mcpu=cortex-a9 -mfpu=vfpv3 -mfloat-abi=hard -I../../hw_bsp/ps7_cortexa9_0/include -MMD -MP -MF"src/mp_arith.d" -MT"src/mp_arith.o" -o "src/mp_arith.o" "../src/mp_arith.c"
../src/mp_arith.c: In function 'mp_add':
../src/mp_arith.c:12:2: error: 'for' loop initial declarations are only allowed in C99 or C11 mode
  for (uint32_t i=0;i<size;i++) {
  ^
../src/mp_arith.c:12:2: note: use option -std=c99, -std=gnu99, -std=c11 or -std=gnu11 to compile your code
make[1]: Leaving directory `/users/start2017/r0634161/Desktop/DDP/sw_package/sw_project/project_sw/sw_design/Debug'
make[1]: *** [src/mp_arith.o] Error 1
17:08:17 **** Incremental Build of configuration Debug for project sw_design ****
make pre-build main-build 
make[1]: Entering directory `/users/start2017/r0634161/Desktop/DDP/sw_package/sw_project/project_sw/sw_design/Debug'
a9-linaro-pre-build-step
 
Building file: ../src/mp_arith.c
Invoking: ARM v7 gcc compiler
arm-none-eabi-gcc -Wall -O0 -g3 -c -fmessage-length=0 -MT"src/mp_arith.o" -mcpu=cortex-a9 -mfpu=vfpv3 -mfloat-abi=hard -I../../hw_bsp/ps7_cortexa9_0/include -MMD -MP -MF"src/mp_arith.d" -MT"src/mp_arith.o" -o "src/mp_arith.o" "../src/mp_arith.c"
../src/mp_arith.c: In function 'mp_add':
../src/mp_arith.c:12:2: error: 'for' loop initial declarations are only allowed in C99 or C11 mode
  for (uint32_t i=0;i<size;i++) {
  ^
../src/mp_arith.c:12:2: note: use option -std=c99, -std=gnu99, -std=c11 or -std=gnu11 to compile your code
make[1]: Leaving directory `/users/start2017/r0634161/Desktop/DDP/sw_package/sw_project/project_sw/sw_design/Debug'
make[1]: *** [src/mp_arith.o] Error 1
17:09:07 **** Incremental Build of configuration Debug for project sw_design ****
make pre-build main-build 
make[1]: Entering directory `/users/start2017/r0634161/Desktop/DDP/sw_package/sw_project/project_sw/sw_design/Debug'
a9-linaro-pre-build-step
 
Building file: ../src/mp_arith.c
Invoking: ARM v7 gcc compiler
arm-none-eabi-gcc -Wall -O0 -g3 -c -fmessage-length=0 -MT"src/mp_arith.o" -mcpu=cortex-a9 -mfpu=vfpv3 -mfloat-abi=hard -I../../hw_bsp/ps7_cortexa9_0/include -MMD -MP -MF"src/mp_arith.d" -MT"src/mp_arith.o" -o "src/mp_arith.o" "../src/mp_arith.c"
../src/mp_arith.c: In function 'mp_add':
../src/mp_arith.c:12:2: error: 'for' loop initial declarations are only allowed in C99 or C11 mode
  for (uint32_t i=0;i<size;i++) {
  ^
../src/mp_arith.c:12:2: note: use option -std=c99, -std=gnu99, -std=c11 or -std=gnu11 to compile your code
make[1]: *** [src/mp_arith.o] Error 1
make[1]: Leaving directory `/users/start2017/r0634161/Desktop/DDP/sw_package/sw_project/project_sw/sw_design/Debug'
17:09:37 **** Incremental Build of configuration Debug for project sw_design ****
make pre-build main-build 
make[1]: Entering directory `/users/start2017/r0634161/Desktop/DDP/sw_package/sw_project/project_sw/sw_design/Debug'
a9-linaro-pre-build-step
 
Building file: ../src/mp_arith.c
Invoking: ARM v7 gcc compiler
arm-none-eabi-gcc -Wall -O0 -g3 -c -fmessage-length=0 -MT"src/mp_arith.o" -mcpu=cortex-a9 -mfpu=vfpv3 -mfloat-abi=hard -I../../hw_bsp/ps7_cortexa9_0/include -MMD -MP -MF"src/mp_arith.d" -MT"src/mp_arith.o" -o "src/mp_arith.o" "../src/mp_arith.c"
../src/mp_arith.c: In function 'mp_add':
../src/mp_arith.c:12:2: error: 'for' loop initial declarations are only allowed in C99 or C11 mode
  for (uint32_t i=0;i<size;i++) {
  ^
../src/mp_arith.c:12:2: note: use option -std=c99, -std=gnu99, -std=c11 or -std=gnu11 to compile your code
make[1]: *** [src/mp_arith.o] Error 1
make[1]: Leaving directory `/users/start2017/r0634161/Desktop/DDP/sw_package/sw_project/project_sw/sw_design/Debug'
17:10:04 **** Incremental Build of configuration Debug for project sw_design ****
make pre-build main-build 
make[1]: Entering directory `/users/start2017/r0634161/Desktop/DDP/sw_package/sw_project/project_sw/sw_design/Debug'
a9-linaro-pre-build-step
 
Building file: ../src/mp_arith.c
Invoking: ARM v7 gcc compiler
arm-none-eabi-gcc -Wall -O0 -g3 -c -fmessage-length=0 -MT"src/mp_arith.o" -mcpu=cortex-a9 -mfpu=vfpv3 -mfloat-abi=hard -I../../hw_bsp/ps7_cortexa9_0/include -MMD -MP -MF"src/mp_arith.d" -MT"src/mp_arith.o" -o "src/mp_arith.o" "../src/mp_arith.c"
Finished building: ../src/mp_arith.c
 
Building target: sw_design.elf
Invoking: ARM v7 gcc linker
arm-none-eabi-gcc -mcpu=cortex-a9 -mfpu=vfpv3 -mfloat-abi=hard -Wl,-build-id=none -specs=Xilinx.spec -Wl,-T -Wl,../src/lscript.ld -L../../hw_bsp/ps7_cortexa9_0/lib -o "sw_design.elf"  ./src/platform/platform.o  ./src/asm_func.o ./src/main.o ./src/montgomery.o ./src/mp_arith.o   -Wl,--start-group,-lxil,-lgcc,-lc,--end-group
Finished building target: sw_design.elf
 
Invoking: ARM v7 Print Size
arm-none-eabi-size sw_design.elf  |tee "sw_design.elf.size"
   text	   data	    bss	    dec	    hex	filename
  26052	   1152	  22580	  49784	   c278	sw_design.elf
Finished building: sw_design.elf.size
 
make[1]: Leaving directory `/users/start2017/r0634161/Desktop/DDP/sw_package/sw_project/project_sw/sw_design/Debug'
17:10:25 **** Incremental Build of configuration Debug for project sw_design ****
make pre-build main-build 
make[1]: Entering directory `/users/start2017/r0634161/Desktop/DDP/sw_package/sw_project/project_sw/sw_design/Debug'
a9-linaro-pre-build-step
 
Building file: ../src/mp_arith.c
Invoking: ARM v7 gcc compiler
arm-none-eabi-gcc -Wall -O0 -g3 -c -fmessage-length=0 -MT"src/mp_arith.o" -mcpu=cortex-a9 -mfpu=vfpv3 -mfloat-abi=hard -I../../hw_bsp/ps7_cortexa9_0/include -MMD -MP -MF"src/mp_arith.d" -MT"src/mp_arith.o" -o "src/mp_arith.o" "../src/mp_arith.c"
Finished building: ../src/mp_arith.c
 
Building target: sw_design.elf
Invoking: ARM v7 gcc linker
arm-none-eabi-gcc -mcpu=cortex-a9 -mfpu=vfpv3 -mfloat-abi=hard -Wl,-build-id=none -specs=Xilinx.spec -Wl,-T -Wl,../src/lscript.ld -L../../hw_bsp/ps7_cortexa9_0/lib -o "sw_design.elf"  ./src/platform/platform.o  ./src/asm_func.o ./src/main.o ./src/montgomery.o ./src/mp_arith.o   -Wl,--start-group,-lxil,-lgcc,-lc,--end-group
Finished building target: sw_design.elf
 
Invoking: ARM v7 Print Size
arm-none-eabi-size sw_design.elf  |tee "sw_design.elf.size"
   text	   data	    bss	    dec	    hex	filename
  26052	   1152	  22580	  49784	   c278	sw_design.elf
Finished building: sw_design.elf.size
 
make[1]: Leaving directory `/users/start2017/r0634161/Desktop/DDP/sw_package/sw_project/project_sw/sw_design/Debug'
17:13:24 **** Incremental Build of configuration Debug for project sw_design ****
make pre-build main-build 
make[1]: Entering directory `/users/start2017/r0634161/Desktop/DDP/sw_package/sw_project/project_sw/sw_design/Debug'
a9-linaro-pre-build-step
 
Building file: ../src/main.c
Invoking: ARM v7 gcc compiler
arm-none-eabi-gcc -Wall -O0 -g3 -c -fmessage-length=0 -MT"src/main.o" -mcpu=cortex-a9 -mfpu=vfpv3 -mfloat-abi=hard -I../../hw_bsp/ps7_cortexa9_0/include -MMD -MP -MF"src/main.d" -MT"src/main.o" -o "src/main.o" "../src/main.c"
../src/main.c: In function 'main':
../src/main.c:24:14: warning: unused variable 'N' [-Wunused-variable]
     uint32_t N[32] = {0x4aeeb107, 0x5d78aa98, 0x6c55dd05, 0x6f5326c9, 0xf93f738c, 0xc10fa093, 0x20478120, 0x099d6d70, 0x833d9b82, 0x1248f3ed, 0xa43ed737, 0xc1c1da45, 0x9f23e5c7, 0xb17c3598, 0xe8938df6, 0x7ae59036, 0x9f84d87b, 0xc8710dc6, 0x249ee0f8, 0x46eeae2f, 0x66a3bb9b, 0xfeef4c6b, 0xc7b55eae, 0x7951dd0c, 0x0b4391e8, 0x141ad586, 0x1a568588, 0x908293dd, 0x472c0bea, 0x8d00abfe, 0xed17377f, 0x83a01efe};
              ^
Finished building: ../src/main.c
 
Building target: sw_design.elf
Invoking: ARM v7 gcc linker
arm-none-eabi-gcc -mcpu=cortex-a9 -mfpu=vfpv3 -mfloat-abi=hard -Wl,-build-id=none -specs=Xilinx.spec -Wl,-T -Wl,../src/lscript.ld -L../../hw_bsp/ps7_cortexa9_0/lib -o "sw_design.elf"  ./src/platform/platform.o  ./src/asm_func.o ./src/main.o ./src/montgomery.o ./src/mp_arith.o   -Wl,--start-group,-lxil,-lgcc,-lc,--end-group
Finished building target: sw_design.elf
 
Invoking: ARM v7 Print Size
arm-none-eabi-size sw_design.elf  |tee "sw_design.elf.size"
   text	   data	    bss	    dec	    hex	filename
  28020	   1152	  22580	  51752	   ca28	sw_design.elf
Finished building: sw_design.elf.size
 
make[1]: Leaving directory `/users/start2017/r0634161/Desktop/DDP/sw_package/sw_project/project_sw/sw_design/Debug'
17:13:31 **** Incremental Build of configuration Debug for project sw_design ****
make pre-build main-build 
make[1]: Entering directory `/users/start2017/r0634161/Desktop/DDP/sw_package/sw_project/project_sw/sw_design/Debug'
a9-linaro-pre-build-step
 
make[1]: Nothing to be done for `main-build'.
make[1]: Leaving directory `/users/start2017/r0634161/Desktop/DDP/sw_package/sw_project/project_sw/sw_design/Debug'
17:15:35 **** Incremental Build of configuration Debug for project sw_design ****
make pre-build main-build 
make[1]: Entering directory `/users/start2017/r0634161/Desktop/DDP/sw_package/sw_project/project_sw/sw_design/Debug'
a9-linaro-pre-build-step
 
make[1]: Nothing to be done for `main-build'.
make[1]: Leaving directory `/users/start2017/r0634161/Desktop/DDP/sw_package/sw_project/project_sw/sw_design/Debug'
17:17:33 **** Incremental Build of configuration Debug for project sw_design ****
make pre-build main-build 
make[1]: Entering directory `/users/start2017/r0634161/Desktop/DDP/sw_package/sw_project/project_sw/sw_design/Debug'
a9-linaro-pre-build-step
 
make[1]: Nothing to be done for `main-build'.
make[1]: Leaving directory `/users/start2017/r0634161/Desktop/DDP/sw_package/sw_project/project_sw/sw_design/Debug'
17:22:06 **** Incremental Build of configuration Debug for project sw_design ****
make pre-build main-build 
make[1]: Entering directory `/users/start2017/r0634161/Desktop/DDP/sw_package/sw_project/project_sw/sw_design/Debug'
a9-linaro-pre-build-step
 
Building file: ../src/mp_arith.c
Invoking: ARM v7 gcc compiler
arm-none-eabi-gcc -Wall -O0 -g3 -c -fmessage-length=0 -MT"src/mp_arith.o" -mcpu=cortex-a9 -mfpu=vfpv3 -mfloat-abi=hard -I../../hw_bsp/ps7_cortexa9_0/include -MMD -MP -MF"src/mp_arith.d" -MT"src/mp_arith.o" -o "src/mp_arith.o" "../src/mp_arith.c"
Finished building: ../src/mp_arith.c
 
Building target: sw_design.elf
Invoking: ARM v7 gcc linker
arm-none-eabi-gcc -mcpu=cortex-a9 -mfpu=vfpv3 -mfloat-abi=hard -Wl,-build-id=none -specs=Xilinx.spec -Wl,-T -Wl,../src/lscript.ld -L../../hw_bsp/ps7_cortexa9_0/lib -o "sw_design.elf"  ./src/platform/platform.o  ./src/asm_func.o ./src/main.o ./src/montgomery.o ./src/mp_arith.o   -Wl,--start-group,-lxil,-lgcc,-lc,--end-group
Finished building target: sw_design.elf
 
Invoking: ARM v7 Print Size
arm-none-eabi-size sw_design.elf  |tee "sw_design.elf.size"
   text	   data	    bss	    dec	    hex	filename
  28084	   1152	  22580	  51816	   ca68	sw_design.elf
Finished building: sw_design.elf.size
 
make[1]: Leaving directory `/users/start2017/r0634161/Desktop/DDP/sw_package/sw_project/project_sw/sw_design/Debug'
17:22:08 **** Incremental Build of configuration Debug for project sw_design ****
make pre-build main-build 
make[1]: Entering directory `/users/start2017/r0634161/Desktop/DDP/sw_package/sw_project/project_sw/sw_design/Debug'
a9-linaro-pre-build-step
 
make[1]: Nothing to be done for `main-build'.
make[1]: Leaving directory `/users/start2017/r0634161/Desktop/DDP/sw_package/sw_project/project_sw/sw_design/Debug'
17:25:06 **** Incremental Build of configuration Debug for project sw_design ****
make pre-build main-build 
make[1]: Entering directory `/users/start2017/r0634161/Desktop/DDP/sw_package/sw_project/project_sw/sw_design/Debug'
a9-linaro-pre-build-step
 
Building file: ../src/main.c
Invoking: ARM v7 gcc compiler
arm-none-eabi-gcc -Wall -O0 -g3 -c -fmessage-length=0 -MT"src/main.o" -mcpu=cortex-a9 -mfpu=vfpv3 -mfloat-abi=hard -I../../hw_bsp/ps7_cortexa9_0/include -MMD -MP -MF"src/main.d" -MT"src/main.o" -o "src/main.o" "../src/main.c"
../src/main.c: In function 'main':
../src/main.c:30:16: error: 'res' undeclared (first use in this function)
   mp_add(a, b, res, 32);
                ^
../src/main.c:30:16: note: each undeclared identifier is reported only once for each function it appears in
../src/main.c:26:15: warning: variable 'result' set but not used [-Wunused-but-set-variable]
     uint32_t* result;
               ^
../src/main.c:24:14: warning: unused variable 'N' [-Wunused-variable]
     uint32_t N[32] = {0x4aeeb107, 0x5d78aa98, 0x6c55dd05, 0x6f5326c9, 0xf93f738c, 0xc10fa093, 0x20478120, 0x099d6d70, 0x833d9b82, 0x1248f3ed, 0xa43ed737, 0xc1c1da45, 0x9f23e5c7, 0xb17c3598, 0xe8938df6, 0x7ae59036, 0x9f84d87b, 0xc8710dc6, 0x249ee0f8, 0x46eeae2f, 0x66a3bb9b, 0xfeef4c6b, 0xc7b55eae, 0x7951dd0c, 0x0b4391e8, 0x141ad586, 0x1a568588, 0x908293dd, 0x472c0bea, 0x8d00abfe, 0xed17377f, 0x83a01efe};
              ^
make[1]: *** [src/main.o] Error 1
make[1]: Leaving directory `/users/start2017/r0634161/Desktop/DDP/sw_package/sw_project/project_sw/sw_design/Debug'
17:25:21 **** Incremental Build of configuration Debug for project sw_design ****
make pre-build main-build 
make[1]: Entering directory `/users/start2017/r0634161/Desktop/DDP/sw_package/sw_project/project_sw/sw_design/Debug'
a9-linaro-pre-build-step
 
Building file: ../src/main.c
Invoking: ARM v7 gcc compiler
arm-none-eabi-gcc -Wall -O0 -g3 -c -fmessage-length=0 -MT"src/main.o" -mcpu=cortex-a9 -mfpu=vfpv3 -mfloat-abi=hard -I../../hw_bsp/ps7_cortexa9_0/include -MMD -MP -MF"src/main.d" -MT"src/main.o" -o "src/main.o" "../src/main.c"
../src/main.c: In function 'main':
../src/main.c:24:14: warning: unused variable 'N' [-Wunused-variable]
     uint32_t N[32] = {0x4aeeb107, 0x5d78aa98, 0x6c55dd05, 0x6f5326c9, 0xf93f738c, 0xc10fa093, 0x20478120, 0x099d6d70, 0x833d9b82, 0x1248f3ed, 0xa43ed737, 0xc1c1da45, 0x9f23e5c7, 0xb17c3598, 0xe8938df6, 0x7ae59036, 0x9f84d87b, 0xc8710dc6, 0x249ee0f8, 0x46eeae2f, 0x66a3bb9b, 0xfeef4c6b, 0xc7b55eae, 0x7951dd0c, 0x0b4391e8, 0x141ad586, 0x1a568588, 0x908293dd, 0x472c0bea, 0x8d00abfe, 0xed17377f, 0x83a01efe};
              ^
Finished building: ../src/main.c
 
Building target: sw_design.elf
Invoking: ARM v7 gcc linker
arm-none-eabi-gcc -mcpu=cortex-a9 -mfpu=vfpv3 -mfloat-abi=hard -Wl,-build-id=none -specs=Xilinx.spec -Wl,-T -Wl,../src/lscript.ld -L../../hw_bsp/ps7_cortexa9_0/lib -o "sw_design.elf"  ./src/platform/platform.o  ./src/asm_func.o ./src/main.o ./src/montgomery.o ./src/mp_arith.o   -Wl,--start-group,-lxil,-lgcc,-lc,--end-group
Finished building target: sw_design.elf
 
Invoking: ARM v7 Print Size
arm-none-eabi-size sw_design.elf  |tee "sw_design.elf.size"
   text	   data	    bss	    dec	    hex	filename
  31352	   2192	  22644	  56188	   db7c	sw_design.elf
Finished building: sw_design.elf.size
 
make[1]: Leaving directory `/users/start2017/r0634161/Desktop/DDP/sw_package/sw_project/project_sw/sw_design/Debug'
17:25:24 **** Incremental Build of configuration Debug for project sw_design ****
make pre-build main-build 
make[1]: Entering directory `/users/start2017/r0634161/Desktop/DDP/sw_package/sw_project/project_sw/sw_design/Debug'
a9-linaro-pre-build-step
 
make[1]: Nothing to be done for `main-build'.
make[1]: Leaving directory `/users/start2017/r0634161/Desktop/DDP/sw_package/sw_project/project_sw/sw_design/Debug'
17:25:39 **** Incremental Build of configuration Debug for project sw_design ****
make pre-build main-build 
make[1]: Entering directory `/users/start2017/r0634161/Desktop/DDP/sw_package/sw_project/project_sw/sw_design/Debug'
a9-linaro-pre-build-step
 
make[1]: Nothing to be done for `main-build'.
make[1]: Leaving directory `/users/start2017/r0634161/Desktop/DDP/sw_package/sw_project/project_sw/sw_design/Debug'
17:29:36 **** Incremental Build of configuration Debug for project sw_design ****
make pre-build main-build 
make[1]: Entering directory `/users/start2017/r0634161/Desktop/DDP/sw_package/sw_project/project_sw/sw_design/Debug'
a9-linaro-pre-build-step
 
make[1]: Nothing to be done for `main-build'.
make[1]: Leaving directory `/users/start2017/r0634161/Desktop/DDP/sw_package/sw_project/project_sw/sw_design/Debug'
17:34:09 **** Incremental Build of configuration Debug for project sw_design ****
make pre-build main-build 
make[1]: Entering directory `/users/start2017/r0634161/Desktop/DDP/sw_package/sw_project/project_sw/sw_design/Debug'
a9-linaro-pre-build-step
 
make[1]: Nothing to be done for `main-build'.
make[1]: Leaving directory `/users/start2017/r0634161/Desktop/DDP/sw_package/sw_project/project_sw/sw_design/Debug'
17:34:42 **** Incremental Build of configuration Debug for project sw_design ****
make pre-build main-build 
make[1]: Entering directory `/users/start2017/r0634161/Desktop/DDP/sw_package/sw_project/project_sw/sw_design/Debug'
a9-linaro-pre-build-step
 
make[1]: Nothing to be done for `main-build'.
make[1]: Leaving directory `/users/start2017/r0634161/Desktop/DDP/sw_package/sw_project/project_sw/sw_design/Debug'
17:41:28 **** Incremental Build of configuration Debug for project sw_design ****
make pre-build main-build 
make[1]: Entering directory `/users/start2017/r0634161/Desktop/DDP/sw_package/sw_project/project_sw/sw_design/Debug'
a9-linaro-pre-build-step
 
make[1]: Nothing to be done for `main-build'.
make[1]: Leaving directory `/users/start2017/r0634161/Desktop/DDP/sw_package/sw_project/project_sw/sw_design/Debug'
17:41:41 **** Incremental Build of configuration Debug for project sw_design ****
make pre-build main-build 
make[1]: Entering directory `/users/start2017/r0634161/Desktop/DDP/sw_package/sw_project/project_sw/sw_design/Debug'
a9-linaro-pre-build-step
 
make[1]: Nothing to be done for `main-build'.
make[1]: Leaving directory `/users/start2017/r0634161/Desktop/DDP/sw_package/sw_project/project_sw/sw_design/Debug'
17:44:41 **** Incremental Build of configuration Debug for project sw_design ****
make pre-build main-build 
make[1]: Entering directory `/users/start2017/r0634161/Desktop/DDP/sw_package/sw_project/project_sw/sw_design/Debug'
a9-linaro-pre-build-step
 
Building file: ../src/main.c
Invoking: ARM v7 gcc compiler
arm-none-eabi-gcc -Wall -O0 -g3 -c -fmessage-length=0 -MT"src/main.o" -mcpu=cortex-a9 -mfpu=vfpv3 -mfloat-abi=hard -I../../hw_bsp/ps7_cortexa9_0/include -MMD -MP -MF"src/main.d" -MT"src/main.o" -o "src/main.o" "../src/main.c"
../src/main.c: In function 'main':
../src/main.c:24:14: warning: unused variable 'N' [-Wunused-variable]
     uint32_t N[32] = {0x4aeeb107, 0x5d78aa98, 0x6c55dd05, 0x6f5326c9, 0xf93f738c, 0xc10fa093, 0x20478120, 0x099d6d70, 0x833d9b82, 0x1248f3ed, 0xa43ed737, 0xc1c1da45, 0x9f23e5c7, 0xb17c3598, 0xe8938df6, 0x7ae59036, 0x9f84d87b, 0xc8710dc6, 0x249ee0f8, 0x46eeae2f, 0x66a3bb9b, 0xfeef4c6b, 0xc7b55eae, 0x7951dd0c, 0x0b4391e8, 0x141ad586, 0x1a568588, 0x908293dd, 0x472c0bea, 0x8d00abfe, 0xed17377f, 0x83a01efe};
              ^
Finished building: ../src/main.c
 
Building target: sw_design.elf
Invoking: ARM v7 gcc linker
arm-none-eabi-gcc -mcpu=cortex-a9 -mfpu=vfpv3 -mfloat-abi=hard -Wl,-build-id=none -specs=Xilinx.spec -Wl,-T -Wl,../src/lscript.ld -L../../hw_bsp/ps7_cortexa9_0/lib -o "sw_design.elf"  ./src/platform/platform.o  ./src/asm_func.o ./src/main.o ./src/montgomery.o ./src/mp_arith.o   -Wl,--start-group,-lxil,-lgcc,-lc,--end-group
Finished building target: sw_design.elf
 
Invoking: ARM v7 Print Size
arm-none-eabi-size sw_design.elf  |tee "sw_design.elf.size"
   text	   data	    bss	    dec	    hex	filename
  28084	   1152	  22580	  51816	   ca68	sw_design.elf
Finished building: sw_design.elf.size
 
make[1]: Leaving directory `/users/start2017/r0634161/Desktop/DDP/sw_package/sw_project/project_sw/sw_design/Debug'
17:48:36 **** Incremental Build of configuration Debug for project sw_design ****
make pre-build main-build 
make[1]: Entering directory `/users/start2017/r0634161/Desktop/DDP/sw_package/sw_project/project_sw/sw_design/Debug'
a9-linaro-pre-build-step
 
Building file: ../src/main.c
Invoking: ARM v7 gcc compiler
arm-none-eabi-gcc -Wall -O0 -g3 -c -fmessage-length=0 -MT"src/main.o" -mcpu=cortex-a9 -mfpu=vfpv3 -mfloat-abi=hard -I../../hw_bsp/ps7_cortexa9_0/include -MMD -MP -MF"src/main.d" -MT"src/main.o" -o "src/main.o" "../src/main.c"
../src/main.c: In function 'main':
../src/main.c:24:14: warning: unused variable 'N' [-Wunused-variable]
     uint32_t N[32] = {0x4aeeb107, 0x5d78aa98, 0x6c55dd05, 0x6f5326c9, 0xf93f738c, 0xc10fa093, 0x20478120, 0x099d6d70, 0x833d9b82, 0x1248f3ed, 0xa43ed737, 0xc1c1da45, 0x9f23e5c7, 0xb17c3598, 0xe8938df6, 0x7ae59036, 0x9f84d87b, 0xc8710dc6, 0x249ee0f8, 0x46eeae2f, 0x66a3bb9b, 0xfeef4c6b, 0xc7b55eae, 0x7951dd0c, 0x0b4391e8, 0x141ad586, 0x1a568588, 0x908293dd, 0x472c0bea, 0x8d00abfe, 0xed17377f, 0x83a01efe};
              ^
Finished building: ../src/main.c
 
Building target: sw_design.elf
Invoking: ARM v7 gcc linker
arm-none-eabi-gcc -mcpu=cortex-a9 -mfpu=vfpv3 -mfloat-abi=hard -Wl,-build-id=none -specs=Xilinx.spec -Wl,-T -Wl,../src/lscript.ld -L../../hw_bsp/ps7_cortexa9_0/lib -o "sw_design.elf"  ./src/platform/platform.o  ./src/asm_func.o ./src/main.o ./src/montgomery.o ./src/mp_arith.o   -Wl,--start-group,-lxil,-lgcc,-lc,--end-group
Finished building target: sw_design.elf
 
Invoking: ARM v7 Print Size
arm-none-eabi-size sw_design.elf  |tee "sw_design.elf.size"
   text	   data	    bss	    dec	    hex	filename
  28156	   1152	  22580	  51888	   cab0	sw_design.elf
Finished building: sw_design.elf.size
 
make[1]: Leaving directory `/users/start2017/r0634161/Desktop/DDP/sw_package/sw_project/project_sw/sw_design/Debug'
17:48:44 **** Incremental Build of configuration Debug for project sw_design ****
make pre-build main-build 
make[1]: Entering directory `/users/start2017/r0634161/Desktop/DDP/sw_package/sw_project/project_sw/sw_design/Debug'
a9-linaro-pre-build-step
 
make[1]: Nothing to be done for `main-build'.
make[1]: Leaving directory `/users/start2017/r0634161/Desktop/DDP/sw_package/sw_project/project_sw/sw_design/Debug'
17:49:12 **** Incremental Build of configuration Debug for project sw_design ****
make pre-build main-build 
make[1]: Entering directory `/users/start2017/r0634161/Desktop/DDP/sw_package/sw_project/project_sw/sw_design/Debug'
a9-linaro-pre-build-step
 
make[1]: Nothing to be done for `main-build'.
make[1]: Leaving directory `/users/start2017/r0634161/Desktop/DDP/sw_package/sw_project/project_sw/sw_design/Debug'
17:51:57 **** Incremental Build of configuration Debug for project sw_design ****
make pre-build main-build 
make[1]: Entering directory `/users/start2017/r0634161/Desktop/DDP/sw_package/sw_project/project_sw/sw_design/Debug'
a9-linaro-pre-build-step
 
Building file: ../src/main.c
Invoking: ARM v7 gcc compiler
arm-none-eabi-gcc -Wall -O0 -g3 -c -fmessage-length=0 -MT"src/main.o" -mcpu=cortex-a9 -mfpu=vfpv3 -mfloat-abi=hard -I../../hw_bsp/ps7_cortexa9_0/include -MMD -MP -MF"src/main.d" -MT"src/main.o" -o "src/main.o" "../src/main.c"
../src/main.c: In function 'main':
../src/main.c:24:14: warning: unused variable 'N' [-Wunused-variable]
     uint32_t N[32] = {0x4aeeb107, 0x5d78aa98, 0x6c55dd05, 0x6f5326c9, 0xf93f738c, 0xc10fa093, 0x20478120, 0x099d6d70, 0x833d9b82, 0x1248f3ed, 0xa43ed737, 0xc1c1da45, 0x9f23e5c7, 0xb17c3598, 0xe8938df6, 0x7ae59036, 0x9f84d87b, 0xc8710dc6, 0x249ee0f8, 0x46eeae2f, 0x66a3bb9b, 0xfeef4c6b, 0xc7b55eae, 0x7951dd0c, 0x0b4391e8, 0x141ad586, 0x1a568588, 0x908293dd, 0x472c0bea, 0x8d00abfe, 0xed17377f, 0x83a01efe};
              ^
../src/main.c:23:14: warning: unused variable 'b' [-Wunused-variable]
     uint32_t b[32] = {0xfeb1b9f4, 0xe91d3bec, 0xfb09354d, 0x07f21d6d, 0x9ece9e1b, 0x18def18b, 0x4119e1e9, 0x55c85f24, 0x60ef0e23, 0x10e8ab54, 0x1e95cdcc, 0x4373912f, 0x6f42204d, 0x7126650d, 0xb61c1c8d, 0x98af9011, 0xa42c03b4, 0xd29e0870, 0x7923cb60, 0xdf87cfe5, 0xde4fffa0, 0x3ce537ca, 0x201040c6, 0x6e54b058, 0x814c53dc, 0xf16243f0, 0x57decf64, 0x8d0d4f37, 0x9b6d93e5, 0x45396d71, 0x615213c4, 0x65f89f9f};
              ^
../src/main.c:22:14: warning: unused variable 'a' [-Wunused-variable]
     uint32_t a[32] = {0xf484e847, 0x4ae251f1, 0xedfa617d, 0x58ab6bf4, 0x46bf4848, 0xf67c1061, 0x8811c17a, 0x578fde16, 0x493ee595, 0x1eafc4c3, 0xc4f11a2e, 0x8cb6fba7, 0x724c03a4, 0x2e6c1dbd, 0x57ebc43d, 0x3e6ee260, 0x4089c050, 0xf0384e03, 0x7357f72c, 0x87acb658, 0x7ea2490e, 0x61069112, 0x42e3f8b9, 0x9e778cef, 0x5cdf77c7, 0x10bce41c, 0x1121beec, 0x3db59a36, 0xc34620c5, 0xc6b030ae, 0xe8fc5934, 0x63a0a0cb};
              ^
Finished building: ../src/main.c
 
Building file: ../src/mp_arith.c
Invoking: ARM v7 gcc compiler
arm-none-eabi-gcc -Wall -O0 -g3 -c -fmessage-length=0 -MT"src/mp_arith.o" -mcpu=cortex-a9 -mfpu=vfpv3 -mfloat-abi=hard -I../../hw_bsp/ps7_cortexa9_0/include -MMD -MP -MF"src/mp_arith.d" -MT"src/mp_arith.o" -o "src/mp_arith.o" "../src/mp_arith.c"
Finished building: ../src/mp_arith.c
 
Building target: sw_design.elf
Invoking: ARM v7 gcc linker
arm-none-eabi-gcc -mcpu=cortex-a9 -mfpu=vfpv3 -mfloat-abi=hard -Wl,-build-id=none -specs=Xilinx.spec -Wl,-T -Wl,../src/lscript.ld -L../../hw_bsp/ps7_cortexa9_0/lib -o "sw_design.elf"  ./src/platform/platform.o  ./src/asm_func.o ./src/main.o ./src/montgomery.o ./src/mp_arith.o   -Wl,--start-group,-lxil,-lgcc,-lc,--end-group
Finished building target: sw_design.elf
 
Invoking: ARM v7 Print Size
arm-none-eabi-size sw_design.elf  |tee "sw_design.elf.size"
   text	   data	    bss	    dec	    hex	filename
  28092	   1152	  22580	  51824	   ca70	sw_design.elf
Finished building: sw_design.elf.size
 
make[1]: Leaving directory `/users/start2017/r0634161/Desktop/DDP/sw_package/sw_project/project_sw/sw_design/Debug'
17:52:03 **** Incremental Build of configuration Debug for project sw_design ****
make pre-build main-build 
make[1]: Entering directory `/users/start2017/r0634161/Desktop/DDP/sw_package/sw_project/project_sw/sw_design/Debug'
a9-linaro-pre-build-step
 
make[1]: Nothing to be done for `main-build'.
make[1]: Leaving directory `/users/start2017/r0634161/Desktop/DDP/sw_package/sw_project/project_sw/sw_design/Debug'
17:52:23 **** Incremental Build of configuration Debug for project sw_design ****
make pre-build main-build 
make[1]: Entering directory `/users/start2017/r0634161/Desktop/DDP/sw_package/sw_project/project_sw/sw_design/Debug'
a9-linaro-pre-build-step
 
Building file: ../src/main.c
Invoking: ARM v7 gcc compiler
arm-none-eabi-gcc -Wall -O0 -g3 -c -fmessage-length=0 -MT"src/main.o" -mcpu=cortex-a9 -mfpu=vfpv3 -mfloat-abi=hard -I../../hw_bsp/ps7_cortexa9_0/include -MMD -MP -MF"src/main.d" -MT"src/main.o" -o "src/main.o" "../src/main.c"
../src/main.c: In function 'main':
../src/main.c:24:14: warning: unused variable 'N' [-Wunused-variable]
     uint32_t N[32] = {0x4aeeb107, 0x5d78aa98, 0x6c55dd05, 0x6f5326c9, 0xf93f738c, 0xc10fa093, 0x20478120, 0x099d6d70, 0x833d9b82, 0x1248f3ed, 0xa43ed737, 0xc1c1da45, 0x9f23e5c7, 0xb17c3598, 0xe8938df6, 0x7ae59036, 0x9f84d87b, 0xc8710dc6, 0x249ee0f8, 0x46eeae2f, 0x66a3bb9b, 0xfeef4c6b, 0xc7b55eae, 0x7951dd0c, 0x0b4391e8, 0x141ad586, 0x1a568588, 0x908293dd, 0x472c0bea, 0x8d00abfe, 0xed17377f, 0x83a01efe};
              ^
Finished building: ../src/main.c
 
Building target: sw_design.elf
Invoking: ARM v7 gcc linker
arm-none-eabi-gcc -mcpu=cortex-a9 -mfpu=vfpv3 -mfloat-abi=hard -Wl,-build-id=none -specs=Xilinx.spec -Wl,-T -Wl,../src/lscript.ld -L../../hw_bsp/ps7_cortexa9_0/lib -o "sw_design.elf"  ./src/platform/platform.o  ./src/asm_func.o ./src/main.o ./src/montgomery.o ./src/mp_arith.o   -Wl,--start-group,-lxil,-lgcc,-lc,--end-group
Finished building target: sw_design.elf
 
Invoking: ARM v7 Print Size
arm-none-eabi-size sw_design.elf  |tee "sw_design.elf.size"
   text	   data	    bss	    dec	    hex	filename
  28156	   1152	  22580	  51888	   cab0	sw_design.elf
Finished building: sw_design.elf.size
 
make[1]: Leaving directory `/users/start2017/r0634161/Desktop/DDP/sw_package/sw_project/project_sw/sw_design/Debug'
17:58:41 **** Incremental Build of configuration Debug for project sw_design ****
make pre-build main-build 
make[1]: Entering directory `/users/start2017/r0634161/Desktop/DDP/sw_package/sw_project/project_sw/sw_design/Debug'
a9-linaro-pre-build-step
 
Building file: ../src/main.c
Invoking: ARM v7 gcc compiler
arm-none-eabi-gcc -Wall -O0 -g3 -c -fmessage-length=0 -MT"src/main.o" -mcpu=cortex-a9 -mfpu=vfpv3 -mfloat-abi=hard -I../../hw_bsp/ps7_cortexa9_0/include -MMD -MP -MF"src/main.d" -MT"src/main.o" -o "src/main.o" "../src/main.c"
../src/main.c: In function 'main':
../src/main.c:24:14: warning: unused variable 'N' [-Wunused-variable]
     uint32_t N[32] = {0x4aeeb107, 0x5d78aa98, 0x6c55dd05, 0x6f5326c9, 0xf93f738c, 0xc10fa093, 0x20478120, 0x099d6d70, 0x833d9b82, 0x1248f3ed, 0xa43ed737, 0xc1c1da45, 0x9f23e5c7, 0xb17c3598, 0xe8938df6, 0x7ae59036, 0x9f84d87b, 0xc8710dc6, 0x249ee0f8, 0x46eeae2f, 0x66a3bb9b, 0xfeef4c6b, 0xc7b55eae, 0x7951dd0c, 0x0b4391e8, 0x141ad586, 0x1a568588, 0x908293dd, 0x472c0bea, 0x8d00abfe, 0xed17377f, 0x83a01efe};
              ^
../src/main.c:23:14: warning: unused variable 'b' [-Wunused-variable]
     uint32_t b[32] = {0xfeb1b9f4, 0xe91d3bec, 0xfb09354d, 0x07f21d6d, 0x9ece9e1b, 0x18def18b, 0x4119e1e9, 0x55c85f24, 0x60ef0e23, 0x10e8ab54, 0x1e95cdcc, 0x4373912f, 0x6f42204d, 0x7126650d, 0xb61c1c8d, 0x98af9011, 0xa42c03b4, 0xd29e0870, 0x7923cb60, 0xdf87cfe5, 0xde4fffa0, 0x3ce537ca, 0x201040c6, 0x6e54b058, 0x814c53dc, 0xf16243f0, 0x57decf64, 0x8d0d4f37, 0x9b6d93e5, 0x45396d71, 0x615213c4, 0x65f89f9f};
              ^
../src/main.c:22:14: warning: unused variable 'a' [-Wunused-variable]
     uint32_t a[32] = {0xf484e847, 0x4ae251f1, 0xedfa617d, 0x58ab6bf4, 0x46bf4848, 0xf67c1061, 0x8811c17a, 0x578fde16, 0x493ee595, 0x1eafc4c3, 0xc4f11a2e, 0x8cb6fba7, 0x724c03a4, 0x2e6c1dbd, 0x57ebc43d, 0x3e6ee260, 0x4089c050, 0xf0384e03, 0x7357f72c, 0x87acb658, 0x7ea2490e, 0x61069112, 0x42e3f8b9, 0x9e778cef, 0x5cdf77c7, 0x10bce41c, 0x1121beec, 0x3db59a36, 0xc34620c5, 0xc6b030ae, 0xe8fc5934, 0x63a0a0cb};
              ^
Finished building: ../src/main.c
 
Building file: ../src/mp_arith.c
Invoking: ARM v7 gcc compiler
arm-none-eabi-gcc -Wall -O0 -g3 -c -fmessage-length=0 -MT"src/mp_arith.o" -mcpu=cortex-a9 -mfpu=vfpv3 -mfloat-abi=hard -I../../hw_bsp/ps7_cortexa9_0/include -MMD -MP -MF"src/mp_arith.d" -MT"src/mp_arith.o" -o "src/mp_arith.o" "../src/mp_arith.c"
Finished building: ../src/mp_arith.c
 
Building target: sw_design.elf
Invoking: ARM v7 gcc linker
arm-none-eabi-gcc -mcpu=cortex-a9 -mfpu=vfpv3 -mfloat-abi=hard -Wl,-build-id=none -specs=Xilinx.spec -Wl,-T -Wl,../src/lscript.ld -L../../hw_bsp/ps7_cortexa9_0/lib -o "sw_design.elf"  ./src/platform/platform.o  ./src/asm_func.o ./src/main.o ./src/montgomery.o ./src/mp_arith.o   -Wl,--start-group,-lxil,-lgcc,-lc,--end-group
Finished building target: sw_design.elf
 
Invoking: ARM v7 Print Size
arm-none-eabi-size sw_design.elf  |tee "sw_design.elf.size"
   text	   data	    bss	    dec	    hex	filename
  28348	   1152	  22580	  52080	   cb70	sw_design.elf
Finished building: sw_design.elf.size
 
make[1]: Leaving directory `/users/start2017/r0634161/Desktop/DDP/sw_package/sw_project/project_sw/sw_design/Debug'
17:59:27 **** Incremental Build of configuration Debug for project sw_design ****
make pre-build main-build 
make[1]: Entering directory `/users/start2017/r0634161/Desktop/DDP/sw_package/sw_project/project_sw/sw_design/Debug'
a9-linaro-pre-build-step
 
Building file: ../src/mp_arith.c
Invoking: ARM v7 gcc compiler
arm-none-eabi-gcc -Wall -O0 -g3 -c -fmessage-length=0 -MT"src/mp_arith.o" -mcpu=cortex-a9 -mfpu=vfpv3 -mfloat-abi=hard -I../../hw_bsp/ps7_cortexa9_0/include -MMD -MP -MF"src/mp_arith.d" -MT"src/mp_arith.o" -o "src/mp_arith.o" "../src/mp_arith.c"
Finished building: ../src/mp_arith.c
 
Building target: sw_design.elf
Invoking: ARM v7 gcc linker
arm-none-eabi-gcc -mcpu=cortex-a9 -mfpu=vfpv3 -mfloat-abi=hard -Wl,-build-id=none -specs=Xilinx.spec -Wl,-T -Wl,../src/lscript.ld -L../../hw_bsp/ps7_cortexa9_0/lib -o "sw_design.elf"  ./src/platform/platform.o  ./src/asm_func.o ./src/main.o ./src/montgomery.o ./src/mp_arith.o   -Wl,--start-group,-lxil,-lgcc,-lc,--end-group
Finished building target: sw_design.elf
 
Invoking: ARM v7 Print Size
arm-none-eabi-size sw_design.elf  |tee "sw_design.elf.size"
   text	   data	    bss	    dec	    hex	filename
  28348	   1152	  22580	  52080	   cb70	sw_design.elf
Finished building: sw_design.elf.size
 
make[1]: Leaving directory `/users/start2017/r0634161/Desktop/DDP/sw_package/sw_project/project_sw/sw_design/Debug'
18:00:11 **** Incremental Build of configuration Debug for project sw_design ****
make pre-build main-build 
make[1]: Entering directory `/users/start2017/r0634161/Desktop/DDP/sw_package/sw_project/project_sw/sw_design/Debug'
a9-linaro-pre-build-step
 
Building file: ../src/main.c
Invoking: ARM v7 gcc compiler
arm-none-eabi-gcc -Wall -O0 -g3 -c -fmessage-length=0 -MT"src/main.o" -mcpu=cortex-a9 -mfpu=vfpv3 -mfloat-abi=hard -I../../hw_bsp/ps7_cortexa9_0/include -MMD -MP -MF"src/main.d" -MT"src/main.o" -o "src/main.o" "../src/main.c"
../src/main.c: In function 'main':
../src/main.c:24:14: warning: unused variable 'N' [-Wunused-variable]
     uint32_t N[32] = {0x4aeeb107, 0x5d78aa98, 0x6c55dd05, 0x6f5326c9, 0xf93f738c, 0xc10fa093, 0x20478120, 0x099d6d70, 0x833d9b82, 0x1248f3ed, 0xa43ed737, 0xc1c1da45, 0x9f23e5c7, 0xb17c3598, 0xe8938df6, 0x7ae59036, 0x9f84d87b, 0xc8710dc6, 0x249ee0f8, 0x46eeae2f, 0x66a3bb9b, 0xfeef4c6b, 0xc7b55eae, 0x7951dd0c, 0x0b4391e8, 0x141ad586, 0x1a568588, 0x908293dd, 0x472c0bea, 0x8d00abfe, 0xed17377f, 0x83a01efe};
              ^
Finished building: ../src/main.c
 
Building target: sw_design.elf
Invoking: ARM v7 gcc linker
arm-none-eabi-gcc -mcpu=cortex-a9 -mfpu=vfpv3 -mfloat-abi=hard -Wl,-build-id=none -specs=Xilinx.spec -Wl,-T -Wl,../src/lscript.ld -L../../hw_bsp/ps7_cortexa9_0/lib -o "sw_design.elf"  ./src/platform/platform.o  ./src/asm_func.o ./src/main.o ./src/montgomery.o ./src/mp_arith.o   -Wl,--start-group,-lxil,-lgcc,-lc,--end-group
Finished building target: sw_design.elf
 
Invoking: ARM v7 Print Size
arm-none-eabi-size sw_design.elf  |tee "sw_design.elf.size"
   text	   data	    bss	    dec	    hex	filename
  28348	   1152	  22580	  52080	   cb70	sw_design.elf
Finished building: sw_design.elf.size
 
make[1]: Leaving directory `/users/start2017/r0634161/Desktop/DDP/sw_package/sw_project/project_sw/sw_design/Debug'
18:01:40 **** Incremental Build of configuration Debug for project sw_design ****
make pre-build main-build 
make[1]: Entering directory `/users/start2017/r0634161/Desktop/DDP/sw_package/sw_project/project_sw/sw_design/Debug'
a9-linaro-pre-build-step
 
Building file: ../src/main.c
Invoking: ARM v7 gcc compiler
arm-none-eabi-gcc -Wall -O0 -g3 -c -fmessage-length=0 -MT"src/main.o" -mcpu=cortex-a9 -mfpu=vfpv3 -mfloat-abi=hard -I../../hw_bsp/ps7_cortexa9_0/include -MMD -MP -MF"src/main.d" -MT"src/main.o" -o "src/main.o" "../src/main.c"
../src/main.c: In function 'main':
../src/main.c:24:14: warning: unused variable 'N' [-Wunused-variable]
     uint32_t N[32] = {0x4aeeb107, 0x5d78aa98, 0x6c55dd05, 0x6f5326c9, 0xf93f738c, 0xc10fa093, 0x20478120, 0x099d6d70, 0x833d9b82, 0x1248f3ed, 0xa43ed737, 0xc1c1da45, 0x9f23e5c7, 0xb17c3598, 0xe8938df6, 0x7ae59036, 0x9f84d87b, 0xc8710dc6, 0x249ee0f8, 0x46eeae2f, 0x66a3bb9b, 0xfeef4c6b, 0xc7b55eae, 0x7951dd0c, 0x0b4391e8, 0x141ad586, 0x1a568588, 0x908293dd, 0x472c0bea, 0x8d00abfe, 0xed17377f, 0x83a01efe};
              ^
Finished building: ../src/main.c
 
Building file: ../src/mp_arith.c
Invoking: ARM v7 gcc compiler
arm-none-eabi-gcc -Wall -O0 -g3 -c -fmessage-length=0 -MT"src/mp_arith.o" -mcpu=cortex-a9 -mfpu=vfpv3 -mfloat-abi=hard -I../../hw_bsp/ps7_cortexa9_0/include -MMD -MP -MF"src/mp_arith.d" -MT"src/mp_arith.o" -o "src/mp_arith.o" "../src/mp_arith.c"
Finished building: ../src/mp_arith.c
 
Building target: sw_design.elf
Invoking: ARM v7 gcc linker
arm-none-eabi-gcc -mcpu=cortex-a9 -mfpu=vfpv3 -mfloat-abi=hard -Wl,-build-id=none -specs=Xilinx.spec -Wl,-T -Wl,../src/lscript.ld -L../../hw_bsp/ps7_cortexa9_0/lib -o "sw_design.elf"  ./src/platform/platform.o  ./src/asm_func.o ./src/main.o ./src/montgomery.o ./src/mp_arith.o   -Wl,--start-group,-lxil,-lgcc,-lc,--end-group
Finished building target: sw_design.elf
 
Invoking: ARM v7 Print Size
arm-none-eabi-size sw_design.elf  |tee "sw_design.elf.size"
   text	   data	    bss	    dec	    hex	filename
  28348	   1152	  22580	  52080	   cb70	sw_design.elf
Finished building: sw_design.elf.size
 
make[1]: Leaving directory `/users/start2017/r0634161/Desktop/DDP/sw_package/sw_project/project_sw/sw_design/Debug'
18:01:42 **** Incremental Build of configuration Debug for project sw_design ****
make pre-build main-build 
make[1]: Entering directory `/users/start2017/r0634161/Desktop/DDP/sw_package/sw_project/project_sw/sw_design/Debug'
a9-linaro-pre-build-step
 
make[1]: Nothing to be done for `main-build'.
make[1]: Leaving directory `/users/start2017/r0634161/Desktop/DDP/sw_package/sw_project/project_sw/sw_design/Debug'
18:02:01 **** Incremental Build of configuration Debug for project sw_design ****
make pre-build main-build 
make[1]: Entering directory `/users/start2017/r0634161/Desktop/DDP/sw_package/sw_project/project_sw/sw_design/Debug'
a9-linaro-pre-build-step
 
make[1]: Nothing to be done for `main-build'.
make[1]: Leaving directory `/users/start2017/r0634161/Desktop/DDP/sw_package/sw_project/project_sw/sw_design/Debug'
18:02:17 **** Incremental Build of configuration Debug for project sw_design ****
make pre-build main-build 
make[1]: Entering directory `/users/start2017/r0634161/Desktop/DDP/sw_package/sw_project/project_sw/sw_design/Debug'
a9-linaro-pre-build-step
 
make[1]: Nothing to be done for `main-build'.
make[1]: Leaving directory `/users/start2017/r0634161/Desktop/DDP/sw_package/sw_project/project_sw/sw_design/Debug'
18:02:30 **** Incremental Build of configuration Debug for project sw_design ****
make pre-build main-build 
make[1]: Entering directory `/users/start2017/r0634161/Desktop/DDP/sw_package/sw_project/project_sw/sw_design/Debug'
a9-linaro-pre-build-step
 
make[1]: Nothing to be done for `main-build'.
make[1]: Leaving directory `/users/start2017/r0634161/Desktop/DDP/sw_package/sw_project/project_sw/sw_design/Debug'
18:14:07 **** Incremental Build of configuration Debug for project sw_design ****
make pre-build main-build 
make[1]: Entering directory `/users/start2017/r0634161/Desktop/DDP/sw_package/sw_project/project_sw/sw_design/Debug'
a9-linaro-pre-build-step
 
Building file: ../src/main.c
Invoking: ARM v7 gcc compiler
arm-none-eabi-gcc -Wall -O0 -g3 -c -fmessage-length=0 -MT"src/main.o" -mcpu=cortex-a9 -mfpu=vfpv3 -mfloat-abi=hard -I../../hw_bsp/ps7_cortexa9_0/include -MMD -MP -MF"src/main.d" -MT"src/main.o" -o "src/main.o" "../src/main.c"
../src/main.c: In function 'main':
../src/main.c:24:14: warning: unused variable 'N' [-Wunused-variable]
     uint32_t N[32] = {0x4aeeb107, 0x5d78aa98, 0x6c55dd05, 0x6f5326c9, 0xf93f738c, 0xc10fa093, 0x20478120, 0x099d6d70, 0x833d9b82, 0x1248f3ed, 0xa43ed737, 0xc1c1da45, 0x9f23e5c7, 0xb17c3598, 0xe8938df6, 0x7ae59036, 0x9f84d87b, 0xc8710dc6, 0x249ee0f8, 0x46eeae2f, 0x66a3bb9b, 0xfeef4c6b, 0xc7b55eae, 0x7951dd0c, 0x0b4391e8, 0x141ad586, 0x1a568588, 0x908293dd, 0x472c0bea, 0x8d00abfe, 0xed17377f, 0x83a01efe};
              ^
../src/main.c:23:14: warning: unused variable 'b' [-Wunused-variable]
     uint32_t b[32] = {0xfeb1b9f4, 0xe91d3bec, 0xfb09354d, 0x07f21d6d, 0x9ece9e1b, 0x18def18b, 0x4119e1e9, 0x55c85f24, 0x60ef0e23, 0x10e8ab54, 0x1e95cdcc, 0x4373912f, 0x6f42204d, 0x7126650d, 0xb61c1c8d, 0x98af9011, 0xa42c03b4, 0xd29e0870, 0x7923cb60, 0xdf87cfe5, 0xde4fffa0, 0x3ce537ca, 0x201040c6, 0x6e54b058, 0x814c53dc, 0xf16243f0, 0x57decf64, 0x8d0d4f37, 0x9b6d93e5, 0x45396d71, 0x615213c4, 0x65f89f9f};
              ^
../src/main.c:22:14: warning: unused variable 'a' [-Wunused-variable]
     uint32_t a[32] = {0xf484e847, 0x4ae251f1, 0xedfa617d, 0x58ab6bf4, 0x46bf4848, 0xf67c1061, 0x8811c17a, 0x578fde16, 0x493ee595, 0x1eafc4c3, 0xc4f11a2e, 0x8cb6fba7, 0x724c03a4, 0x2e6c1dbd, 0x57ebc43d, 0x3e6ee260, 0x4089c050, 0xf0384e03, 0x7357f72c, 0x87acb658, 0x7ea2490e, 0x61069112, 0x42e3f8b9, 0x9e778cef, 0x5cdf77c7, 0x10bce41c, 0x1121beec, 0x3db59a36, 0xc34620c5, 0xc6b030ae, 0xe8fc5934, 0x63a0a0cb};
              ^
Finished building: ../src/main.c
 
Building file: ../src/mp_arith.c
Invoking: ARM v7 gcc compiler
arm-none-eabi-gcc -Wall -O0 -g3 -c -fmessage-length=0 -MT"src/mp_arith.o" -mcpu=cortex-a9 -mfpu=vfpv3 -mfloat-abi=hard -I../../hw_bsp/ps7_cortexa9_0/include -MMD -MP -MF"src/mp_arith.d" -MT"src/mp_arith.o" -o "src/mp_arith.o" "../src/mp_arith.c"
../src/mp_arith.c:47:1: error: unknown type name 'bool'
 bool mp_comp(res, N, 33) {
make[1]: Leaving directory `/users/start2017/r0634161/Desktop/DDP/sw_package/sw_project/project_sw/sw_design/Debug'
 ^
../src/mp_arith.c:47:22: error: expected ')' before numeric constant
 bool mp_comp(res, N, 33) {
                      ^
../src/mp_arith.c: In function 'mod_add':
../src/mp_arith.c:68:2: warning: implicit declaration of function 'mp_comp' [-Wimplicit-function-declaration]
  if (mp_comp(res, N, 33) >= 0) {
  ^
make[1]: *** [src/mp_arith.o] Error 1
18:14:16 **** Incremental Build of configuration Debug for project sw_design ****
make pre-build main-build 
make[1]: Entering directory `/users/start2017/r0634161/Desktop/DDP/sw_package/sw_project/project_sw/sw_design/Debug'
a9-linaro-pre-build-step
 
Building file: ../src/mp_arith.c
Invoking: ARM v7 gcc compiler
arm-none-eabi-gcc -Wall -O0 -g3 -c -fmessage-length=0 -MT"src/mp_arith.o" -mcpu=cortex-a9 -mfpu=vfpv3 -mfloat-abi=hard -I../../hw_bsp/ps7_cortexa9_0/include -MMD -MP -MF"src/mp_arith.d" -MT"src/mp_arith.o" -o "src/mp_arith.o" "../src/mp_arith.c"
../src/mp_arith.c:47:1: error: unknown type name 'bool'
 bool mp_comp(res, N, 33) {
 ^
../src/mp_arith.c:47:22: error: expected ')' before numeric constant
 bool mp_comp(res, N, 33) {
                      ^
../src/mp_arith.c: In function 'mod_add':
../src/mp_arith.c:68:2: warning: implicit declaration of function 'mp_comp' [-Wimplicit-function-declaration]
  if (mp_comp(res, N, 33) >= 0) {
  ^
make[1]: *** [src/mp_arith.o] Error 1
make[1]: Leaving directory `/users/start2017/r0634161/Desktop/DDP/sw_package/sw_project/project_sw/sw_design/Debug'
18:14:32 **** Incremental Build of configuration Debug for project sw_design ****
make pre-build main-build 
make[1]: Entering directory `/users/start2017/r0634161/Desktop/DDP/sw_package/sw_project/project_sw/sw_design/Debug'
a9-linaro-pre-build-step
 
Building file: ../src/mp_arith.c
Invoking: ARM v7 gcc compiler
arm-none-eabi-gcc -Wall -O0 -g3 -c -fmessage-length=0 -MT"src/mp_arith.o" -mcpu=cortex-a9 -mfpu=vfpv3 -mfloat-abi=hard -I../../hw_bsp/ps7_cortexa9_0/include -MMD -MP -MF"src/mp_arith.d" -MT"src/mp_arith.o" -o "src/mp_arith.o" "../src/mp_arith.c"
../src/mp_arith.c:47:1: error: unknown type name 'bool'
 bool mp_comp(res, N, 33) {
 ^
../src/mp_arith.c:47:22: error: expected ')' before numeric constant
 bool mp_comp(res, N, 33) {
                      ^
../src/mp_arith.c: In function 'mod_add':
../src/mp_arith.c:68:2: warning: implicit declaration of function 'mp_comp' [-Wimplicit-function-declaration]
  if (mp_comp(res, N, 33) >= 0) {
  ^
make[1]: *** [src/mp_arith.o] Error 1
make[1]: Leaving directory `/users/start2017/r0634161/Desktop/DDP/sw_package/sw_project/project_sw/sw_design/Debug'
18:14:43 **** Incremental Build of configuration Debug for project sw_design ****
make pre-build main-build 
make[1]: Entering directory `/users/start2017/r0634161/Desktop/DDP/sw_package/sw_project/project_sw/sw_design/Debug'
a9-linaro-pre-build-step
 
Building file: ../src/mp_arith.c
Invoking: ARM v7 gcc compiler
arm-none-eabi-gcc -Wall -O0 -g3 -c -fmessage-length=0 -MT"src/mp_arith.o" -mcpu=cortex-a9 -mfpu=vfpv3 -mfloat-abi=hard -I../../hw_bsp/ps7_cortexa9_0/include -MMD -MP -MF"src/mp_arith.d" -MT"src/mp_arith.o" -o "src/mp_arith.o" "../src/mp_arith.c"
../src/mp_arith.c:47:1: error: unknown type name 'boolean'
 boolean mp_comp() {
 ^
../src/mp_arith.c: In function 'mp_comp':
../src/mp_arith.c:48:9: error: 'true' undeclared (first use in this function)
  return true;
         ^
../src/mp_arith.c:48:9: note: each undeclared identifier is reported only once for each function it appears in
../src/mp_arith.c:49:1: warning: control reaches end of non-void function [-Wreturn-type]
 }
 ^
make[1]: *** [src/mp_arith.o] Error 1
make[1]: Leaving directory `/users/start2017/r0634161/Desktop/DDP/sw_package/sw_project/project_sw/sw_design/Debug'
18:14:58 **** Incremental Build of configuration Debug for project sw_design ****
make pre-build main-build 
make[1]: Entering directory `/users/start2017/r0634161/Desktop/DDP/sw_package/sw_project/project_sw/sw_design/Debug'
a9-linaro-pre-build-step
 
Building file: ../src/mp_arith.c
Invoking: ARM v7 gcc compiler
arm-none-eabi-gcc -Wall -O0 -g3 -c -fmessage-length=0 -MT"src/mp_arith.o" -mcpu=cortex-a9 -mfpu=vfpv3 -mfloat-abi=hard -I../../hw_bsp/ps7_cortexa9_0/include -MMD -MP -MF"src/mp_arith.d" -MT"src/mp_arith.o" -o "src/mp_arith.o" "../src/mp_arith.c"
../src/mp_arith.c:47:1: error: unknown type name 'boolean'
 boolean mp_comp() {
 ^
../src/mp_arith.c: In function 'mp_comp':
../src/mp_arith.c:48:9: error: 'true' undeclared (first use in this function)
  return true;
         ^
../src/mp_arith.c:48:9: note: each undeclared identifier is reported only once for each function it appears in
../src/mp_arith.c:49:1: warning: control reaches end of non-void function [-Wreturn-type]
 }
 ^
make[1]: *** [src/mp_arith.o] Error 1
make[1]: Leaving directory `/users/start2017/r0634161/Desktop/DDP/sw_package/sw_project/project_sw/sw_design/Debug'
18:15:09 **** Incremental Build of configuration Debug for project sw_design ****
make pre-build main-build 
make[1]: Entering directory `/users/start2017/r0634161/Desktop/DDP/sw_package/sw_project/project_sw/sw_design/Debug'
a9-linaro-pre-build-step
 
Building file: ../src/mp_arith.c
Invoking: ARM v7 gcc compiler
arm-none-eabi-gcc -Wall -O0 -g3 -c -fmessage-length=0 -MT"src/mp_arith.o" -mcpu=cortex-a9 -mfpu=vfpv3 -mfloat-abi=hard -I../../hw_bsp/ps7_cortexa9_0/include -MMD -MP -MF"src/mp_arith.d" -MT"src/mp_arith.o" -o "src/mp_arith.o" "../src/mp_arith.c"
../src/mp_arith.c:47:1: error: unknown type name 'boolean'
 boolean mp_comp() {
 ^
../src/mp_arith.c: In function 'mp_comp':
../src/mp_arith.c:48:9: error: 'true' undeclared (first use in this function)
  return true;
         ^
../src/mp_arith.c:48:9: note: each undeclared identifier is reported only once for each function it appears in
../src/mp_arith.c:49:1: warning: control reaches end of non-void function [-Wreturn-type]
 }
 ^
make[1]: *** [src/mp_arith.o] Error 1
make[1]: Leaving directory `/users/start2017/r0634161/Desktop/DDP/sw_package/sw_project/project_sw/sw_design/Debug'
18:15:13 **** Incremental Build of configuration Debug for project sw_design ****
make pre-build main-build 
make[1]: Entering directory `/users/start2017/r0634161/Desktop/DDP/sw_package/sw_project/project_sw/sw_design/Debug'
a9-linaro-pre-build-step
 
Building file: ../src/mp_arith.c
Invoking: ARM v7 gcc compiler
arm-none-eabi-gcc -Wall -O0 -g3 -c -fmessage-length=0 -MT"src/mp_arith.o" -mcpu=cortex-a9 -mfpu=vfpv3 -mfloat-abi=hard -I../../hw_bsp/ps7_cortexa9_0/include -MMD -MP -MF"src/mp_arith.d" -MT"src/mp_arith.o" -o "src/mp_arith.o" "../src/mp_arith.c"
Finished building: ../src/mp_arith.c
 
Building target: sw_design.elf
Invoking: ARM v7 gcc linker
arm-none-eabi-gcc -mcpu=cortex-a9 -mfpu=vfpv3 -mfloat-abi=hard -Wl,-build-id=none -specs=Xilinx.spec -Wl,-T -Wl,../src/lscript.ld -L../../hw_bsp/ps7_cortexa9_0/lib -o "sw_design.elf"  ./src/platform/platform.o  ./src/asm_func.o ./src/main.o ./src/montgomery.o ./src/mp_arith.o   -Wl,--start-group,-lxil,-lgcc,-lc,--end-group
Finished building target: sw_design.elf
 
Invoking: ARM v7 Print Size
arm-none-eabi-size sw_design.elf  |tee "sw_design.elf.size"
   text	   data	    bss	    dec	    hex	filename
  28668	   1152	  22580	  52400	   ccb0	sw_design.elf
Finished building: sw_design.elf.size
 
make[1]: Leaving directory `/users/start2017/r0634161/Desktop/DDP/sw_package/sw_project/project_sw/sw_design/Debug'
18:22:30 **** Incremental Build of configuration Debug for project sw_design ****
make pre-build main-build 
make[1]: Entering directory `/users/start2017/r0634161/Desktop/DDP/sw_package/sw_project/project_sw/sw_design/Debug'
a9-linaro-pre-build-step
 
Building file: ../src/main.c
Invoking: ARM v7 gcc compiler
arm-none-eabi-gcc -Wall -O0 -g3 -c -fmessage-length=0 -MT"src/main.o" -mcpu=cortex-a9 -mfpu=vfpv3 -mfloat-abi=hard -I../../hw_bsp/ps7_cortexa9_0/include -MMD -MP -MF"src/main.d" -MT"src/main.o" -o "src/main.o" "../src/main.c"
../src/main.c: In function 'main':
../src/main.c:24:14: warning: unused variable 'N' [-Wunused-variable]
     uint32_t N[32] = {0x4aeeb107, 0x5d78aa98, 0x6c55dd05, 0x6f5326c9, 0xf93f738c, 0xc10fa093, 0x20478120, 0x099d6d70, 0x833d9b82, 0x1248f3ed, 0xa43ed737, 0xc1c1da45, 0x9f23e5c7, 0xb17c3598, 0xe8938df6, 0x7ae59036, 0x9f84d87b, 0xc8710dc6, 0x249ee0f8, 0x46eeae2f, 0x66a3bb9b, 0xfeef4c6b, 0xc7b55eae, 0x7951dd0c, 0x0b4391e8, 0x141ad586, 0x1a568588, 0x908293dd, 0x472c0bea, 0x8d00abfe, 0xed17377f, 0x83a01efe};
              ^
../src/main.c:23:14: warning: unused variable 'b' [-Wunused-variable]
     uint32_t b[32] = {0xfeb1b9f4, 0xe91d3bec, 0xfb09354d, 0x07f21d6d, 0x9ece9e1b, 0x18def18b, 0x4119e1e9, 0x55c85f24, 0x60ef0e23, 0x10e8ab54, 0x1e95cdcc, 0x4373912f, 0x6f42204d, 0x7126650d, 0xb61c1c8d, 0x98af9011, 0xa42c03b4, 0xd29e0870, 0x7923cb60, 0xdf87cfe5, 0xde4fffa0, 0x3ce537ca, 0x201040c6, 0x6e54b058, 0x814c53dc, 0xf16243f0, 0x57decf64, 0x8d0d4f37, 0x9b6d93e5, 0x45396d71, 0x615213c4, 0x65f89f9f};
              ^
../src/main.c:22:14: warning: unused variable 'a' [-Wunused-variable]
     uint32_t a[32] = {0xf484e847, 0x4ae251f1, 0xedfa617d, 0x58ab6bf4, 0x46bf4848, 0xf67c1061, 0x8811c17a, 0x578fde16, 0x493ee595, 0x1eafc4c3, 0xc4f11a2e, 0x8cb6fba7, 0x724c03a4, 0x2e6c1dbd, 0x57ebc43d, 0x3e6ee260, 0x4089c050, 0xf0384e03, 0x7357f72c, 0x87acb658, 0x7ea2490e, 0x61069112, 0x42e3f8b9, 0x9e778cef, 0x5cdf77c7, 0x10bce41c, 0x1121beec, 0x3db59a36, 0xc34620c5, 0xc6b030ae, 0xe8fc5934, 0x63a0a0cb};
              ^
Finished building: ../src/main.c
 
Building file: ../src/mp_arith.c
Invoking: ARM v7 gcc compiler
arm-none-eabi-gcc -Wall -O0 -g3 -c -fmessage-length=0 -MT"src/mp_arith.o" -mcpu=cortex-a9 -mfpu=vfpv3 -mfloat-abi=hard -I../../hw_bsp/ps7_cortexa9_0/include -MMD -MP -MF"src/mp_arith.d" -MT"src/mp_arith.o" -o "src/mp_arith.o" "../src/mp_arith.c"
../src/mp_arith.c: In function 'mod_add':
../src/mp_arith.c:80:14: warning: pointer targets in passing argument 1 of 'mp_comp' differ in signedness [-Wpointer-sign]
  if (mp_comp(res, N, size)) {
              ^
../src/mp_arith.c:48:10: note: expected 'int32_t *' but argument is of type 'uint32_t *'
 uint32_t mp_comp(int32_t *a, uint32_t *b, uint32_t size) {
          ^
Finished building: ../src/mp_arith.c
 
Building target: sw_design.elf
Invoking: ARM v7 gcc linker
arm-none-eabi-gcc -mcpu=cortex-a9 -mfpu=vfpv3 -mfloat-abi=hard -Wl,-build-id=none -specs=Xilinx.spec -Wl,-T -Wl,../src/lscript.ld -L../../hw_bsp/ps7_cortexa9_0/lib -o "sw_design.elf"  ./src/platform/platform.o  ./src/asm_func.o ./src/main.o ./src/montgomery.o ./src/mp_arith.o   -Wl,--start-group,-lxil,-lgcc,-lc,--end-group
Finished building target: sw_design.elf
 
Invoking: ARM v7 Print Size
arm-none-eabi-size sw_design.elf  |tee "sw_design.elf.size"
   text	   data	    bss	    dec	    hex	filename
  28860	   1152	  22580	  52592	   cd70	sw_design.elf
Finished building: sw_design.elf.size
 
make[1]: Leaving directory `/users/start2017/r0634161/Desktop/DDP/sw_package/sw_project/project_sw/sw_design/Debug'
18:22:39 **** Incremental Build of configuration Debug for project sw_design ****
make pre-build main-build 
make[1]: Entering directory `/users/start2017/r0634161/Desktop/DDP/sw_package/sw_project/project_sw/sw_design/Debug'
a9-linaro-pre-build-step
 
make[1]: Nothing to be done for `main-build'.
make[1]: Leaving directory `/users/start2017/r0634161/Desktop/DDP/sw_package/sw_project/project_sw/sw_design/Debug'
18:23:43 **** Incremental Build of configuration Debug for project sw_design ****
make pre-build main-build 
make[1]: Entering directory `/users/start2017/r0634161/Desktop/DDP/sw_package/sw_project/project_sw/sw_design/Debug'
a9-linaro-pre-build-step
 
Building file: ../src/main.c
Invoking: ARM v7 gcc compiler
arm-none-eabi-gcc -Wall -O0 -g3 -c -fmessage-length=0 -MT"src/main.o" -mcpu=cortex-a9 -mfpu=vfpv3 -mfloat-abi=hard -I../../hw_bsp/ps7_cortexa9_0/include -MMD -MP -MF"src/main.d" -MT"src/main.o" -o "src/main.o" "../src/main.c"
Finished building: ../src/main.c
 
Building target: sw_design.elf
Invoking: ARM v7 gcc linker
arm-none-eabi-gcc -mcpu=cortex-a9 -mfpu=vfpv3 -mfloat-abi=hard -Wl,-build-id=none -specs=Xilinx.spec -Wl,-T -Wl,../src/lscript.ld -L../../hw_bsp/ps7_cortexa9_0/lib -o "sw_design.elf"  ./src/platform/platform.o  ./src/asm_func.o ./src/main.o ./src/montgomery.o ./src/mp_arith.o   -Wl,--start-group,-lxil,-lgcc,-lc,--end-group
Finished building target: sw_design.elf
 
Invoking: ARM v7 Print Size
arm-none-eabi-size sw_design.elf  |tee "sw_design.elf.size"
   text	   data	    bss	    dec	    hex	filename
  28860	   1152	  22580	  52592	   cd70	sw_design.elf
Finished building: sw_design.elf.size
 
make[1]: Leaving directory `/users/start2017/r0634161/Desktop/DDP/sw_package/sw_project/project_sw/sw_design/Debug'
18:23:45 **** Incremental Build of configuration Debug for project sw_design ****
make pre-build main-build 
make[1]: Entering directory `/users/start2017/r0634161/Desktop/DDP/sw_package/sw_project/project_sw/sw_design/Debug'
a9-linaro-pre-build-step
 
make[1]: Nothing to be done for `main-build'.
make[1]: Leaving directory `/users/start2017/r0634161/Desktop/DDP/sw_package/sw_project/project_sw/sw_design/Debug'
18:25:11 **** Incremental Build of configuration Debug for project sw_design ****
make pre-build main-build 
make[1]: Entering directory `/users/start2017/r0634161/Desktop/DDP/sw_package/sw_project/project_sw/sw_design/Debug'
a9-linaro-pre-build-step
 
make[1]: Nothing to be done for `main-build'.
make[1]: Leaving directory `/users/start2017/r0634161/Desktop/DDP/sw_package/sw_project/project_sw/sw_design/Debug'
18:25:41 **** Incremental Build of configuration Debug for project sw_design ****
make pre-build main-build 
make[1]: Entering directory `/users/start2017/r0634161/Desktop/DDP/sw_package/sw_project/project_sw/sw_design/Debug'
a9-linaro-pre-build-step
 
make[1]: Nothing to be done for `main-build'.
make[1]: Leaving directory `/users/start2017/r0634161/Desktop/DDP/sw_package/sw_project/project_sw/sw_design/Debug'
18:28:03 **** Incremental Build of configuration Debug for project sw_design ****
make pre-build main-build 
make[1]: Entering directory `/users/start2017/r0634161/Desktop/DDP/sw_package/sw_project/project_sw/sw_design/Debug'
a9-linaro-pre-build-step
 
Building file: ../src/main.c
Invoking: ARM v7 gcc compiler
arm-none-eabi-gcc -Wall -O0 -g3 -c -fmessage-length=0 -MT"src/main.o" -mcpu=cortex-a9 -mfpu=vfpv3 -mfloat-abi=hard -I../../hw_bsp/ps7_cortexa9_0/include -MMD -MP -MF"src/main.d" -MT"src/main.o" -o "src/main.o" "../src/main.c"
Finished building: ../src/main.c
 
Building target: sw_design.elf
Invoking: ARM v7 gcc linker
arm-none-eabi-gcc -mcpu=cortex-a9 -mfpu=vfpv3 -mfloat-abi=hard -Wl,-build-id=none -specs=Xilinx.spec -Wl,-T -Wl,../src/lscript.ld -L../../hw_bsp/ps7_cortexa9_0/lib -o "sw_design.elf"  ./src/platform/platform.o  ./src/asm_func.o ./src/main.o ./src/montgomery.o ./src/mp_arith.o   -Wl,--start-group,-lxil,-lgcc,-lc,--end-group
Finished building target: sw_design.elf
 
Invoking: ARM v7 Print Size
arm-none-eabi-size sw_design.elf  |tee "sw_design.elf.size"
   text	   data	    bss	    dec	    hex	filename
  28860	   1152	  22580	  52592	   cd70	sw_design.elf
Finished building: sw_design.elf.size
 
make[1]: Leaving directory `/users/start2017/r0634161/Desktop/DDP/sw_package/sw_project/project_sw/sw_design/Debug'
18:28:43 **** Incremental Build of configuration Debug for project sw_design ****
make pre-build main-build 
make[1]: Entering directory `/users/start2017/r0634161/Desktop/DDP/sw_package/sw_project/project_sw/sw_design/Debug'
a9-linaro-pre-build-step
 
Building file: ../src/main.c
Invoking: ARM v7 gcc compiler
arm-none-eabi-gcc -Wall -O0 -g3 -c -fmessage-length=0 -MT"src/main.o" -mcpu=cortex-a9 -mfpu=vfpv3 -mfloat-abi=hard -I../../hw_bsp/ps7_cortexa9_0/include -MMD -MP -MF"src/main.d" -MT"src/main.o" -o "src/main.o" "../src/main.c"
Finished building: ../src/main.c
 
Building target: sw_design.elf
Invoking: ARM v7 gcc linker
arm-none-eabi-gcc -mcpu=cortex-a9 -mfpu=vfpv3 -mfloat-abi=hard -Wl,-build-id=none -specs=Xilinx.spec -Wl,-T -Wl,../src/lscript.ld -L../../hw_bsp/ps7_cortexa9_0/lib -o "sw_design.elf"  ./src/platform/platform.o  ./src/asm_func.o ./src/main.o ./src/montgomery.o ./src/mp_arith.o   -Wl,--start-group,-lxil,-lgcc,-lc,--end-group
Finished building target: sw_design.elf
 
Invoking: ARM v7 Print Size
arm-none-eabi-size sw_design.elf  |tee "sw_design.elf.size"
   text	   data	    bss	    dec	    hex	filename
  28860	   1152	  22580	  52592	   cd70	sw_design.elf
Finished building: sw_design.elf.size
 
make[1]: Leaving directory `/users/start2017/r0634161/Desktop/DDP/sw_package/sw_project/project_sw/sw_design/Debug'
18:29:02 **** Incremental Build of configuration Debug for project sw_design ****
make pre-build main-build 
make[1]: Entering directory `/users/start2017/r0634161/Desktop/DDP/sw_package/sw_project/project_sw/sw_design/Debug'
a9-linaro-pre-build-step
 
Building file: ../src/main.c
Invoking: ARM v7 gcc compiler
arm-none-eabi-gcc -Wall -O0 -g3 -c -fmessage-length=0 -MT"src/main.o" -mcpu=cortex-a9 -mfpu=vfpv3 -mfloat-abi=hard -I../../hw_bsp/ps7_cortexa9_0/include -MMD -MP -MF"src/main.d" -MT"src/main.o" -o "src/main.o" "../src/main.c"
Finished building: ../src/main.c
 
Building target: sw_design.elf
Invoking: ARM v7 gcc linker
arm-none-eabi-gcc -mcpu=cortex-a9 -mfpu=vfpv3 -mfloat-abi=hard -Wl,-build-id=none -specs=Xilinx.spec -Wl,-T -Wl,../src/lscript.ld -L../../hw_bsp/ps7_cortexa9_0/lib -o "sw_design.elf"  ./src/platform/platform.o  ./src/asm_func.o ./src/main.o ./src/montgomery.o ./src/mp_arith.o   -Wl,--start-group,-lxil,-lgcc,-lc,--end-group
Finished building target: sw_design.elf
 
Invoking: ARM v7 Print Size
arm-none-eabi-size sw_design.elf  |tee "sw_design.elf.size"
   text	   data	    bss	    dec	    hex	filename
  28860	   1152	  22580	  52592	   cd70	sw_design.elf
Finished building: sw_design.elf.size
 
make[1]: Leaving directory `/users/start2017/r0634161/Desktop/DDP/sw_package/sw_project/project_sw/sw_design/Debug'
18:29:04 **** Incremental Build of configuration Debug for project sw_design ****
make pre-build main-build 
make[1]: Entering directory `/users/start2017/r0634161/Desktop/DDP/sw_package/sw_project/project_sw/sw_design/Debug'
a9-linaro-pre-build-step
 
make[1]: Nothing to be done for `main-build'.
make[1]: Leaving directory `/users/start2017/r0634161/Desktop/DDP/sw_package/sw_project/project_sw/sw_design/Debug'
18:31:19 **** Incremental Build of configuration Debug for project sw_design ****
make pre-build main-build 
make[1]: Entering directory `/users/start2017/r0634161/Desktop/DDP/sw_package/sw_project/project_sw/sw_design/Debug'
a9-linaro-pre-build-step
 
Building file: ../src/mp_arith.c
Invoking: ARM v7 gcc compiler
arm-none-eabi-gcc -Wall -O0 -g3 -c -fmessage-length=0 -MT"src/mp_arith.o" -mcpu=cortex-a9 -mfpu=vfpv3 -mfloat-abi=hard -I../../hw_bsp/ps7_cortexa9_0/include -MMD -MP -MF"src/mp_arith.d" -MT"src/mp_arith.o" -o "src/mp_arith.o" "../src/mp_arith.c"
../src/mp_arith.c: In function 'mod_add':
../src/mp_arith.c:79:14: warning: pointer targets in passing argument 1 of 'mp_comp' differ in signedness [-Wpointer-sign]
  if (mp_comp(res, N, size)) {
              ^
../src/mp_arith.c:47:10: note: expected 'int32_t *' but argument is of type 'uint32_t *'
 uint32_t mp_comp(int32_t *a, uint32_t *b, uint32_t size) {
          ^
Finished building: ../src/mp_arith.c
 
Building target: sw_design.elf
Invoking: ARM v7 gcc linker
arm-none-eabi-gcc -mcpu=cortex-a9 -mfpu=vfpv3 -mfloat-abi=hard -Wl,-build-id=none -specs=Xilinx.spec -Wl,-T -Wl,../src/lscript.ld -L../../hw_bsp/ps7_cortexa9_0/lib -o "sw_design.elf"  ./src/platform/platform.o  ./src/asm_func.o ./src/main.o ./src/montgomery.o ./src/mp_arith.o   -Wl,--start-group,-lxil,-lgcc,-lc,--end-group
Finished building target: sw_design.elf
 
Invoking: ARM v7 Print Size
arm-none-eabi-size sw_design.elf  |tee "sw_design.elf.size"
   text	   data	    bss	    dec	    hex	filename
  28860	   1152	  22580	  52592	   cd70	sw_design.elf
Finished building: sw_design.elf.size
 
make[1]: Leaving directory `/users/start2017/r0634161/Desktop/DDP/sw_package/sw_project/project_sw/sw_design/Debug'
18:32:01 **** Incremental Build of configuration Debug for project sw_design ****
make pre-build main-build 
make[1]: Entering directory `/users/start2017/r0634161/Desktop/DDP/sw_package/sw_project/project_sw/sw_design/Debug'
a9-linaro-pre-build-step
 
Building file: ../src/main.c
Invoking: ARM v7 gcc compiler
arm-none-eabi-gcc -Wall -O0 -g3 -c -fmessage-length=0 -MT"src/main.o" -mcpu=cortex-a9 -mfpu=vfpv3 -mfloat-abi=hard -I../../hw_bsp/ps7_cortexa9_0/include -MMD -MP -MF"src/main.d" -MT"src/main.o" -o "src/main.o" "../src/main.c"
../src/main.c: In function 'main':
../src/main.c:24:14: warning: unused variable 'N' [-Wunused-variable]
     uint32_t N[32] = {0x4aeeb107, 0x5d78aa98, 0x6c55dd05, 0x6f5326c9, 0xf93f738c, 0xc10fa093, 0x20478120, 0x099d6d70, 0x833d9b82, 0x1248f3ed, 0xa43ed737, 0xc1c1da45, 0x9f23e5c7, 0xb17c3598, 0xe8938df6, 0x7ae59036, 0x9f84d87b, 0xc8710dc6, 0x249ee0f8, 0x46eeae2f, 0x66a3bb9b, 0xfeef4c6b, 0xc7b55eae, 0x7951dd0c, 0x0b4391e8, 0x141ad586, 0x1a568588, 0x908293dd, 0x472c0bea, 0x8d00abfe, 0xed17377f, 0x83a01efe};
              ^
Finished building: ../src/main.c
 
Building target: sw_design.elf
Invoking: ARM v7 gcc linker
arm-none-eabi-gcc -mcpu=cortex-a9 -mfpu=vfpv3 -mfloat-abi=hard -Wl,-build-id=none -specs=Xilinx.spec -Wl,-T -Wl,../src/lscript.ld -L../../hw_bsp/ps7_cortexa9_0/lib -o "sw_design.elf"  ./src/platform/platform.o  ./src/asm_func.o ./src/main.o ./src/montgomery.o ./src/mp_arith.o   -Wl,--start-group,-lxil,-lgcc,-lc,--end-group
Finished building target: sw_design.elf
 
Invoking: ARM v7 Print Size
arm-none-eabi-size sw_design.elf  |tee "sw_design.elf.size"
   text	   data	    bss	    dec	    hex	filename
  28860	   1152	  22580	  52592	   cd70	sw_design.elf
Finished building: sw_design.elf.size
 
make[1]: Leaving directory `/users/start2017/r0634161/Desktop/DDP/sw_package/sw_project/project_sw/sw_design/Debug'
18:32:03 **** Incremental Build of configuration Debug for project sw_design ****
make pre-build main-build 
make[1]: Entering directory `/users/start2017/r0634161/Desktop/DDP/sw_package/sw_project/project_sw/sw_design/Debug'
a9-linaro-pre-build-step
 
make[1]: Nothing to be done for `main-build'.
make[1]: Leaving directory `/users/start2017/r0634161/Desktop/DDP/sw_package/sw_project/project_sw/sw_design/Debug'
11:41:00 **** Incremental Build of configuration Debug for project sw_design ****
make pre-build main-build 
make[1]: Entering directory `/users/start2017/r0634161/Desktop/DDP/sw_package/sw_project/project_sw/sw_design/Debug'
a9-linaro-pre-build-step
 
Building file: ../src/main.c
Invoking: ARM v7 gcc compiler
arm-none-eabi-gcc -Wall -O0 -g3 -c -fmessage-length=0 -MT"src/main.o" -mcpu=cortex-a9 -mfpu=vfpv3 -mfloat-abi=hard -I../../hw_bsp/ps7_cortexa9_0/include -MMD -MP -MF"src/main.d" -MT"src/main.o" -o "src/main.o" "../src/main.c"
Finished building: ../src/main.c
 
Building file: ../src/mp_arith.c
Invoking: ARM v7 gcc compiler
arm-none-eabi-gcc -Wall -O0 -g3 -c -fmessage-length=0 -MT"src/mp_arith.o" -mcpu=cortex-a9 -mfpu=vfpv3 -mfloat-abi=hard -I../../hw_bsp/ps7_cortexa9_0/include -MMD -MP -MF"src/mp_arith.d" -MT"src/mp_arith.o" -o "src/mp_arith.o" "../src/mp_arith.c"
Finished building: ../src/mp_arith.c
 
Building target: sw_design.elf
Invoking: ARM v7 gcc linker
arm-none-eabi-gcc -mcpu=cortex-a9 -mfpu=vfpv3 -mfloat-abi=hard -Wl,-build-id=none -specs=Xilinx.spec -Wl,-T -Wl,../src/lscript.ld -L../../hw_bsp/ps7_cortexa9_0/lib -o "sw_design.elf"  ./src/platform/platform.o  ./src/asm_func.o ./src/main.o ./src/montgomery.o ./src/mp_arith.o   -Wl,--start-group,-lxil,-lgcc,-lc,--end-group
Finished building target: sw_design.elf
 
Invoking: ARM v7 Print Size
arm-none-eabi-size sw_design.elf  |tee "sw_design.elf.size"
   text	   data	    bss	    dec	    hex	filename
  29372	   1152	  22580	  53104	   cf70	sw_design.elf
Finished building: sw_design.elf.size
 
make[1]: Leaving directory `/users/start2017/r0634161/Desktop/DDP/sw_package/sw_project/project_sw/sw_design/Debug'
11:41:14 **** Incremental Build of configuration Debug for project sw_design ****
make pre-build main-build 
make[1]: Entering directory `/users/start2017/r0634161/Desktop/DDP/sw_package/sw_project/project_sw/sw_design/Debug'
a9-linaro-pre-build-step
 
make[1]: Nothing to be done for `main-build'.
make[1]: Leaving directory `/users/start2017/r0634161/Desktop/DDP/sw_package/sw_project/project_sw/sw_design/Debug'
11:43:18 **** Incremental Build of configuration Debug for project sw_design ****
make pre-build main-build 
make[1]: Entering directory `/users/start2017/r0634161/Desktop/DDP/sw_package/sw_project/project_sw/sw_design/Debug'
a9-linaro-pre-build-step
 
Building file: ../src/main.c
Invoking: ARM v7 gcc compiler
arm-none-eabi-gcc -Wall -O0 -g3 -c -fmessage-length=0 -MT"src/main.o" -mcpu=cortex-a9 -mfpu=vfpv3 -mfloat-abi=hard -I../../hw_bsp/ps7_cortexa9_0/include -MMD -MP -MF"src/main.d" -MT"src/main.o" -o "src/main.o" "../src/main.c"
../src/main.c: In function 'main':
../src/main.c:25:14: warning: unused variable 'N' [-Wunused-variable]
     uint32_t N[32] = {0x4aeeb107, 0x5d78aa98, 0x6c55dd05, 0x6f5326c9, 0xf93f738c, 0xc10fa093, 0x20478120, 0x099d6d70, 0x833d9b82, 0x1248f3ed, 0xa43ed737, 0xc1c1da45, 0x9f23e5c7, 0xb17c3598, 0xe8938df6, 0x7ae59036, 0x9f84d87b, 0xc8710dc6, 0x249ee0f8, 0x46eeae2f, 0x66a3bb9b, 0xfeef4c6b, 0xc7b55eae, 0x7951dd0c, 0x0b4391e8, 0x141ad586, 0x1a568588, 0x908293dd, 0x472c0bea, 0x8d00abfe, 0xed17377f, 0x83a01efe};
              ^
Finished building: ../src/main.c
 
Building target: sw_design.elf
Invoking: ARM v7 gcc linker
arm-none-eabi-gcc -mcpu=cortex-a9 -mfpu=vfpv3 -mfloat-abi=hard -Wl,-build-id=none -specs=Xilinx.spec -Wl,-T -Wl,../src/lscript.ld -L../../hw_bsp/ps7_cortexa9_0/lib -o "sw_design.elf"  ./src/platform/platform.o  ./src/asm_func.o ./src/main.o ./src/montgomery.o ./src/mp_arith.o   -Wl,--start-group,-lxil,-lgcc,-lc,--end-group
Finished building target: sw_design.elf
 
Invoking: ARM v7 Print Size
arm-none-eabi-size sw_design.elf  |tee "sw_design.elf.size"
   text	   data	    bss	    dec	    hex	filename
  29372	   1152	  22580	  53104	   cf70	sw_design.elf
Finished building: sw_design.elf.size
 
make[1]: Leaving directory `/users/start2017/r0634161/Desktop/DDP/sw_package/sw_project/project_sw/sw_design/Debug'
11:43:38 **** Incremental Build of configuration Debug for project sw_design ****
make pre-build main-build 
make[1]: Entering directory `/users/start2017/r0634161/Desktop/DDP/sw_package/sw_project/project_sw/sw_design/Debug'
a9-linaro-pre-build-step
 
make[1]: Nothing to be done for `main-build'.
make[1]: Leaving directory `/users/start2017/r0634161/Desktop/DDP/sw_package/sw_project/project_sw/sw_design/Debug'
11:43:45 **** Incremental Build of configuration Debug for project sw_design ****
make pre-build main-build 
make[1]: Entering directory `/users/start2017/r0634161/Desktop/DDP/sw_package/sw_project/project_sw/sw_design/Debug'
a9-linaro-pre-build-step
 
make[1]: Nothing to be done for `main-build'.
make[1]: Leaving directory `/users/start2017/r0634161/Desktop/DDP/sw_package/sw_project/project_sw/sw_design/Debug'
11:43:50 **** Incremental Build of configuration Debug for project sw_design ****
make pre-build main-build 
make[1]: Entering directory `/users/start2017/r0634161/Desktop/DDP/sw_package/sw_project/project_sw/sw_design/Debug'
a9-linaro-pre-build-step
 
make[1]: Nothing to be done for `main-build'.
make[1]: Leaving directory `/users/start2017/r0634161/Desktop/DDP/sw_package/sw_project/project_sw/sw_design/Debug'
11:43:55 **** Incremental Build of configuration Debug for project sw_design ****
make pre-build main-build 
make[1]: Entering directory `/users/start2017/r0634161/Desktop/DDP/sw_package/sw_project/project_sw/sw_design/Debug'
a9-linaro-pre-build-step
 
make[1]: Nothing to be done for `main-build'.
make[1]: Leaving directory `/users/start2017/r0634161/Desktop/DDP/sw_package/sw_project/project_sw/sw_design/Debug'
11:46:55 **** Incremental Build of configuration Debug for project sw_design ****
make pre-build main-build 
make[1]: Entering directory `/users/start2017/r0634161/Desktop/DDP/sw_package/sw_project/project_sw/sw_design/Debug'
a9-linaro-pre-build-step
 
Building file: ../src/main.c
Invoking: ARM v7 gcc compiler
arm-none-eabi-gcc -Wall -O0 -g3 -c -fmessage-length=0 -MT"src/main.o" -mcpu=cortex-a9 -mfpu=vfpv3 -mfloat-abi=hard -I../../hw_bsp/ps7_cortexa9_0/include -MMD -MP -MF"src/main.d" -MT"src/main.o" -o "src/main.o" "../src/main.c"
../src/main.c: In function 'main':
../src/main.c:52:6: error: redeclaration of 'i' with no linkage
  int i;
      ^
../src/main.c:33:9: note: previous declaration of 'i' was here
     int i;
         ^
../src/main.c:25:14: warning: unused variable 'N' [-Wunused-variable]
     uint32_t N[32] = {0x4aeeb107, 0x5d78aa98, 0x6c55dd05, 0x6f5326c9, 0xf93f738c, 0xc10fa093, 0x20478120, 0x099d6d70, 0x833d9b82, 0x1248f3ed, 0xa43ed737, 0xc1c1da45, 0x9f23e5c7, 0xb17c3598, 0xe8938df6, 0x7ae59036, 0x9f84d87b, 0xc8710dc6, 0x249ee0f8, 0x46eeae2f, 0x66a3bb9b, 0xfeef4c6b, 0xc7b55eae, 0x7951dd0c, 0x0b4391e8, 0x141ad586, 0x1a568588, 0x908293dd, 0x472c0bea, 0x8d00abfe, 0xed17377f, 0x83a01efe};
              ^
make[1]: Leaving directory `/users/start2017/r0634161/Desktop/DDP/sw_package/sw_project/project_sw/sw_design/Debug'
make[1]: *** [src/main.o] Error 1
11:46:59 **** Incremental Build of configuration Debug for project sw_design ****
make pre-build main-build 
make[1]: Entering directory `/users/start2017/r0634161/Desktop/DDP/sw_package/sw_project/project_sw/sw_design/Debug'
a9-linaro-pre-build-step
 
Building file: ../src/main.c
Invoking: ARM v7 gcc compiler
arm-none-eabi-gcc -Wall -O0 -g3 -c -fmessage-length=0 -MT"src/main.o" -mcpu=cortex-a9 -mfpu=vfpv3 -mfloat-abi=hard -I../../hw_bsp/ps7_cortexa9_0/include -MMD -MP -MF"src/main.d" -MT"src/main.o" -o "src/main.o" "../src/main.c"
../src/main.c: In function 'main':
../src/main.c:52:6: error: redeclaration of 'i' with no linkage
  int i;
      ^
../src/main.c:33:9: note: previous declaration of 'i' was here
     int i;
         ^
../src/main.c:25:14: warning: unused variable 'N' [-Wunused-variable]
     uint32_t N[32] = {0x4aeeb107, 0x5d78aa98, 0x6c55dd05, 0x6f5326c9, 0xf93f738c, 0xc10fa093, 0x20478120, 0x099d6d70, 0x833d9b82, 0x1248f3ed, 0xa43ed737, 0xc1c1da45, 0x9f23e5c7, 0xb17c3598, 0xe8938df6, 0x7ae59036, 0x9f84d87b, 0xc8710dc6, 0x249ee0f8, 0x46eeae2f, 0x66a3bb9b, 0xfeef4c6b, 0xc7b55eae, 0x7951dd0c, 0x0b4391e8, 0x141ad586, 0x1a568588, 0x908293dd, 0x472c0bea, 0x8d00abfe, 0xed17377f, 0x83a01efe};
              ^
make[1]: *** [src/main.o] Error 1
make[1]: Leaving directory `/users/start2017/r0634161/Desktop/DDP/sw_package/sw_project/project_sw/sw_design/Debug'
11:47:10 **** Incremental Build of configuration Debug for project sw_design ****
make pre-build main-build 
make[1]: Entering directory `/users/start2017/r0634161/Desktop/DDP/sw_package/sw_project/project_sw/sw_design/Debug'
a9-linaro-pre-build-step
 
Building file: ../src/main.c
Invoking: ARM v7 gcc compiler
arm-none-eabi-gcc -Wall -O0 -g3 -c -fmessage-length=0 -MT"src/main.o" -mcpu=cortex-a9 -mfpu=vfpv3 -mfloat-abi=hard -I../../hw_bsp/ps7_cortexa9_0/include -MMD -MP -MF"src/main.d" -MT"src/main.o" -o "src/main.o" "../src/main.c"
../src/main.c: In function 'main':
../src/main.c:52:6: error: redeclaration of 'i' with no linkage
  int i;
      ^
../src/main.c:33:9: note: previous declaration of 'i' was here
     int i;
         ^
../src/main.c:25:14: warning: unused variable 'N' [-Wunused-variable]
     uint32_t N[32] = {0x4aeeb107, 0x5d78aa98, 0x6c55dd05, 0x6f5326c9, 0xf93f738c, 0xc10fa093, 0x20478120, 0x099d6d70, 0x833d9b82, 0x1248f3ed, 0xa43ed737, 0xc1c1da45, 0x9f23e5c7, 0xb17c3598, 0xe8938df6, 0x7ae59036, 0x9f84d87b, 0xc8710dc6, 0x249ee0f8, 0x46eeae2f, 0x66a3bb9b, 0xfeef4c6b, 0xc7b55eae, 0x7951dd0c, 0x0b4391e8, 0x141ad586, 0x1a568588, 0x908293dd, 0x472c0bea, 0x8d00abfe, 0xed17377f, 0x83a01efe};
make[1]: Leaving directory `/users/start2017/r0634161/Desktop/DDP/sw_package/sw_project/project_sw/sw_design/Debug'
              ^
make[1]: *** [src/main.o] Error 1
11:47:15 **** Incremental Build of configuration Debug for project sw_design ****
make pre-build main-build 
make[1]: Entering directory `/users/start2017/r0634161/Desktop/DDP/sw_package/sw_project/project_sw/sw_design/Debug'
a9-linaro-pre-build-step
 
Building file: ../src/main.c
Invoking: ARM v7 gcc compiler
arm-none-eabi-gcc -Wall -O0 -g3 -c -fmessage-length=0 -MT"src/main.o" -mcpu=cortex-a9 -mfpu=vfpv3 -mfloat-abi=hard -I../../hw_bsp/ps7_cortexa9_0/include -MMD -MP -MF"src/main.d" -MT"src/main.o" -o "src/main.o" "../src/main.c"
../src/main.c: In function 'main':
../src/main.c:25:14: warning: unused variable 'N' [-Wunused-variable]
     uint32_t N[32] = {0x4aeeb107, 0x5d78aa98, 0x6c55dd05, 0x6f5326c9, 0xf93f738c, 0xc10fa093, 0x20478120, 0x099d6d70, 0x833d9b82, 0x1248f3ed, 0xa43ed737, 0xc1c1da45, 0x9f23e5c7, 0xb17c3598, 0xe8938df6, 0x7ae59036, 0x9f84d87b, 0xc8710dc6, 0x249ee0f8, 0x46eeae2f, 0x66a3bb9b, 0xfeef4c6b, 0xc7b55eae, 0x7951dd0c, 0x0b4391e8, 0x141ad586, 0x1a568588, 0x908293dd, 0x472c0bea, 0x8d00abfe, 0xed17377f, 0x83a01efe};
              ^
Finished building: ../src/main.c
 
Building target: sw_design.elf
Invoking: ARM v7 gcc linker
arm-none-eabi-gcc -mcpu=cortex-a9 -mfpu=vfpv3 -mfloat-abi=hard -Wl,-build-id=none -specs=Xilinx.spec -Wl,-T -Wl,../src/lscript.ld -L../../hw_bsp/ps7_cortexa9_0/lib -o "sw_design.elf"  ./src/platform/platform.o  ./src/asm_func.o ./src/main.o ./src/montgomery.o ./src/mp_arith.o   -Wl,--start-group,-lxil,-lgcc,-lc,--end-group
Finished building target: sw_design.elf
 
Invoking: ARM v7 Print Size
arm-none-eabi-size sw_design.elf  |tee "sw_design.elf.size"
   text	   data	    bss	    dec	    hex	filename
  29436	   1152	  22580	  53168	   cfb0	sw_design.elf
Finished building: sw_design.elf.size
 
make[1]: Leaving directory `/users/start2017/r0634161/Desktop/DDP/sw_package/sw_project/project_sw/sw_design/Debug'
11:47:19 **** Incremental Build of configuration Debug for project sw_design ****
make pre-build main-build 
make[1]: Entering directory `/users/start2017/r0634161/Desktop/DDP/sw_package/sw_project/project_sw/sw_design/Debug'
a9-linaro-pre-build-step
 
make[1]: Nothing to be done for `main-build'.
make[1]: Leaving directory `/users/start2017/r0634161/Desktop/DDP/sw_package/sw_project/project_sw/sw_design/Debug'
11:47:46 **** Incremental Build of configuration Debug for project sw_design ****
make pre-build main-build 
make[1]: Entering directory `/users/start2017/r0634161/Desktop/DDP/sw_package/sw_project/project_sw/sw_design/Debug'
a9-linaro-pre-build-step
 
Building file: ../src/main.c
Invoking: ARM v7 gcc compiler
arm-none-eabi-gcc -Wall -O0 -g3 -c -fmessage-length=0 -MT"src/main.o" -mcpu=cortex-a9 -mfpu=vfpv3 -mfloat-abi=hard -I../../hw_bsp/ps7_cortexa9_0/include -MMD -MP -MF"src/main.d" -MT"src/main.o" -o "src/main.o" "../src/main.c"
Finished building: ../src/main.c
 
Building target: sw_design.elf
Invoking: ARM v7 gcc linker
arm-none-eabi-gcc -mcpu=cortex-a9 -mfpu=vfpv3 -mfloat-abi=hard -Wl,-build-id=none -specs=Xilinx.spec -Wl,-T -Wl,../src/lscript.ld -L../../hw_bsp/ps7_cortexa9_0/lib -o "sw_design.elf"  ./src/platform/platform.o  ./src/asm_func.o ./src/main.o ./src/montgomery.o ./src/mp_arith.o   -Wl,--start-group,-lxil,-lgcc,-lc,--end-group
Finished building target: sw_design.elf
 
Invoking: ARM v7 Print Size
arm-none-eabi-size sw_design.elf  |tee "sw_design.elf.size"
   text	   data	    bss	    dec	    hex	filename
  29436	   1152	  22580	  53168	   cfb0	sw_design.elf
Finished building: sw_design.elf.size
 
make[1]: Leaving directory `/users/start2017/r0634161/Desktop/DDP/sw_package/sw_project/project_sw/sw_design/Debug'
11:47:54 **** Incremental Build of configuration Debug for project sw_design ****
make pre-build main-build 
make[1]: Entering directory `/users/start2017/r0634161/Desktop/DDP/sw_package/sw_project/project_sw/sw_design/Debug'
a9-linaro-pre-build-step
 
make[1]: Nothing to be done for `main-build'.
make[1]: Leaving directory `/users/start2017/r0634161/Desktop/DDP/sw_package/sw_project/project_sw/sw_design/Debug'
11:50:02 **** Incremental Build of configuration Debug for project sw_design ****
make pre-build main-build 
make[1]: Entering directory `/users/start2017/r0634161/Desktop/DDP/sw_package/sw_project/project_sw/sw_design/Debug'
a9-linaro-pre-build-step
 
Building file: ../src/mp_arith.c
Invoking: ARM v7 gcc compiler
arm-none-eabi-gcc -Wall -O0 -g3 -c -fmessage-length=0 -MT"src/mp_arith.o" -mcpu=cortex-a9 -mfpu=vfpv3 -mfloat-abi=hard -I../../hw_bsp/ps7_cortexa9_0/include -MMD -MP -MF"src/mp_arith.d" -MT"src/mp_arith.o" -o "src/mp_arith.o" "../src/mp_arith.c"
Finished building: ../src/mp_arith.c
 
Building target: sw_design.elf
Invoking: ARM v7 gcc linker
arm-none-eabi-gcc -mcpu=cortex-a9 -mfpu=vfpv3 -mfloat-abi=hard -Wl,-build-id=none -specs=Xilinx.spec -Wl,-T -Wl,../src/lscript.ld -L../../hw_bsp/ps7_cortexa9_0/lib -o "sw_design.elf"  ./src/platform/platform.o  ./src/asm_func.o ./src/main.o ./src/montgomery.o ./src/mp_arith.o   -Wl,--start-group,-lxil,-lgcc,-lc,--end-group
Finished building target: sw_design.elf
 
Invoking: ARM v7 Print Size
arm-none-eabi-size sw_design.elf  |tee "sw_design.elf.size"
   text	   data	    bss	    dec	    hex	filename
  29436	   1152	  22580	  53168	   cfb0	sw_design.elf
Finished building: sw_design.elf.size
 
make[1]: Leaving directory `/users/start2017/r0634161/Desktop/DDP/sw_package/sw_project/project_sw/sw_design/Debug'
11:50:06 **** Incremental Build of configuration Debug for project sw_design ****
make pre-build main-build 
make[1]: Entering directory `/users/start2017/r0634161/Desktop/DDP/sw_package/sw_project/project_sw/sw_design/Debug'
a9-linaro-pre-build-step
 
make[1]: Nothing to be done for `main-build'.
make[1]: Leaving directory `/users/start2017/r0634161/Desktop/DDP/sw_package/sw_project/project_sw/sw_design/Debug'
11:50:26 **** Incremental Build of configuration Debug for project sw_design ****
make pre-build main-build 
make[1]: Entering directory `/users/start2017/r0634161/Desktop/DDP/sw_package/sw_project/project_sw/sw_design/Debug'
a9-linaro-pre-build-step
 
Building file: ../src/mp_arith.c
Invoking: ARM v7 gcc compiler
arm-none-eabi-gcc -Wall -O0 -g3 -c -fmessage-length=0 -MT"src/mp_arith.o" -mcpu=cortex-a9 -mfpu=vfpv3 -mfloat-abi=hard -I../../hw_bsp/ps7_cortexa9_0/include -MMD -MP -MF"src/mp_arith.d" -MT"src/mp_arith.o" -o "src/mp_arith.o" "../src/mp_arith.c"
Finished building: ../src/mp_arith.c
 
Building target: sw_design.elf
Invoking: ARM v7 gcc linker
arm-none-eabi-gcc -mcpu=cortex-a9 -mfpu=vfpv3 -mfloat-abi=hard -Wl,-build-id=none -specs=Xilinx.spec -Wl,-T -Wl,../src/lscript.ld -L../../hw_bsp/ps7_cortexa9_0/lib -o "sw_design.elf"  ./src/platform/platform.o  ./src/asm_func.o ./src/main.o ./src/montgomery.o ./src/mp_arith.o   -Wl,--start-group,-lxil,-lgcc,-lc,--end-group
Finished building target: sw_design.elf
 
Invoking: ARM v7 Print Size
arm-none-eabi-size sw_design.elf  |tee "sw_design.elf.size"
   text	   data	    bss	    dec	    hex	filename
  29436	   1152	  22580	  53168	   cfb0	sw_design.elf
Finished building: sw_design.elf.size
 
make[1]: Leaving directory `/users/start2017/r0634161/Desktop/DDP/sw_package/sw_project/project_sw/sw_design/Debug'
11:52:52 **** Incremental Build of configuration Debug for project sw_design ****
make pre-build main-build 
make[1]: Entering directory `/users/start2017/r0634161/Desktop/DDP/sw_package/sw_project/project_sw/sw_design/Debug'
a9-linaro-pre-build-step
 
Building file: ../src/mp_arith.c
Invoking: ARM v7 gcc compiler
arm-none-eabi-gcc -Wall -O0 -g3 -c -fmessage-length=0 -MT"src/mp_arith.o" -mcpu=cortex-a9 -mfpu=vfpv3 -mfloat-abi=hard -I../../hw_bsp/ps7_cortexa9_0/include -MMD -MP -MF"src/mp_arith.d" -MT"src/mp_arith.o" -o "src/mp_arith.o" "../src/mp_arith.c"
Finished building: ../src/mp_arith.c
 
Building target: sw_design.elf
Invoking: ARM v7 gcc linker
arm-none-eabi-gcc -mcpu=cortex-a9 -mfpu=vfpv3 -mfloat-abi=hard -Wl,-build-id=none -specs=Xilinx.spec -Wl,-T -Wl,../src/lscript.ld -L../../hw_bsp/ps7_cortexa9_0/lib -o "sw_design.elf"  ./src/platform/platform.o  ./src/asm_func.o ./src/main.o ./src/montgomery.o ./src/mp_arith.o   -Wl,--start-group,-lxil,-lgcc,-lc,--end-group
Finished building target: sw_design.elf
 
Invoking: ARM v7 Print Size
arm-none-eabi-size sw_design.elf  |tee "sw_design.elf.size"
   text	   data	    bss	    dec	    hex	filename
  29436	   1152	  22580	  53168	   cfb0	sw_design.elf
Finished building: sw_design.elf.size
 
make[1]: Leaving directory `/users/start2017/r0634161/Desktop/DDP/sw_package/sw_project/project_sw/sw_design/Debug'
11:52:56 **** Incremental Build of configuration Debug for project sw_design ****
make pre-build main-build 
make[1]: Entering directory `/users/start2017/r0634161/Desktop/DDP/sw_package/sw_project/project_sw/sw_design/Debug'
a9-linaro-pre-build-step
 
make[1]: Nothing to be done for `main-build'.
make[1]: Leaving directory `/users/start2017/r0634161/Desktop/DDP/sw_package/sw_project/project_sw/sw_design/Debug'
11:54:12 **** Incremental Build of configuration Debug for project sw_design ****
make pre-build main-build 
make[1]: Entering directory `/users/start2017/r0634161/Desktop/DDP/sw_package/sw_project/project_sw/sw_design/Debug'
a9-linaro-pre-build-step
 
Building file: ../src/mp_arith.c
Invoking: ARM v7 gcc compiler
arm-none-eabi-gcc -Wall -O0 -g3 -c -fmessage-length=0 -MT"src/mp_arith.o" -mcpu=cortex-a9 -mfpu=vfpv3 -mfloat-abi=hard -I../../hw_bsp/ps7_cortexa9_0/include -MMD -MP -MF"src/mp_arith.d" -MT"src/mp_arith.o" -o "src/mp_arith.o" "../src/mp_arith.c"
Finished building: ../src/mp_arith.c
 
Building target: sw_design.elf
Invoking: ARM v7 gcc linker
arm-none-eabi-gcc -mcpu=cortex-a9 -mfpu=vfpv3 -mfloat-abi=hard -Wl,-build-id=none -specs=Xilinx.spec -Wl,-T -Wl,../src/lscript.ld -L../../hw_bsp/ps7_cortexa9_0/lib -o "sw_design.elf"  ./src/platform/platform.o  ./src/asm_func.o ./src/main.o ./src/montgomery.o ./src/mp_arith.o   -Wl,--start-group,-lxil,-lgcc,-lc,--end-group
Finished building target: sw_design.elf
 
Invoking: ARM v7 Print Size
arm-none-eabi-size sw_design.elf  |tee "sw_design.elf.size"
   text	   data	    bss	    dec	    hex	filename
  29436	   1152	  22580	  53168	   cfb0	sw_design.elf
Finished building: sw_design.elf.size
 
make[1]: Leaving directory `/users/start2017/r0634161/Desktop/DDP/sw_package/sw_project/project_sw/sw_design/Debug'
11:54:15 **** Incremental Build of configuration Debug for project sw_design ****
make pre-build main-build 
make[1]: Entering directory `/users/start2017/r0634161/Desktop/DDP/sw_package/sw_project/project_sw/sw_design/Debug'
a9-linaro-pre-build-step
 
make[1]: Nothing to be done for `main-build'.
make[1]: Leaving directory `/users/start2017/r0634161/Desktop/DDP/sw_package/sw_project/project_sw/sw_design/Debug'
11:54:46 **** Incremental Build of configuration Debug for project sw_design ****
make pre-build main-build 
make[1]: Entering directory `/users/start2017/r0634161/Desktop/DDP/sw_package/sw_project/project_sw/sw_design/Debug'
a9-linaro-pre-build-step
 
Building file: ../src/mp_arith.c
Invoking: ARM v7 gcc compiler
arm-none-eabi-gcc -Wall -O0 -g3 -c -fmessage-length=0 -MT"src/mp_arith.o" -mcpu=cortex-a9 -mfpu=vfpv3 -mfloat-abi=hard -I../../hw_bsp/ps7_cortexa9_0/include -MMD -MP -MF"src/mp_arith.d" -MT"src/mp_arith.o" -o "src/mp_arith.o" "../src/mp_arith.c"
Finished building: ../src/mp_arith.c
 
Building target: sw_design.elf
Invoking: ARM v7 gcc linker
arm-none-eabi-gcc -mcpu=cortex-a9 -mfpu=vfpv3 -mfloat-abi=hard -Wl,-build-id=none -specs=Xilinx.spec -Wl,-T -Wl,../src/lscript.ld -L../../hw_bsp/ps7_cortexa9_0/lib -o "sw_design.elf"  ./src/platform/platform.o  ./src/asm_func.o ./src/main.o ./src/montgomery.o ./src/mp_arith.o   -Wl,--start-group,-lxil,-lgcc,-lc,--end-group
Finished building target: sw_design.elf
 
Invoking: ARM v7 Print Size
arm-none-eabi-size sw_design.elf  |tee "sw_design.elf.size"
   text	   data	    bss	    dec	    hex	filename
  29436	   1152	  22580	  53168	   cfb0	sw_design.elf
Finished building: sw_design.elf.size
 
make[1]: Leaving directory `/users/start2017/r0634161/Desktop/DDP/sw_package/sw_project/project_sw/sw_design/Debug'
11:54:47 **** Incremental Build of configuration Debug for project sw_design ****
make pre-build main-build 
make[1]: Entering directory `/users/start2017/r0634161/Desktop/DDP/sw_package/sw_project/project_sw/sw_design/Debug'
a9-linaro-pre-build-step
 
make[1]: Nothing to be done for `main-build'.
make[1]: Leaving directory `/users/start2017/r0634161/Desktop/DDP/sw_package/sw_project/project_sw/sw_design/Debug'
11:55:33 **** Incremental Build of configuration Debug for project sw_design ****
make pre-build main-build 
make[1]: Entering directory `/users/start2017/r0634161/Desktop/DDP/sw_package/sw_project/project_sw/sw_design/Debug'
a9-linaro-pre-build-step
 
Building file: ../src/mp_arith.c
Invoking: ARM v7 gcc compiler
arm-none-eabi-gcc -Wall -O0 -g3 -c -fmessage-length=0 -MT"src/mp_arith.o" -mcpu=cortex-a9 -mfpu=vfpv3 -mfloat-abi=hard -I../../hw_bsp/ps7_cortexa9_0/include -MMD -MP -MF"src/mp_arith.d" -MT"src/mp_arith.o" -o "src/mp_arith.o" "../src/mp_arith.c"
Finished building: ../src/mp_arith.c
 
Building target: sw_design.elf
Invoking: ARM v7 gcc linker
arm-none-eabi-gcc -mcpu=cortex-a9 -mfpu=vfpv3 -mfloat-abi=hard -Wl,-build-id=none -specs=Xilinx.spec -Wl,-T -Wl,../src/lscript.ld -L../../hw_bsp/ps7_cortexa9_0/lib -o "sw_design.elf"  ./src/platform/platform.o  ./src/asm_func.o ./src/main.o ./src/montgomery.o ./src/mp_arith.o   -Wl,--start-group,-lxil,-lgcc,-lc,--end-group
Finished building target: sw_design.elf
 
Invoking: ARM v7 Print Size
arm-none-eabi-size sw_design.elf  |tee "sw_design.elf.size"
   text	   data	    bss	    dec	    hex	filename
  29436	   1152	  22580	  53168	   cfb0	sw_design.elf
Finished building: sw_design.elf.size
 
make[1]: Leaving directory `/users/start2017/r0634161/Desktop/DDP/sw_package/sw_project/project_sw/sw_design/Debug'
11:55:35 **** Incremental Build of configuration Debug for project sw_design ****
make pre-build main-build 
make[1]: Entering directory `/users/start2017/r0634161/Desktop/DDP/sw_package/sw_project/project_sw/sw_design/Debug'
a9-linaro-pre-build-step
 
make[1]: Nothing to be done for `main-build'.
make[1]: Leaving directory `/users/start2017/r0634161/Desktop/DDP/sw_package/sw_project/project_sw/sw_design/Debug'
11:55:55 **** Incremental Build of configuration Debug for project sw_design ****
make pre-build main-build 
make[1]: Entering directory `/users/start2017/r0634161/Desktop/DDP/sw_package/sw_project/project_sw/sw_design/Debug'
a9-linaro-pre-build-step
 
make[1]: Nothing to be done for `main-build'.
make[1]: Leaving directory `/users/start2017/r0634161/Desktop/DDP/sw_package/sw_project/project_sw/sw_design/Debug'
11:56:23 **** Incremental Build of configuration Debug for project sw_design ****
make pre-build main-build 
make[1]: Entering directory `/users/start2017/r0634161/Desktop/DDP/sw_package/sw_project/project_sw/sw_design/Debug'
a9-linaro-pre-build-step
 
Building file: ../src/mp_arith.c
Invoking: ARM v7 gcc compiler
arm-none-eabi-gcc -Wall -O0 -g3 -c -fmessage-length=0 -MT"src/mp_arith.o" -mcpu=cortex-a9 -mfpu=vfpv3 -mfloat-abi=hard -I../../hw_bsp/ps7_cortexa9_0/include -MMD -MP -MF"src/mp_arith.d" -MT"src/mp_arith.o" -o "src/mp_arith.o" "../src/mp_arith.c"
Finished building: ../src/mp_arith.c
 
Building target: sw_design.elf
Invoking: ARM v7 gcc linker
arm-none-eabi-gcc -mcpu=cortex-a9 -mfpu=vfpv3 -mfloat-abi=hard -Wl,-build-id=none -specs=Xilinx.spec -Wl,-T -Wl,../src/lscript.ld -L../../hw_bsp/ps7_cortexa9_0/lib -o "sw_design.elf"  ./src/platform/platform.o  ./src/asm_func.o ./src/main.o ./src/montgomery.o ./src/mp_arith.o   -Wl,--start-group,-lxil,-lgcc,-lc,--end-group
Finished building target: sw_design.elf
 
Invoking: ARM v7 Print Size
arm-none-eabi-size sw_design.elf  |tee "sw_design.elf.size"
   text	   data	    bss	    dec	    hex	filename
  29436	   1152	  22580	  53168	   cfb0	sw_design.elf
Finished building: sw_design.elf.size
 
make[1]: Leaving directory `/users/start2017/r0634161/Desktop/DDP/sw_package/sw_project/project_sw/sw_design/Debug'
11:56:25 **** Incremental Build of configuration Debug for project sw_design ****
make pre-build main-build 
make[1]: Entering directory `/users/start2017/r0634161/Desktop/DDP/sw_package/sw_project/project_sw/sw_design/Debug'
a9-linaro-pre-build-step
 
make[1]: Nothing to be done for `main-build'.
make[1]: Leaving directory `/users/start2017/r0634161/Desktop/DDP/sw_package/sw_project/project_sw/sw_design/Debug'
11:57:33 **** Incremental Build of configuration Debug for project sw_design ****
make pre-build main-build 
make[1]: Entering directory `/users/start2017/r0634161/Desktop/DDP/sw_package/sw_project/project_sw/sw_design/Debug'
a9-linaro-pre-build-step
 
Building file: ../src/main.c
Invoking: ARM v7 gcc compiler
arm-none-eabi-gcc -Wall -O0 -g3 -c -fmessage-length=0 -MT"src/main.o" -mcpu=cortex-a9 -mfpu=vfpv3 -mfloat-abi=hard -I../../hw_bsp/ps7_cortexa9_0/include -MMD -MP -MF"src/main.d" -MT"src/main.o" -o "src/main.o" "../src/main.c"
Finished building: ../src/main.c
 
Building file: ../src/mp_arith.c
Invoking: ARM v7 gcc compiler
arm-none-eabi-gcc -Wall -O0 -g3 -c -fmessage-length=0 -MT"src/mp_arith.o" -mcpu=cortex-a9 -mfpu=vfpv3 -mfloat-abi=hard -I../../hw_bsp/ps7_cortexa9_0/include -MMD -MP -MF"src/mp_arith.d" -MT"src/mp_arith.o" -o "src/mp_arith.o" "../src/mp_arith.c"
Finished building: ../src/mp_arith.c
 
Building target: sw_design.elf
Invoking: ARM v7 gcc linker
arm-none-eabi-gcc -mcpu=cortex-a9 -mfpu=vfpv3 -mfloat-abi=hard -Wl,-build-id=none -specs=Xilinx.spec -Wl,-T -Wl,../src/lscript.ld -L../../hw_bsp/ps7_cortexa9_0/lib -o "sw_design.elf"  ./src/platform/platform.o  ./src/asm_func.o ./src/main.o ./src/montgomery.o ./src/mp_arith.o   -Wl,--start-group,-lxil,-lgcc,-lc,--end-group
Finished building target: sw_design.elf
 
Invoking: ARM v7 Print Size
arm-none-eabi-size sw_design.elf  |tee "sw_design.elf.size"
   text	   data	    bss	    dec	    hex	filename
  29308	   1152	  22580	  53040	   cf30	sw_design.elf
Finished building: sw_design.elf.size
 
make[1]: Leaving directory `/users/start2017/r0634161/Desktop/DDP/sw_package/sw_project/project_sw/sw_design/Debug'
11:57:36 **** Incremental Build of configuration Debug for project sw_design ****
make pre-build main-build 
make[1]: Entering directory `/users/start2017/r0634161/Desktop/DDP/sw_package/sw_project/project_sw/sw_design/Debug'
a9-linaro-pre-build-step
 
make[1]: Nothing to be done for `main-build'.
make[1]: Leaving directory `/users/start2017/r0634161/Desktop/DDP/sw_package/sw_project/project_sw/sw_design/Debug'
11:59:41 **** Incremental Build of configuration Debug for project sw_design ****
make pre-build main-build 
make[1]: Entering directory `/users/start2017/r0634161/Desktop/DDP/sw_package/sw_project/project_sw/sw_design/Debug'
a9-linaro-pre-build-step
 
Building file: ../src/main.c
Invoking: ARM v7 gcc compiler
arm-none-eabi-gcc -Wall -O0 -g3 -c -fmessage-length=0 -MT"src/main.o" -mcpu=cortex-a9 -mfpu=vfpv3 -mfloat-abi=hard -I../../hw_bsp/ps7_cortexa9_0/include -MMD -MP -MF"src/main.d" -MT"src/main.o" -o "src/main.o" "../src/main.c"
Finished building: ../src/main.c
 
Building file: ../src/mp_arith.c
Invoking: ARM v7 gcc compiler
arm-none-eabi-gcc -Wall -O0 -g3 -c -fmessage-length=0 -MT"src/mp_arith.o" -mcpu=cortex-a9 -mfpu=vfpv3 -mfloat-abi=hard -I../../hw_bsp/ps7_cortexa9_0/include -MMD -MP -MF"src/mp_arith.d" -MT"src/mp_arith.o" -o "src/mp_arith.o" "../src/mp_arith.c"
../src/mp_arith.c: In function 'mp_comp':
../src/mp_arith.c:55:2: warning: implicit declaration of function 'xil_printf' [-Wimplicit-function-declaration]
  xil_printf("SAME");
  ^
Finished building: ../src/mp_arith.c
 
Building target: sw_design.elf
Invoking: ARM v7 gcc linker
arm-none-eabi-gcc -mcpu=cortex-a9 -mfpu=vfpv3 -mfloat-abi=hard -Wl,-build-id=none -specs=Xilinx.spec -Wl,-T -Wl,../src/lscript.ld -L../../hw_bsp/ps7_cortexa9_0/lib -o "sw_design.elf"  ./src/platform/platform.o  ./src/asm_func.o ./src/main.o ./src/montgomery.o ./src/mp_arith.o   -Wl,--start-group,-lxil,-lgcc,-lc,--end-group
Finished building target: sw_design.elf
 
Invoking: ARM v7 Print Size
arm-none-eabi-size sw_design.elf  |tee "sw_design.elf.size"
   text	   data	    bss	    dec	    hex	filename
  29308	   1152	  22580	  53040	   cf30	sw_design.elf
Finished building: sw_design.elf.size
 
make[1]: Leaving directory `/users/start2017/r0634161/Desktop/DDP/sw_package/sw_project/project_sw/sw_design/Debug'
11:59:44 **** Incremental Build of configuration Debug for project sw_design ****
make pre-build main-build 
make[1]: Entering directory `/users/start2017/r0634161/Desktop/DDP/sw_package/sw_project/project_sw/sw_design/Debug'
a9-linaro-pre-build-step
 
make[1]: Nothing to be done for `main-build'.
make[1]: Leaving directory `/users/start2017/r0634161/Desktop/DDP/sw_package/sw_project/project_sw/sw_design/Debug'
12:00:09 **** Incremental Build of configuration Debug for project sw_design ****
make pre-build main-build 
make[1]: Entering directory `/users/start2017/r0634161/Desktop/DDP/sw_package/sw_project/project_sw/sw_design/Debug'
a9-linaro-pre-build-step
 
make[1]: Nothing to be done for `main-build'.
make[1]: Leaving directory `/users/start2017/r0634161/Desktop/DDP/sw_package/sw_project/project_sw/sw_design/Debug'
12:00:15 **** Incremental Build of configuration Debug for project sw_design ****
make pre-build main-build 
make[1]: Entering directory `/users/start2017/r0634161/Desktop/DDP/sw_package/sw_project/project_sw/sw_design/Debug'
a9-linaro-pre-build-step
 
make[1]: Nothing to be done for `main-build'.
make[1]: Leaving directory `/users/start2017/r0634161/Desktop/DDP/sw_package/sw_project/project_sw/sw_design/Debug'
12:01:11 **** Incremental Build of configuration Debug for project sw_design ****
make pre-build main-build 
make[1]: Entering directory `/users/start2017/r0634161/Desktop/DDP/sw_package/sw_project/project_sw/sw_design/Debug'
a9-linaro-pre-build-step
 
make[1]: Nothing to be done for `main-build'.
make[1]: Leaving directory `/users/start2017/r0634161/Desktop/DDP/sw_package/sw_project/project_sw/sw_design/Debug'
12:02:30 **** Incremental Build of configuration Debug for project sw_design ****
make pre-build main-build 
make[1]: Entering directory `/users/start2017/r0634161/Desktop/DDP/sw_package/sw_project/project_sw/sw_design/Debug'
a9-linaro-pre-build-step
 
make[1]: Nothing to be done for `main-build'.
make[1]: Leaving directory `/users/start2017/r0634161/Desktop/DDP/sw_package/sw_project/project_sw/sw_design/Debug'
12:04:43 **** Incremental Build of configuration Debug for project sw_design ****
make pre-build main-build 
make[1]: Entering directory `/users/start2017/r0634161/Desktop/DDP/sw_package/sw_project/project_sw/sw_design/Debug'
a9-linaro-pre-build-step
 
Building file: ../src/mp_arith.c
Invoking: ARM v7 gcc compiler
arm-none-eabi-gcc -Wall -O0 -g3 -c -fmessage-length=0 -MT"src/mp_arith.o" -mcpu=cortex-a9 -mfpu=vfpv3 -mfloat-abi=hard -I../../hw_bsp/ps7_cortexa9_0/include -MMD -MP -MF"src/mp_arith.d" -MT"src/mp_arith.o" -o "src/mp_arith.o" "../src/mp_arith.c"
../src/mp_arith.c: In function 'mp_comp':
../src/mp_arith.c:55:2: warning: implicit declaration of function 'xil_printf' [-Wimplicit-function-declaration]
  xil_printf("SAME");
  ^
Finished building: ../src/mp_arith.c
 
Building target: sw_design.elf
Invoking: ARM v7 gcc linker
arm-none-eabi-gcc -mcpu=cortex-a9 -mfpu=vfpv3 -mfloat-abi=hard -Wl,-build-id=none -specs=Xilinx.spec -Wl,-T -Wl,../src/lscript.ld -L../../hw_bsp/ps7_cortexa9_0/lib -o "sw_design.elf"  ./src/platform/platform.o  ./src/asm_func.o ./src/main.o ./src/montgomery.o ./src/mp_arith.o   -Wl,--start-group,-lxil,-lgcc,-lc,--end-group
Finished building target: sw_design.elf
 
Invoking: ARM v7 Print Size
arm-none-eabi-size sw_design.elf  |tee "sw_design.elf.size"
   text	   data	    bss	    dec	    hex	filename
  29316	   1152	  22580	  53048	   cf38	sw_design.elf
Finished building: sw_design.elf.size
 
make[1]: Leaving directory `/users/start2017/r0634161/Desktop/DDP/sw_package/sw_project/project_sw/sw_design/Debug'
12:04:54 **** Incremental Build of configuration Debug for project sw_design ****
make pre-build main-build 
make[1]: Entering directory `/users/start2017/r0634161/Desktop/DDP/sw_package/sw_project/project_sw/sw_design/Debug'
a9-linaro-pre-build-step
 
make[1]: Nothing to be done for `main-build'.
make[1]: Leaving directory `/users/start2017/r0634161/Desktop/DDP/sw_package/sw_project/project_sw/sw_design/Debug'
12:05:47 **** Incremental Build of configuration Debug for project sw_design ****
make pre-build main-build 
make[1]: Entering directory `/users/start2017/r0634161/Desktop/DDP/sw_package/sw_project/project_sw/sw_design/Debug'
a9-linaro-pre-build-step
 
Building file: ../src/main.c
Invoking: ARM v7 gcc compiler
arm-none-eabi-gcc -Wall -O0 -g3 -c -fmessage-length=0 -MT"src/main.o" -mcpu=cortex-a9 -mfpu=vfpv3 -mfloat-abi=hard -I../../hw_bsp/ps7_cortexa9_0/include -MMD -MP -MF"src/main.d" -MT"src/main.o" -o "src/main.o" "../src/main.c"
Finished building: ../src/main.c
 
Building target: sw_design.elf
Invoking: ARM v7 gcc linker
arm-none-eabi-gcc -mcpu=cortex-a9 -mfpu=vfpv3 -mfloat-abi=hard -Wl,-build-id=none -specs=Xilinx.spec -Wl,-T -Wl,../src/lscript.ld -L../../hw_bsp/ps7_cortexa9_0/lib -o "sw_design.elf"  ./src/platform/platform.o  ./src/asm_func.o ./src/main.o ./src/montgomery.o ./src/mp_arith.o   -Wl,--start-group,-lxil,-lgcc,-lc,--end-group
Finished building target: sw_design.elf
 
Invoking: ARM v7 Print Size
arm-none-eabi-size sw_design.elf  |tee "sw_design.elf.size"
   text	   data	    bss	    dec	    hex	filename
  29444	   1152	  22580	  53176	   cfb8	sw_design.elf
Finished building: sw_design.elf.size
 
make[1]: Leaving directory `/users/start2017/r0634161/Desktop/DDP/sw_package/sw_project/project_sw/sw_design/Debug'
12:05:59 **** Incremental Build of configuration Debug for project sw_design ****
make pre-build main-build 
make[1]: Entering directory `/users/start2017/r0634161/Desktop/DDP/sw_package/sw_project/project_sw/sw_design/Debug'
a9-linaro-pre-build-step
 
make[1]: Nothing to be done for `main-build'.
make[1]: Leaving directory `/users/start2017/r0634161/Desktop/DDP/sw_package/sw_project/project_sw/sw_design/Debug'
12:06:05 **** Incremental Build of configuration Debug for project sw_design ****
make pre-build main-build 
make[1]: Entering directory `/users/start2017/r0634161/Desktop/DDP/sw_package/sw_project/project_sw/sw_design/Debug'
a9-linaro-pre-build-step
 
make[1]: Nothing to be done for `main-build'.
make[1]: Leaving directory `/users/start2017/r0634161/Desktop/DDP/sw_package/sw_project/project_sw/sw_design/Debug'
12:06:36 **** Incremental Build of configuration Debug for project sw_design ****
make pre-build main-build 
make[1]: Entering directory `/users/start2017/r0634161/Desktop/DDP/sw_package/sw_project/project_sw/sw_design/Debug'
a9-linaro-pre-build-step
 
Building file: ../src/main.c
Invoking: ARM v7 gcc compiler
arm-none-eabi-gcc -Wall -O0 -g3 -c -fmessage-length=0 -MT"src/main.o" -mcpu=cortex-a9 -mfpu=vfpv3 -mfloat-abi=hard -I../../hw_bsp/ps7_cortexa9_0/include -MMD -MP -MF"src/main.d" -MT"src/main.o" -o "src/main.o" "../src/main.c"
../src/main.c: In function 'main':
../src/main.c:27:14: warning: unused variable 'N' [-Wunused-variable]
     uint32_t N[32] = {0x4aeeb107, 0x5d78aa98, 0x6c55dd05, 0x6f5326c9, 0xf93f738c, 0xc10fa093, 0x20478120, 0x099d6d70, 0x833d9b82, 0x1248f3ed, 0xa43ed737, 0xc1c1da45, 0x9f23e5c7, 0xb17c3598, 0xe8938df6, 0x7ae59036, 0x9f84d87b, 0xc8710dc6, 0x249ee0f8, 0x46eeae2f, 0x66a3bb9b, 0xfeef4c6b, 0xc7b55eae, 0x7951dd0c, 0x0b4391e8, 0x141ad586, 0x1a568588, 0x908293dd, 0x472c0bea, 0x8d00abfe, 0xed17377f, 0x83a01efe};
              ^
Finished building: ../src/main.c
 
Building target: sw_design.elf
Invoking: ARM v7 gcc linker
arm-none-eabi-gcc -mcpu=cortex-a9 -mfpu=vfpv3 -mfloat-abi=hard -Wl,-build-id=none -specs=Xilinx.spec -Wl,-T -Wl,../src/lscript.ld -L../../hw_bsp/ps7_cortexa9_0/lib -o "sw_design.elf"  ./src/platform/platform.o  ./src/asm_func.o ./src/main.o ./src/montgomery.o ./src/mp_arith.o   -Wl,--start-group,-lxil,-lgcc,-lc,--end-group
Finished building target: sw_design.elf
 
Invoking: ARM v7 Print Size
arm-none-eabi-size sw_design.elf  |tee "sw_design.elf.size"
   text	   data	    bss	    dec	    hex	filename
  29444	   1152	  22580	  53176	   cfb8	sw_design.elf
Finished building: sw_design.elf.size
 
make[1]: Leaving directory `/users/start2017/r0634161/Desktop/DDP/sw_package/sw_project/project_sw/sw_design/Debug'
12:06:38 **** Incremental Build of configuration Debug for project sw_design ****
make pre-build main-build 
make[1]: Entering directory `/users/start2017/r0634161/Desktop/DDP/sw_package/sw_project/project_sw/sw_design/Debug'
a9-linaro-pre-build-step
 
make[1]: Nothing to be done for `main-build'.
make[1]: Leaving directory `/users/start2017/r0634161/Desktop/DDP/sw_package/sw_project/project_sw/sw_design/Debug'
12:09:58 **** Incremental Build of configuration Debug for project sw_design ****
make pre-build main-build 
make[1]: Entering directory `/users/start2017/r0634161/Desktop/DDP/sw_package/sw_project/project_sw/sw_design/Debug'
a9-linaro-pre-build-step
 
Building file: ../src/main.c
Invoking: ARM v7 gcc compiler
arm-none-eabi-gcc -Wall -O0 -g3 -c -fmessage-length=0 -MT"src/main.o" -mcpu=cortex-a9 -mfpu=vfpv3 -mfloat-abi=hard -I../../hw_bsp/ps7_cortexa9_0/include -MMD -MP -MF"src/main.d" -MT"src/main.o" -o "src/main.o" "../src/main.c"
Finished building: ../src/main.c
 
Building file: ../src/mp_arith.c
Invoking: ARM v7 gcc compiler
arm-none-eabi-gcc -Wall -O0 -g3 -c -fmessage-length=0 -MT"src/mp_arith.o" -mcpu=cortex-a9 -mfpu=vfpv3 -mfloat-abi=hard -I../../hw_bsp/ps7_cortexa9_0/include -MMD -MP -MF"src/mp_arith.d" -MT"src/mp_arith.o" -o "src/mp_arith.o" "../src/mp_arith.c"
../src/mp_arith.c: In function 'mod_sub':
../src/mp_arith.c:95:3: warning: implicit declaration of function 'xil_printf' [-Wimplicit-function-declaration]
   xil_printf("LARGER");
   ^
Finished building: ../src/mp_arith.c
 
Building target: sw_design.elf
Invoking: ARM v7 gcc linker
arm-none-eabi-gcc -mcpu=cortex-a9 -mfpu=vfpv3 -mfloat-abi=hard -Wl,-build-id=none -specs=Xilinx.spec -Wl,-T -Wl,../src/lscript.ld -L../../hw_bsp/ps7_cortexa9_0/lib -o "sw_design.elf"  ./src/platform/platform.o  ./src/asm_func.o ./src/main.o ./src/montgomery.o ./src/mp_arith.o   -Wl,--start-group,-lxil,-lgcc,-lc,--end-group
Finished building target: sw_design.elf
 
Invoking: ARM v7 Print Size
arm-none-eabi-size sw_design.elf  |tee "sw_design.elf.size"
   text	   data	    bss	    dec	    hex	filename
  29444	   1152	  22580	  53176	   cfb8	sw_design.elf
Finished building: sw_design.elf.size
 
make[1]: Leaving directory `/users/start2017/r0634161/Desktop/DDP/sw_package/sw_project/project_sw/sw_design/Debug'
12:10:03 **** Incremental Build of configuration Debug for project sw_design ****
make pre-build main-build 
make[1]: Entering directory `/users/start2017/r0634161/Desktop/DDP/sw_package/sw_project/project_sw/sw_design/Debug'
a9-linaro-pre-build-step
 
make[1]: Nothing to be done for `main-build'.
make[1]: Leaving directory `/users/start2017/r0634161/Desktop/DDP/sw_package/sw_project/project_sw/sw_design/Debug'
12:10:05 **** Incremental Build of configuration Debug for project sw_design ****
make pre-build main-build 
make[1]: Entering directory `/users/start2017/r0634161/Desktop/DDP/sw_package/sw_project/project_sw/sw_design/Debug'
a9-linaro-pre-build-step
 
make[1]: Nothing to be done for `main-build'.
make[1]: Leaving directory `/users/start2017/r0634161/Desktop/DDP/sw_package/sw_project/project_sw/sw_design/Debug'
12:10:25 **** Incremental Build of configuration Debug for project sw_design ****
make pre-build main-build 
make[1]: Entering directory `/users/start2017/r0634161/Desktop/DDP/sw_package/sw_project/project_sw/sw_design/Debug'
a9-linaro-pre-build-step
 
Building file: ../src/mp_arith.c
Invoking: ARM v7 gcc compiler
arm-none-eabi-gcc -Wall -O0 -g3 -c -fmessage-length=0 -MT"src/mp_arith.o" -mcpu=cortex-a9 -mfpu=vfpv3 -mfloat-abi=hard -I../../hw_bsp/ps7_cortexa9_0/include -MMD -MP -MF"src/mp_arith.d" -MT"src/mp_arith.o" -o "src/mp_arith.o" "../src/mp_arith.c"
../src/mp_arith.c: In function 'mod_sub':
../src/mp_arith.c:95:3: warning: implicit declaration of function 'xil_printf' [-Wimplicit-function-declaration]
   xil_printf("LARGER");
   ^
Finished building: ../src/mp_arith.c
 
Building target: sw_design.elf
Invoking: ARM v7 gcc linker
arm-none-eabi-gcc -mcpu=cortex-a9 -mfpu=vfpv3 -mfloat-abi=hard -Wl,-build-id=none -specs=Xilinx.spec -Wl,-T -Wl,../src/lscript.ld -L../../hw_bsp/ps7_cortexa9_0/lib -o "sw_design.elf"  ./src/platform/platform.o  ./src/asm_func.o ./src/main.o ./src/montgomery.o ./src/mp_arith.o   -Wl,--start-group,-lxil,-lgcc,-lc,--end-group
Finished building target: sw_design.elf
 
Invoking: ARM v7 Print Size
arm-none-eabi-size sw_design.elf  |tee "sw_design.elf.size"
   text	   data	    bss	    dec	    hex	filename
  29452	   1152	  22580	  53184	   cfc0	sw_design.elf
Finished building: sw_design.elf.size
 
make[1]: Leaving directory `/users/start2017/r0634161/Desktop/DDP/sw_package/sw_project/project_sw/sw_design/Debug'
12:10:28 **** Incremental Build of configuration Debug for project sw_design ****
make pre-build main-build 
make[1]: Entering directory `/users/start2017/r0634161/Desktop/DDP/sw_package/sw_project/project_sw/sw_design/Debug'
a9-linaro-pre-build-step
 
make[1]: Nothing to be done for `main-build'.
make[1]: Leaving directory `/users/start2017/r0634161/Desktop/DDP/sw_package/sw_project/project_sw/sw_design/Debug'
12:14:47 **** Incremental Build of configuration Debug for project sw_design ****
make pre-build main-build 
make[1]: Entering directory `/users/start2017/r0634161/Desktop/DDP/sw_package/sw_project/project_sw/sw_design/Debug'
a9-linaro-pre-build-step
 
Building file: ../src/mp_arith.c
Invoking: ARM v7 gcc compiler
arm-none-eabi-gcc -Wall -O0 -g3 -c -fmessage-length=0 -MT"src/mp_arith.o" -mcpu=cortex-a9 -mfpu=vfpv3 -mfloat-abi=hard -I../../hw_bsp/ps7_cortexa9_0/include -MMD -MP -MF"src/mp_arith.d" -MT"src/mp_arith.o" -o "src/mp_arith.o" "../src/mp_arith.c"
../src/mp_arith.c: In function 'mod_sub':
../src/mp_arith.c:95:3: warning: implicit declaration of function 'xil_printf' [-Wimplicit-function-declaration]
   xil_printf("LARGER");
   ^
Finished building: ../src/mp_arith.c
 
Building target: sw_design.elf
Invoking: ARM v7 gcc linker
arm-none-eabi-gcc -mcpu=cortex-a9 -mfpu=vfpv3 -mfloat-abi=hard -Wl,-build-id=none -specs=Xilinx.spec -Wl,-T -Wl,../src/lscript.ld -L../../hw_bsp/ps7_cortexa9_0/lib -o "sw_design.elf"  ./src/platform/platform.o  ./src/asm_func.o ./src/main.o ./src/montgomery.o ./src/mp_arith.o   -Wl,--start-group,-lxil,-lgcc,-lc,--end-group
Finished building target: sw_design.elf
 
Invoking: ARM v7 Print Size
arm-none-eabi-size sw_design.elf  |tee "sw_design.elf.size"
   text	   data	    bss	    dec	    hex	filename
  29516	   1152	  22580	  53248	   d000	sw_design.elf
Finished building: sw_design.elf.size
 
make[1]: Leaving directory `/users/start2017/r0634161/Desktop/DDP/sw_package/sw_project/project_sw/sw_design/Debug'
12:14:51 **** Incremental Build of configuration Debug for project sw_design ****
make pre-build main-build 
make[1]: Entering directory `/users/start2017/r0634161/Desktop/DDP/sw_package/sw_project/project_sw/sw_design/Debug'
a9-linaro-pre-build-step
 
make[1]: Nothing to be done for `main-build'.
make[1]: Leaving directory `/users/start2017/r0634161/Desktop/DDP/sw_package/sw_project/project_sw/sw_design/Debug'
12:15:03 **** Incremental Build of configuration Debug for project sw_design ****
make pre-build main-build 
make[1]: Entering directory `/users/start2017/r0634161/Desktop/DDP/sw_package/sw_project/project_sw/sw_design/Debug'
a9-linaro-pre-build-step
 
Building file: ../src/mp_arith.c
Invoking: ARM v7 gcc compiler
arm-none-eabi-gcc -Wall -O0 -g3 -c -fmessage-length=0 -MT"src/mp_arith.o" -mcpu=cortex-a9 -mfpu=vfpv3 -mfloat-abi=hard -I../../hw_bsp/ps7_cortexa9_0/include -MMD -MP -MF"src/mp_arith.d" -MT"src/mp_arith.o" -o "src/mp_arith.o" "../src/mp_arith.c"
../src/mp_arith.c: In function 'mod_sub':
../src/mp_arith.c:95:3: warning: implicit declaration of function 'xil_printf' [-Wimplicit-function-declaration]
   xil_printf("LARGER");
   ^
../src/mp_arith.c:110:40: error: invalid suffix "c" on integer constant
    int64_t t = (int64_t)a[i]  - b[i] - 2c;
                                        ^
make[1]: *** [src/mp_arith.o] Error 1
make[1]: Leaving directory `/users/start2017/r0634161/Desktop/DDP/sw_package/sw_project/project_sw/sw_design/Debug'
12:15:07 **** Incremental Build of configuration Debug for project sw_design ****
make pre-build main-build 
make[1]: Entering directory `/users/start2017/r0634161/Desktop/DDP/sw_package/sw_project/project_sw/sw_design/Debug'
a9-linaro-pre-build-step
 
Building file: ../src/mp_arith.c
Invoking: ARM v7 gcc compiler
arm-none-eabi-gcc -Wall -O0 -g3 -c -fmessage-length=0 -MT"src/mp_arith.o" -mcpu=cortex-a9 -mfpu=vfpv3 -mfloat-abi=hard -I../../hw_bsp/ps7_cortexa9_0/include -MMD -MP -MF"src/mp_arith.d" -MT"src/mp_arith.o" -o "src/mp_arith.o" "../src/mp_arith.c"
../src/mp_arith.c: In function 'mod_sub':
../src/mp_arith.c:95:3: warning: implicit declaration of function 'xil_printf' [-Wimplicit-function-declaration]
   xil_printf("LARGER");
   ^
Finished building: ../src/mp_arith.c
 
Building target: sw_design.elf
Invoking: ARM v7 gcc linker
arm-none-eabi-gcc -mcpu=cortex-a9 -mfpu=vfpv3 -mfloat-abi=hard -Wl,-build-id=none -specs=Xilinx.spec -Wl,-T -Wl,../src/lscript.ld -L../../hw_bsp/ps7_cortexa9_0/lib -o "sw_design.elf"  ./src/platform/platform.o  ./src/asm_func.o ./src/main.o ./src/montgomery.o ./src/mp_arith.o   -Wl,--start-group,-lxil,-lgcc,-lc,--end-group
Finished building target: sw_design.elf
 
Invoking: ARM v7 Print Size
arm-none-eabi-size sw_design.elf  |tee "sw_design.elf.size"
   text	   data	    bss	    dec	    hex	filename
  29516	   1152	  22580	  53248	   d000	sw_design.elf
Finished building: sw_design.elf.size
 
make[1]: Leaving directory `/users/start2017/r0634161/Desktop/DDP/sw_package/sw_project/project_sw/sw_design/Debug'
12:15:10 **** Incremental Build of configuration Debug for project sw_design ****
make pre-build main-build 
make[1]: Entering directory `/users/start2017/r0634161/Desktop/DDP/sw_package/sw_project/project_sw/sw_design/Debug'
a9-linaro-pre-build-step
 
make[1]: Nothing to be done for `main-build'.
make[1]: Leaving directory `/users/start2017/r0634161/Desktop/DDP/sw_package/sw_project/project_sw/sw_design/Debug'
12:15:38 **** Incremental Build of configuration Debug for project sw_design ****
make pre-build main-build 
make[1]: Entering directory `/users/start2017/r0634161/Desktop/DDP/sw_package/sw_project/project_sw/sw_design/Debug'
a9-linaro-pre-build-step
 
Building file: ../src/mp_arith.c
Invoking: ARM v7 gcc compiler
arm-none-eabi-gcc -Wall -O0 -g3 -c -fmessage-length=0 -MT"src/mp_arith.o" -mcpu=cortex-a9 -mfpu=vfpv3 -mfloat-abi=hard -I../../hw_bsp/ps7_cortexa9_0/include -MMD -MP -MF"src/mp_arith.d" -MT"src/mp_arith.o" -o "src/mp_arith.o" "../src/mp_arith.c"
../src/mp_arith.c: In function 'mod_sub':
../src/mp_arith.c:95:3: warning: implicit declaration of function 'xil_printf' [-Wimplicit-function-declaration]
   xil_printf("LARGER");
   ^
Finished building: ../src/mp_arith.c
 
Building target: sw_design.elf
Invoking: ARM v7 gcc linker
arm-none-eabi-gcc -mcpu=cortex-a9 -mfpu=vfpv3 -mfloat-abi=hard -Wl,-build-id=none -specs=Xilinx.spec -Wl,-T -Wl,../src/lscript.ld -L../../hw_bsp/ps7_cortexa9_0/lib -o "sw_design.elf"  ./src/platform/platform.o  ./src/asm_func.o ./src/main.o ./src/montgomery.o ./src/mp_arith.o   -Wl,--start-group,-lxil,-lgcc,-lc,--end-group
Finished building target: sw_design.elf
 
Invoking: ARM v7 Print Size
arm-none-eabi-size sw_design.elf  |tee "sw_design.elf.size"
   text	   data	    bss	    dec	    hex	filename
  29516	   1152	  22580	  53248	   d000	sw_design.elf
Finished building: sw_design.elf.size
 
make[1]: Leaving directory `/users/start2017/r0634161/Desktop/DDP/sw_package/sw_project/project_sw/sw_design/Debug'
12:15:41 **** Incremental Build of configuration Debug for project sw_design ****
make pre-build main-build 
make[1]: Entering directory `/users/start2017/r0634161/Desktop/DDP/sw_package/sw_project/project_sw/sw_design/Debug'
a9-linaro-pre-build-step
 
make[1]: Nothing to be done for `main-build'.
make[1]: Leaving directory `/users/start2017/r0634161/Desktop/DDP/sw_package/sw_project/project_sw/sw_design/Debug'
12:17:29 **** Incremental Build of configuration Debug for project sw_design ****
make pre-build main-build 
make[1]: Entering directory `/users/start2017/r0634161/Desktop/DDP/sw_package/sw_project/project_sw/sw_design/Debug'
a9-linaro-pre-build-step
 
make[1]: Nothing to be done for `main-build'.
make[1]: Leaving directory `/users/start2017/r0634161/Desktop/DDP/sw_package/sw_project/project_sw/sw_design/Debug'
12:17:32 **** Incremental Build of configuration Debug for project sw_design ****
make pre-build main-build 
make[1]: Entering directory `/users/start2017/r0634161/Desktop/DDP/sw_package/sw_project/project_sw/sw_design/Debug'
a9-linaro-pre-build-step
 
make[1]: Nothing to be done for `main-build'.
make[1]: Leaving directory `/users/start2017/r0634161/Desktop/DDP/sw_package/sw_project/project_sw/sw_design/Debug'
12:18:44 **** Incremental Build of configuration Debug for project sw_design ****
make pre-build main-build 
make[1]: Entering directory `/users/start2017/r0634161/Desktop/DDP/sw_package/sw_project/project_sw/sw_design/Debug'
a9-linaro-pre-build-step
 
Building file: ../src/mp_arith.c
Invoking: ARM v7 gcc compiler
arm-none-eabi-gcc -Wall -O0 -g3 -c -fmessage-length=0 -MT"src/mp_arith.o" -mcpu=cortex-a9 -mfpu=vfpv3 -mfloat-abi=hard -I../../hw_bsp/ps7_cortexa9_0/include -MMD -MP -MF"src/mp_arith.d" -MT"src/mp_arith.o" -o "src/mp_arith.o" "../src/mp_arith.c"
../src/mp_arith.c: In function 'mod_sub':
../src/mp_arith.c:95:3: warning: implicit declaration of function 'xil_printf' [-Wimplicit-function-declaration]
   xil_printf("LARGER");
   ^
Finished building: ../src/mp_arith.c
 
Building target: sw_design.elf
Invoking: ARM v7 gcc linker
arm-none-eabi-gcc -mcpu=cortex-a9 -mfpu=vfpv3 -mfloat-abi=hard -Wl,-build-id=none -specs=Xilinx.spec -Wl,-T -Wl,../src/lscript.ld -L../../hw_bsp/ps7_cortexa9_0/lib -o "sw_design.elf"  ./src/platform/platform.o  ./src/asm_func.o ./src/main.o ./src/montgomery.o ./src/mp_arith.o   -Wl,--start-group,-lxil,-lgcc,-lc,--end-group
Finished building target: sw_design.elf
 
Invoking: ARM v7 Print Size
arm-none-eabi-size sw_design.elf  |tee "sw_design.elf.size"
   text	   data	    bss	    dec	    hex	filename
  29580	   1152	  22580	  53312	   d040	sw_design.elf
Finished building: sw_design.elf.size
 
make[1]: Leaving directory `/users/start2017/r0634161/Desktop/DDP/sw_package/sw_project/project_sw/sw_design/Debug'
12:18:50 **** Incremental Build of configuration Debug for project sw_design ****
make pre-build main-build 
make[1]: Entering directory `/users/start2017/r0634161/Desktop/DDP/sw_package/sw_project/project_sw/sw_design/Debug'
a9-linaro-pre-build-step
 
make[1]: Nothing to be done for `main-build'.
make[1]: Leaving directory `/users/start2017/r0634161/Desktop/DDP/sw_package/sw_project/project_sw/sw_design/Debug'
12:18:51 **** Incremental Build of configuration Debug for project sw_design ****
make pre-build main-build 
make[1]: Entering directory `/users/start2017/r0634161/Desktop/DDP/sw_package/sw_project/project_sw/sw_design/Debug'
a9-linaro-pre-build-step
 
make[1]: Nothing to be done for `main-build'.
make[1]: Leaving directory `/users/start2017/r0634161/Desktop/DDP/sw_package/sw_project/project_sw/sw_design/Debug'
12:18:53 **** Incremental Build of configuration Debug for project sw_design ****
make pre-build main-build 
make[1]: Entering directory `/users/start2017/r0634161/Desktop/DDP/sw_package/sw_project/project_sw/sw_design/Debug'
a9-linaro-pre-build-step
 
make[1]: Nothing to be done for `main-build'.
make[1]: Leaving directory `/users/start2017/r0634161/Desktop/DDP/sw_package/sw_project/project_sw/sw_design/Debug'
12:19:44 **** Incremental Build of configuration Debug for project sw_design ****
make pre-build main-build 
make[1]: Entering directory `/users/start2017/r0634161/Desktop/DDP/sw_package/sw_project/project_sw/sw_design/Debug'
a9-linaro-pre-build-step
 
Building file: ../src/mp_arith.c
Invoking: ARM v7 gcc compiler
arm-none-eabi-gcc -Wall -O0 -g3 -c -fmessage-length=0 -MT"src/mp_arith.o" -mcpu=cortex-a9 -mfpu=vfpv3 -mfloat-abi=hard -I../../hw_bsp/ps7_cortexa9_0/include -MMD -MP -MF"src/mp_arith.d" -MT"src/mp_arith.o" -o "src/mp_arith.o" "../src/mp_arith.c"
../src/mp_arith.c: In function 'mod_sub':
../src/mp_arith.c:95:3: warning: implicit declaration of function 'xil_printf' [-Wimplicit-function-declaration]
   xil_printf("LARGER");
   ^
Finished building: ../src/mp_arith.c
 
Building target: sw_design.elf
Invoking: ARM v7 gcc linker
arm-none-eabi-gcc -mcpu=cortex-a9 -mfpu=vfpv3 -mfloat-abi=hard -Wl,-build-id=none -specs=Xilinx.spec -Wl,-T -Wl,../src/lscript.ld -L../../hw_bsp/ps7_cortexa9_0/lib -o "sw_design.elf"  ./src/platform/platform.o  ./src/asm_func.o ./src/main.o ./src/montgomery.o ./src/mp_arith.o   -Wl,--start-group,-lxil,-lgcc,-lc,--end-group
Finished building target: sw_design.elf
 
Invoking: ARM v7 Print Size
arm-none-eabi-size sw_design.elf  |tee "sw_design.elf.size"
   text	   data	    bss	    dec	    hex	filename
  29580	   1152	  22580	  53312	   d040	sw_design.elf
Finished building: sw_design.elf.size
 
make[1]: Leaving directory `/users/start2017/r0634161/Desktop/DDP/sw_package/sw_project/project_sw/sw_design/Debug'
12:20:48 **** Incremental Build of configuration Debug for project sw_design ****
make pre-build main-build 
make[1]: Entering directory `/users/start2017/r0634161/Desktop/DDP/sw_package/sw_project/project_sw/sw_design/Debug'
a9-linaro-pre-build-step
 
Building file: ../src/mp_arith.c
Invoking: ARM v7 gcc compiler
arm-none-eabi-gcc -Wall -O0 -g3 -c -fmessage-length=0 -MT"src/mp_arith.o" -mcpu=cortex-a9 -mfpu=vfpv3 -mfloat-abi=hard -I../../hw_bsp/ps7_cortexa9_0/include -MMD -MP -MF"src/mp_arith.d" -MT"src/mp_arith.o" -o "src/mp_arith.o" "../src/mp_arith.c"
../src/mp_arith.c: In function 'mod_sub':
../src/mp_arith.c:95:3: warning: implicit declaration of function 'xil_printf' [-Wimplicit-function-declaration]
   xil_printf("LARGER");
   ^
Finished building: ../src/mp_arith.c
 
Building target: sw_design.elf
Invoking: ARM v7 gcc linker
arm-none-eabi-gcc -mcpu=cortex-a9 -mfpu=vfpv3 -mfloat-abi=hard -Wl,-build-id=none -specs=Xilinx.spec -Wl,-T -Wl,../src/lscript.ld -L../../hw_bsp/ps7_cortexa9_0/lib -o "sw_design.elf"  ./src/platform/platform.o  ./src/asm_func.o ./src/main.o ./src/montgomery.o ./src/mp_arith.o   -Wl,--start-group,-lxil,-lgcc,-lc,--end-group
Finished building target: sw_design.elf
 
Invoking: ARM v7 Print Size
arm-none-eabi-size sw_design.elf  |tee "sw_design.elf.size"
   text	   data	    bss	    dec	    hex	filename
  29660	   1152	  22580	  53392	   d090	sw_design.elf
Finished building: sw_design.elf.size
 
make[1]: Leaving directory `/users/start2017/r0634161/Desktop/DDP/sw_package/sw_project/project_sw/sw_design/Debug'
12:20:50 **** Incremental Build of configuration Debug for project sw_design ****
make pre-build main-build 
make[1]: Entering directory `/users/start2017/r0634161/Desktop/DDP/sw_package/sw_project/project_sw/sw_design/Debug'
a9-linaro-pre-build-step
 
make[1]: Nothing to be done for `main-build'.
make[1]: Leaving directory `/users/start2017/r0634161/Desktop/DDP/sw_package/sw_project/project_sw/sw_design/Debug'
12:24:25 **** Incremental Build of configuration Debug for project sw_design ****
make pre-build main-build 
make[1]: Entering directory `/users/start2017/r0634161/Desktop/DDP/sw_package/sw_project/project_sw/sw_design/Debug'
a9-linaro-pre-build-step
 
Building file: ../src/mp_arith.c
Invoking: ARM v7 gcc compiler
arm-none-eabi-gcc -Wall -O0 -g3 -c -fmessage-length=0 -MT"src/mp_arith.o" -mcpu=cortex-a9 -mfpu=vfpv3 -mfloat-abi=hard -I../../hw_bsp/ps7_cortexa9_0/include -MMD -MP -MF"src/mp_arith.d" -MT"src/mp_arith.o" -o "src/mp_arith.o" "../src/mp_arith.c"
../src/mp_arith.c: In function 'mod_sub':
../src/mp_arith.c:95:3: warning: implicit declaration of function 'xil_printf' [-Wimplicit-function-declaration]
   xil_printf("LARGER");
   ^
Finished building: ../src/mp_arith.c
 
Building target: sw_design.elf
Invoking: ARM v7 gcc linker
arm-none-eabi-gcc -mcpu=cortex-a9 -mfpu=vfpv3 -mfloat-abi=hard -Wl,-build-id=none -specs=Xilinx.spec -Wl,-T -Wl,../src/lscript.ld -L../../hw_bsp/ps7_cortexa9_0/lib -o "sw_design.elf"  ./src/platform/platform.o  ./src/asm_func.o ./src/main.o ./src/montgomery.o ./src/mp_arith.o   -Wl,--start-group,-lxil,-lgcc,-lc,--end-group
Finished building target: sw_design.elf
 
Invoking: ARM v7 Print Size
arm-none-eabi-size sw_design.elf  |tee "sw_design.elf.size"
   text	   data	    bss	    dec	    hex	filename
  29532	   1152	  22580	  53264	   d010	sw_design.elf
Finished building: sw_design.elf.size
 
make[1]: Leaving directory `/users/start2017/r0634161/Desktop/DDP/sw_package/sw_project/project_sw/sw_design/Debug'
12:24:27 **** Incremental Build of configuration Debug for project sw_design ****
make pre-build main-build 
make[1]: Entering directory `/users/start2017/r0634161/Desktop/DDP/sw_package/sw_project/project_sw/sw_design/Debug'
a9-linaro-pre-build-step
 
make[1]: Nothing to be done for `main-build'.
make[1]: Leaving directory `/users/start2017/r0634161/Desktop/DDP/sw_package/sw_project/project_sw/sw_design/Debug'
12:25:15 **** Incremental Build of configuration Debug for project sw_design ****
make pre-build main-build 
make[1]: Entering directory `/users/start2017/r0634161/Desktop/DDP/sw_package/sw_project/project_sw/sw_design/Debug'
a9-linaro-pre-build-step
 
Building file: ../src/mp_arith.c
Invoking: ARM v7 gcc compiler
arm-none-eabi-gcc -Wall -O0 -g3 -c -fmessage-length=0 -MT"src/mp_arith.o" -mcpu=cortex-a9 -mfpu=vfpv3 -mfloat-abi=hard -I../../hw_bsp/ps7_cortexa9_0/include -MMD -MP -MF"src/mp_arith.d" -MT"src/mp_arith.o" -o "src/mp_arith.o" "../src/mp_arith.c"
../src/mp_arith.c: In function 'mod_sub':
../src/mp_arith.c:95:3: warning: implicit declaration of function 'xil_printf' [-Wimplicit-function-declaration]
   xil_printf("LARGER");
   ^
Finished building: ../src/mp_arith.c
 
Building target: sw_design.elf
Invoking: ARM v7 gcc linker
arm-none-eabi-gcc -mcpu=cortex-a9 -mfpu=vfpv3 -mfloat-abi=hard -Wl,-build-id=none -specs=Xilinx.spec -Wl,-T -Wl,../src/lscript.ld -L../../hw_bsp/ps7_cortexa9_0/lib -o "sw_design.elf"  ./src/platform/platform.o  ./src/asm_func.o ./src/main.o ./src/montgomery.o ./src/mp_arith.o   -Wl,--start-group,-lxil,-lgcc,-lc,--end-group
Finished building target: sw_design.elf
 
Invoking: ARM v7 Print Size
arm-none-eabi-size sw_design.elf  |tee "sw_design.elf.size"
   text	   data	    bss	    dec	    hex	filename
  29460	   1152	  22580	  53192	   cfc8	sw_design.elf
Finished building: sw_design.elf.size
 
make[1]: Leaving directory `/users/start2017/r0634161/Desktop/DDP/sw_package/sw_project/project_sw/sw_design/Debug'
12:25:18 **** Incremental Build of configuration Debug for project sw_design ****
make pre-build main-build 
make[1]: Entering directory `/users/start2017/r0634161/Desktop/DDP/sw_package/sw_project/project_sw/sw_design/Debug'
a9-linaro-pre-build-step
 
make[1]: Nothing to be done for `main-build'.
make[1]: Leaving directory `/users/start2017/r0634161/Desktop/DDP/sw_package/sw_project/project_sw/sw_design/Debug'
12:26:02 **** Incremental Build of configuration Debug for project sw_design ****
make pre-build main-build 
make[1]: Entering directory `/users/start2017/r0634161/Desktop/DDP/sw_package/sw_project/project_sw/sw_design/Debug'
a9-linaro-pre-build-step
 
Building file: ../src/mp_arith.c
Invoking: ARM v7 gcc compiler
arm-none-eabi-gcc -Wall -O0 -g3 -c -fmessage-length=0 -MT"src/mp_arith.o" -mcpu=cortex-a9 -mfpu=vfpv3 -mfloat-abi=hard -I../../hw_bsp/ps7_cortexa9_0/include -MMD -MP -MF"src/mp_arith.d" -MT"src/mp_arith.o" -o "src/mp_arith.o" "../src/mp_arith.c"
../src/mp_arith.c: In function 'mod_sub':
../src/mp_arith.c:95:3: warning: implicit declaration of function 'xil_printf' [-Wimplicit-function-declaration]
   xil_printf("LARGER");
   ^
Finished building: ../src/mp_arith.c
 
Building target: sw_design.elf
Invoking: ARM v7 gcc linker
arm-none-eabi-gcc -mcpu=cortex-a9 -mfpu=vfpv3 -mfloat-abi=hard -Wl,-build-id=none -specs=Xilinx.spec -Wl,-T -Wl,../src/lscript.ld -L../../hw_bsp/ps7_cortexa9_0/lib -o "sw_design.elf"  ./src/platform/platform.o  ./src/asm_func.o ./src/main.o ./src/montgomery.o ./src/mp_arith.o   -Wl,--start-group,-lxil,-lgcc,-lc,--end-group
Finished building target: sw_design.elf
 
Invoking: ARM v7 Print Size
arm-none-eabi-size sw_design.elf  |tee "sw_design.elf.size"
   text	   data	    bss	    dec	    hex	filename
  29524	   1152	  22580	  53256	   d008	sw_design.elf
Finished building: sw_design.elf.size
 
make[1]: Leaving directory `/users/start2017/r0634161/Desktop/DDP/sw_package/sw_project/project_sw/sw_design/Debug'
12:26:05 **** Incremental Build of configuration Debug for project sw_design ****
make pre-build main-build 
make[1]: Entering directory `/users/start2017/r0634161/Desktop/DDP/sw_package/sw_project/project_sw/sw_design/Debug'
a9-linaro-pre-build-step
 
make[1]: Nothing to be done for `main-build'.
make[1]: Leaving directory `/users/start2017/r0634161/Desktop/DDP/sw_package/sw_project/project_sw/sw_design/Debug'
12:26:54 **** Incremental Build of configuration Debug for project sw_design ****
make pre-build main-build 
make[1]: Entering directory `/users/start2017/r0634161/Desktop/DDP/sw_package/sw_project/project_sw/sw_design/Debug'
a9-linaro-pre-build-step
 
Building file: ../src/mp_arith.c
Invoking: ARM v7 gcc compiler
arm-none-eabi-gcc -Wall -O0 -g3 -c -fmessage-length=0 -MT"src/mp_arith.o" -mcpu=cortex-a9 -mfpu=vfpv3 -mfloat-abi=hard -I../../hw_bsp/ps7_cortexa9_0/include -MMD -MP -MF"src/mp_arith.d" -MT"src/mp_arith.o" -o "src/mp_arith.o" "../src/mp_arith.c"
../src/mp_arith.c: In function 'mod_sub':
../src/mp_arith.c:95:3: warning: implicit declaration of function 'xil_printf' [-Wimplicit-function-declaration]
   xil_printf("LARGER");
   ^
Finished building: ../src/mp_arith.c
 
Building target: sw_design.elf
Invoking: ARM v7 gcc linker
arm-none-eabi-gcc -mcpu=cortex-a9 -mfpu=vfpv3 -mfloat-abi=hard -Wl,-build-id=none -specs=Xilinx.spec -Wl,-T -Wl,../src/lscript.ld -L../../hw_bsp/ps7_cortexa9_0/lib -o "sw_design.elf"  ./src/platform/platform.o  ./src/asm_func.o ./src/main.o ./src/montgomery.o ./src/mp_arith.o   -Wl,--start-group,-lxil,-lgcc,-lc,--end-group
Finished building target: sw_design.elf
 
Invoking: ARM v7 Print Size
arm-none-eabi-size sw_design.elf  |tee "sw_design.elf.size"
   text	   data	    bss	    dec	    hex	filename
  29532	   1152	  22580	  53264	   d010	sw_design.elf
Finished building: sw_design.elf.size
 
make[1]: Leaving directory `/users/start2017/r0634161/Desktop/DDP/sw_package/sw_project/project_sw/sw_design/Debug'
12:26:57 **** Incremental Build of configuration Debug for project sw_design ****
make pre-build main-build 
make[1]: Entering directory `/users/start2017/r0634161/Desktop/DDP/sw_package/sw_project/project_sw/sw_design/Debug'
a9-linaro-pre-build-step
 
make[1]: Nothing to be done for `main-build'.
make[1]: Leaving directory `/users/start2017/r0634161/Desktop/DDP/sw_package/sw_project/project_sw/sw_design/Debug'
12:34:33 **** Incremental Build of configuration Debug for project sw_design ****
make pre-build main-build 
make[1]: Entering directory `/users/start2017/r0634161/Desktop/DDP/sw_package/sw_project/project_sw/sw_design/Debug'
a9-linaro-pre-build-step
 
Building file: ../src/mp_arith.c
Invoking: ARM v7 gcc compiler
arm-none-eabi-gcc -Wall -O0 -g3 -c -fmessage-length=0 -MT"src/mp_arith.o" -mcpu=cortex-a9 -mfpu=vfpv3 -mfloat-abi=hard -I../../hw_bsp/ps7_cortexa9_0/include -MMD -MP -MF"src/mp_arith.d" -MT"src/mp_arith.o" -o "src/mp_arith.o" "../src/mp_arith.c"
../src/mp_arith.c: In function 'mod_sub':
../src/mp_arith.c:95:3: warning: implicit declaration of function 'xil_printf' [-Wimplicit-function-declaration]
   xil_printf("LARGER");
   ^
Finished building: ../src/mp_arith.c
 
Building target: sw_design.elf
Invoking: ARM v7 gcc linker
arm-none-eabi-gcc -mcpu=cortex-a9 -mfpu=vfpv3 -mfloat-abi=hard -Wl,-build-id=none -specs=Xilinx.spec -Wl,-T -Wl,../src/lscript.ld -L../../hw_bsp/ps7_cortexa9_0/lib -o "sw_design.elf"  ./src/platform/platform.o  ./src/asm_func.o ./src/main.o ./src/montgomery.o ./src/mp_arith.o   -Wl,--start-group,-lxil,-lgcc,-lc,--end-group
Finished building target: sw_design.elf
 
Invoking: ARM v7 Print Size
arm-none-eabi-size sw_design.elf  |tee "sw_design.elf.size"
   text	   data	    bss	    dec	    hex	filename
  29900	   1152	  22580	  53632	   d180	sw_design.elf
Finished building: sw_design.elf.size
 
make[1]: Leaving directory `/users/start2017/r0634161/Desktop/DDP/sw_package/sw_project/project_sw/sw_design/Debug'
12:34:38 **** Incremental Build of configuration Debug for project sw_design ****
make pre-build main-build 
make[1]: Entering directory `/users/start2017/r0634161/Desktop/DDP/sw_package/sw_project/project_sw/sw_design/Debug'
a9-linaro-pre-build-step
 
make[1]: Nothing to be done for `main-build'.
make[1]: Leaving directory `/users/start2017/r0634161/Desktop/DDP/sw_package/sw_project/project_sw/sw_design/Debug'
12:35:19 **** Incremental Build of configuration Debug for project sw_design ****
make pre-build main-build 
make[1]: Entering directory `/users/start2017/r0634161/Desktop/DDP/sw_package/sw_project/project_sw/sw_design/Debug'
a9-linaro-pre-build-step
 
Building file: ../src/mp_arith.c
Invoking: ARM v7 gcc compiler
arm-none-eabi-gcc -Wall -O0 -g3 -c -fmessage-length=0 -MT"src/mp_arith.o" -mcpu=cortex-a9 -mfpu=vfpv3 -mfloat-abi=hard -I../../hw_bsp/ps7_cortexa9_0/include -MMD -MP -MF"src/mp_arith.d" -MT"src/mp_arith.o" -o "src/mp_arith.o" "../src/mp_arith.c"
../src/mp_arith.c: In function 'mod_sub':
../src/mp_arith.c:95:3: warning: implicit declaration of function 'xil_printf' [-Wimplicit-function-declaration]
   xil_printf("LARGER");
   ^
Finished building: ../src/mp_arith.c
 
Building target: sw_design.elf
Invoking: ARM v7 gcc linker
arm-none-eabi-gcc -mcpu=cortex-a9 -mfpu=vfpv3 -mfloat-abi=hard -Wl,-build-id=none -specs=Xilinx.spec -Wl,-T -Wl,../src/lscript.ld -L../../hw_bsp/ps7_cortexa9_0/lib -o "sw_design.elf"  ./src/platform/platform.o  ./src/asm_func.o ./src/main.o ./src/montgomery.o ./src/mp_arith.o   -Wl,--start-group,-lxil,-lgcc,-lc,--end-group
Finished building target: sw_design.elf
 
Invoking: ARM v7 Print Size
arm-none-eabi-size sw_design.elf  |tee "sw_design.elf.size"
   text	   data	    bss	    dec	    hex	filename
  29900	   1152	  22580	  53632	   d180	sw_design.elf
Finished building: sw_design.elf.size
 
make[1]: Leaving directory `/users/start2017/r0634161/Desktop/DDP/sw_package/sw_project/project_sw/sw_design/Debug'
12:35:21 **** Incremental Build of configuration Debug for project sw_design ****
make pre-build main-build 
make[1]: Entering directory `/users/start2017/r0634161/Desktop/DDP/sw_package/sw_project/project_sw/sw_design/Debug'
a9-linaro-pre-build-step
 
make[1]: Nothing to be done for `main-build'.
make[1]: Leaving directory `/users/start2017/r0634161/Desktop/DDP/sw_package/sw_project/project_sw/sw_design/Debug'
12:45:25 **** Incremental Build of configuration Debug for project sw_design ****
make pre-build main-build 
make[1]: Entering directory `/users/start2017/r0634161/Desktop/DDP/sw_package/sw_project/project_sw/sw_design/Debug'
a9-linaro-pre-build-step
 
Building file: ../src/main.c
Invoking: ARM v7 gcc compiler
arm-none-eabi-gcc -Wall -O0 -g3 -c -fmessage-length=0 -MT"src/main.o" -mcpu=cortex-a9 -mfpu=vfpv3 -mfloat-abi=hard -I../../hw_bsp/ps7_cortexa9_0/include -MMD -MP -MF"src/main.d" -MT"src/main.o" -o "src/main.o" "../src/main.c"
../src/main.c: In function 'print_arr':
../src/main.c:17:22: error: 'result' undeclared (first use in this function)
   xil_printf("%08x", result[i]);
                      ^
../src/main.c:17:22: note: each undeclared identifier is reported only once for each function it appears in
../src/main.c: In function 'main':
../src/main.c:39:25: error: 'res_size' undeclared (first use in this function)
     uint32_t add_result[res_size + 1];
                         ^
../src/main.c:40:14: warning: unused variable 'result' [-Wunused-variable]
     uint32_t result[res_size];
              ^
../src/main.c:39:14: warning: unused variable 'add_result' [-Wunused-variable]
     uint32_t add_result[res_size + 1];
              ^
make[1]: *** [src/main.o] Error 1
make[1]: Leaving directory `/users/start2017/r0634161/Desktop/DDP/sw_package/sw_project/project_sw/sw_design/Debug'
12:45:27 **** Incremental Build of configuration Debug for project sw_design ****
make pre-build main-build 
make[1]: Entering directory `/users/start2017/r0634161/Desktop/DDP/sw_package/sw_project/project_sw/sw_design/Debug'
a9-linaro-pre-build-step
 
Building file: ../src/main.c
Invoking: ARM v7 gcc compiler
arm-none-eabi-gcc -Wall -O0 -g3 -c -fmessage-length=0 -MT"src/main.o" -mcpu=cortex-a9 -mfpu=vfpv3 -mfloat-abi=hard -I../../hw_bsp/ps7_cortexa9_0/include -MMD -MP -MF"src/main.d" -MT"src/main.o" -o "src/main.o" "../src/main.c"
../src/main.c: In function 'print_arr':
../src/main.c:17:22: error: 'result' undeclared (first use in this function)
   xil_printf("%08x", result[i]);
                      ^
../src/main.c:17:22: note: each undeclared identifier is reported only once for each function it appears in
../src/main.c: In function 'main':
../src/main.c:39:25: error: 'res_size' undeclared (first use in this function)
     uint32_t add_result[res_size + 1];
                         ^
../src/main.c:40:14: warning: unused variable 'result' [-Wunused-variable]
     uint32_t result[res_size];
              ^
../src/main.c:39:14: warning: unused variable 'add_result' [-Wunused-variable]
     uint32_t add_result[res_size + 1];
              ^
make[1]: *** [src/main.o] Error 1
make[1]: Leaving directory `/users/start2017/r0634161/Desktop/DDP/sw_package/sw_project/project_sw/sw_design/Debug'
12:45:48 **** Incremental Build of configuration Debug for project sw_design ****
make pre-build main-build 
make[1]: Entering directory `/users/start2017/r0634161/Desktop/DDP/sw_package/sw_project/project_sw/sw_design/Debug'
a9-linaro-pre-build-step
 
Building file: ../src/main.c
Invoking: ARM v7 gcc compiler
arm-none-eabi-gcc -Wall -O0 -g3 -c -fmessage-length=0 -MT"src/main.o" -mcpu=cortex-a9 -mfpu=vfpv3 -mfloat-abi=hard -I../../hw_bsp/ps7_cortexa9_0/include -MMD -MP -MF"src/main.d" -MT"src/main.o" -o "src/main.o" "../src/main.c"
../src/main.c: In function 'print_arr':
../src/main.c:17:22: error: 'result' undeclared (first use in this function)
   xil_printf("%08x", result[i]);
                      ^
../src/main.c:17:22: note: each undeclared identifier is reported only once for each function it appears in
make[1]: *** [src/main.o] Error 1
make[1]: Leaving directory `/users/start2017/r0634161/Desktop/DDP/sw_package/sw_project/project_sw/sw_design/Debug'
12:45:51 **** Incremental Build of configuration Debug for project sw_design ****
make pre-build main-build 
make[1]: Entering directory `/users/start2017/r0634161/Desktop/DDP/sw_package/sw_project/project_sw/sw_design/Debug'
a9-linaro-pre-build-step
 
Building file: ../src/main.c
Invoking: ARM v7 gcc compiler
arm-none-eabi-gcc -Wall -O0 -g3 -c -fmessage-length=0 -MT"src/main.o" -mcpu=cortex-a9 -mfpu=vfpv3 -mfloat-abi=hard -I../../hw_bsp/ps7_cortexa9_0/include -MMD -MP -MF"src/main.d" -MT"src/main.o" -o "src/main.o" "../src/main.c"
../src/main.c: In function 'print_arr':
../src/main.c:17:22: error: 'result' undeclared (first use in this function)
   xil_printf("%08x", result[i]);
                      ^
../src/main.c:17:22: note: each undeclared identifier is reported only once for each function it appears in
make[1]: *** [src/main.o] Error 1
make[1]: Leaving directory `/users/start2017/r0634161/Desktop/DDP/sw_package/sw_project/project_sw/sw_design/Debug'
12:46:01 **** Incremental Build of configuration Debug for project sw_design ****
make pre-build main-build 
make[1]: Entering directory `/users/start2017/r0634161/Desktop/DDP/sw_package/sw_project/project_sw/sw_design/Debug'
a9-linaro-pre-build-step
 
Building file: ../src/main.c
Invoking: ARM v7 gcc compiler
arm-none-eabi-gcc -Wall -O0 -g3 -c -fmessage-length=0 -MT"src/main.o" -mcpu=cortex-a9 -mfpu=vfpv3 -mfloat-abi=hard -I../../hw_bsp/ps7_cortexa9_0/include -MMD -MP -MF"src/main.d" -MT"src/main.o" -o "src/main.o" "../src/main.c"
Finished building: ../src/main.c
 
Building file: ../src/mp_arith.c
Invoking: ARM v7 gcc compiler
arm-none-eabi-gcc -Wall -O0 -g3 -c -fmessage-length=0 -MT"src/mp_arith.o" -mcpu=cortex-a9 -mfpu=vfpv3 -mfloat-abi=hard -I../../hw_bsp/ps7_cortexa9_0/include -MMD -MP -MF"src/mp_arith.d" -MT"src/mp_arith.o" -o "src/mp_arith.o" "../src/mp_arith.c"
../src/mp_arith.c: In function 'mod_sub':
../src/mp_arith.c:95:3: warning: implicit declaration of function 'xil_printf' [-Wimplicit-function-declaration]
   xil_printf("LARGER");
   ^
Finished building: ../src/mp_arith.c
 
Building target: sw_design.elf
Invoking: ARM v7 gcc linker
arm-none-eabi-gcc -mcpu=cortex-a9 -mfpu=vfpv3 -mfloat-abi=hard -Wl,-build-id=none -specs=Xilinx.spec -Wl,-T -Wl,../src/lscript.ld -L../../hw_bsp/ps7_cortexa9_0/lib -o "sw_design.elf"  ./src/platform/platform.o  ./src/asm_func.o ./src/main.o ./src/montgomery.o ./src/mp_arith.o   -Wl,--start-group,-lxil,-lgcc,-lc,--end-group
Finished building target: sw_design.elf
 
Invoking: ARM v7 Print Size
arm-none-eabi-size sw_design.elf  |tee "sw_design.elf.size"
   text	   data	    bss	    dec	    hex	filename
  30692	   1152	  22580	  54424	   d498	sw_design.elf
Finished building: sw_design.elf.size
 
make[1]: Leaving directory `/users/start2017/r0634161/Desktop/DDP/sw_package/sw_project/project_sw/sw_design/Debug'
12:46:04 **** Incremental Build of configuration Debug for project sw_design ****
make pre-build main-build 
make[1]: Entering directory `/users/start2017/r0634161/Desktop/DDP/sw_package/sw_project/project_sw/sw_design/Debug'
a9-linaro-pre-build-step
 
make[1]: Nothing to be done for `main-build'.
make[1]: Leaving directory `/users/start2017/r0634161/Desktop/DDP/sw_package/sw_project/project_sw/sw_design/Debug'
12:46:45 **** Incremental Build of configuration Debug for project sw_design ****
make pre-build main-build 
make[1]: Entering directory `/users/start2017/r0634161/Desktop/DDP/sw_package/sw_project/project_sw/sw_design/Debug'
a9-linaro-pre-build-step
 
Building file: ../src/main.c
Invoking: ARM v7 gcc compiler
arm-none-eabi-gcc -Wall -O0 -g3 -c -fmessage-length=0 -MT"src/main.o" -mcpu=cortex-a9 -mfpu=vfpv3 -mfloat-abi=hard -I../../hw_bsp/ps7_cortexa9_0/include -MMD -MP -MF"src/main.d" -MT"src/main.o" -o "src/main.o" "../src/main.c"
Finished building: ../src/main.c
 
Building target: sw_design.elf
Invoking: ARM v7 gcc linker
arm-none-eabi-gcc -mcpu=cortex-a9 -mfpu=vfpv3 -mfloat-abi=hard -Wl,-build-id=none -specs=Xilinx.spec -Wl,-T -Wl,../src/lscript.ld -L../../hw_bsp/ps7_cortexa9_0/lib -o "sw_design.elf"  ./src/platform/platform.o  ./src/asm_func.o ./src/main.o ./src/montgomery.o ./src/mp_arith.o   -Wl,--start-group,-lxil,-lgcc,-lc,--end-group
Finished building target: sw_design.elf
 
Invoking: ARM v7 Print Size
arm-none-eabi-size sw_design.elf  |tee "sw_design.elf.size"
   text	   data	    bss	    dec	    hex	filename
  30692	   1152	  22580	  54424	   d498	sw_design.elf
Finished building: sw_design.elf.size
 
make[1]: Leaving directory `/users/start2017/r0634161/Desktop/DDP/sw_package/sw_project/project_sw/sw_design/Debug'
12:46:48 **** Incremental Build of configuration Debug for project sw_design ****
make pre-build main-build 
make[1]: Entering directory `/users/start2017/r0634161/Desktop/DDP/sw_package/sw_project/project_sw/sw_design/Debug'
a9-linaro-pre-build-step
 
make[1]: Nothing to be done for `main-build'.
make[1]: Leaving directory `/users/start2017/r0634161/Desktop/DDP/sw_package/sw_project/project_sw/sw_design/Debug'
12:48:08 **** Incremental Build of configuration Debug for project sw_design ****
make pre-build main-build 
make[1]: Entering directory `/users/start2017/r0634161/Desktop/DDP/sw_package/sw_project/project_sw/sw_design/Debug'
a9-linaro-pre-build-step
 
Building file: ../src/main.c
Invoking: ARM v7 gcc compiler
arm-none-eabi-gcc -Wall -O0 -g3 -c -fmessage-length=0 -MT"src/main.o" -mcpu=cortex-a9 -mfpu=vfpv3 -mfloat-abi=hard -I../../hw_bsp/ps7_cortexa9_0/include -MMD -MP -MF"src/main.d" -MT"src/main.o" -o "src/main.o" "../src/main.c"
Finished building: ../src/main.c
 
Building target: sw_design.elf
Invoking: ARM v7 gcc linker
arm-none-eabi-gcc -mcpu=cortex-a9 -mfpu=vfpv3 -mfloat-abi=hard -Wl,-build-id=none -specs=Xilinx.spec -Wl,-T -Wl,../src/lscript.ld -L../../hw_bsp/ps7_cortexa9_0/lib -o "sw_design.elf"  ./src/platform/platform.o  ./src/asm_func.o ./src/main.o ./src/montgomery.o ./src/mp_arith.o   -Wl,--start-group,-lxil,-lgcc,-lc,--end-group
Finished building target: sw_design.elf
 
Invoking: ARM v7 Print Size
arm-none-eabi-size sw_design.elf  |tee "sw_design.elf.size"
   text	   data	    bss	    dec	    hex	filename
  30696	   1152	  22580	  54428	   d49c	sw_design.elf
Finished building: sw_design.elf.size
 
make[1]: Leaving directory `/users/start2017/r0634161/Desktop/DDP/sw_package/sw_project/project_sw/sw_design/Debug'
12:48:10 **** Incremental Build of configuration Debug for project sw_design ****
make pre-build main-build 
make[1]: Entering directory `/users/start2017/r0634161/Desktop/DDP/sw_package/sw_project/project_sw/sw_design/Debug'
a9-linaro-pre-build-step
 
make[1]: Nothing to be done for `main-build'.
make[1]: Leaving directory `/users/start2017/r0634161/Desktop/DDP/sw_package/sw_project/project_sw/sw_design/Debug'
12:48:38 **** Incremental Build of configuration Debug for project sw_design ****
make pre-build main-build 
make[1]: Entering directory `/users/start2017/r0634161/Desktop/DDP/sw_package/sw_project/project_sw/sw_design/Debug'
a9-linaro-pre-build-step
 
Building file: ../src/main.c
Invoking: ARM v7 gcc compiler
arm-none-eabi-gcc -Wall -O0 -g3 -c -fmessage-length=0 -MT"src/main.o" -mcpu=cortex-a9 -mfpu=vfpv3 -mfloat-abi=hard -I../../hw_bsp/ps7_cortexa9_0/include -MMD -MP -MF"src/main.d" -MT"src/main.o" -o "src/main.o" "../src/main.c"
Finished building: ../src/main.c
 
Building target: sw_design.elf
Invoking: ARM v7 gcc linker
arm-none-eabi-gcc -mcpu=cortex-a9 -mfpu=vfpv3 -mfloat-abi=hard -Wl,-build-id=none -specs=Xilinx.spec -Wl,-T -Wl,../src/lscript.ld -L../../hw_bsp/ps7_cortexa9_0/lib -o "sw_design.elf"  ./src/platform/platform.o  ./src/asm_func.o ./src/main.o ./src/montgomery.o ./src/mp_arith.o   -Wl,--start-group,-lxil,-lgcc,-lc,--end-group
Finished building target: sw_design.elf
 
Invoking: ARM v7 Print Size
arm-none-eabi-size sw_design.elf  |tee "sw_design.elf.size"
   text	   data	    bss	    dec	    hex	filename
  30696	   1152	  22580	  54428	   d49c	sw_design.elf
Finished building: sw_design.elf.size
 
make[1]: Leaving directory `/users/start2017/r0634161/Desktop/DDP/sw_package/sw_project/project_sw/sw_design/Debug'
12:48:39 **** Incremental Build of configuration Debug for project sw_design ****
make pre-build main-build 
make[1]: Entering directory `/users/start2017/r0634161/Desktop/DDP/sw_package/sw_project/project_sw/sw_design/Debug'
a9-linaro-pre-build-step
 
make[1]: Nothing to be done for `main-build'.
make[1]: Leaving directory `/users/start2017/r0634161/Desktop/DDP/sw_package/sw_project/project_sw/sw_design/Debug'
12:50:54 **** Incremental Build of configuration Debug for project sw_design ****
make pre-build main-build 
make[1]: Entering directory `/users/start2017/r0634161/Desktop/DDP/sw_package/sw_project/project_sw/sw_design/Debug'
a9-linaro-pre-build-step
 
Building file: ../src/main.c
Invoking: ARM v7 gcc compiler
arm-none-eabi-gcc -Wall -O0 -g3 -c -fmessage-length=0 -MT"src/main.o" -mcpu=cortex-a9 -mfpu=vfpv3 -mfloat-abi=hard -I../../hw_bsp/ps7_cortexa9_0/include -MMD -MP -MF"src/main.d" -MT"src/main.o" -o "src/main.o" "../src/main.c"
../src/main.c: In function 'main':
../src/main.c:42:2: warning: implicit declaration of function 'il_printf' [-Wimplicit-function-declaration]
  il_printf("a + b:\r\n");
  ^
Finished building: ../src/main.c
 
Building target: sw_design.elf
Invoking: ARM v7 gcc linker
arm-none-eabi-gcc -mcpu=cortex-a9 -mfpu=vfpv3 -mfloat-abi=hard -Wl,-build-id=none -specs=Xilinx.spec -Wl,-T -Wl,../src/lscript.ld -L../../hw_bsp/ps7_cortexa9_0/lib -o "sw_design.elf"  ./src/platform/platform.o  ./src/asm_func.o ./src/main.o ./src/montgomery.o ./src/mp_arith.o   -Wl,--start-group,-lxil,-lgcc,-lc,--end-group
./src/main.o: In function `main':
/users/start2017/r0634161/Desktop/DDP/sw_package/sw_project/project_sw/sw_design/Debug/../src/main.c:42: undefined reference to `il_printf'
collect2: error: ld returned 1 exit status
make[1]: *** [sw_design.elf] Error 1
make[1]: Leaving directory `/users/start2017/r0634161/Desktop/DDP/sw_package/sw_project/project_sw/sw_design/Debug'
12:51:09 **** Incremental Build of configuration Debug for project sw_design ****
make pre-build main-build 
make[1]: Entering directory `/users/start2017/r0634161/Desktop/DDP/sw_package/sw_project/project_sw/sw_design/Debug'
a9-linaro-pre-build-step
 
Building file: ../src/main.c
Invoking: ARM v7 gcc compiler
arm-none-eabi-gcc -Wall -O0 -g3 -c -fmessage-length=0 -MT"src/main.o" -mcpu=cortex-a9 -mfpu=vfpv3 -mfloat-abi=hard -I../../hw_bsp/ps7_cortexa9_0/include -MMD -MP -MF"src/main.d" -MT"src/main.o" -o "src/main.o" "../src/main.c"
Finished building: ../src/main.c
 
Building target: sw_design.elf
Invoking: ARM v7 gcc linker
arm-none-eabi-gcc -mcpu=cortex-a9 -mfpu=vfpv3 -mfloat-abi=hard -Wl,-build-id=none -specs=Xilinx.spec -Wl,-T -Wl,../src/lscript.ld -L../../hw_bsp/ps7_cortexa9_0/lib -o "sw_design.elf"  ./src/platform/platform.o  ./src/asm_func.o ./src/main.o ./src/montgomery.o ./src/mp_arith.o   -Wl,--start-group,-lxil,-lgcc,-lc,--end-group
Finished building target: sw_design.elf
 
Invoking: ARM v7 Print Size
arm-none-eabi-size sw_design.elf  |tee "sw_design.elf.size"
   text	   data	    bss	    dec	    hex	filename
  30540	   1152	  22580	  54272	   d400	sw_design.elf
Finished building: sw_design.elf.size
 
make[1]: Leaving directory `/users/start2017/r0634161/Desktop/DDP/sw_package/sw_project/project_sw/sw_design/Debug'
12:51:10 **** Incremental Build of configuration Debug for project sw_design ****
make pre-build main-build 
make[1]: Entering directory `/users/start2017/r0634161/Desktop/DDP/sw_package/sw_project/project_sw/sw_design/Debug'
a9-linaro-pre-build-step
 
make[1]: Nothing to be done for `main-build'.
make[1]: Leaving directory `/users/start2017/r0634161/Desktop/DDP/sw_package/sw_project/project_sw/sw_design/Debug'
12:52:03 **** Incremental Build of configuration Debug for project sw_design ****
make pre-build main-build 
make[1]: Entering directory `/users/start2017/r0634161/Desktop/DDP/sw_package/sw_project/project_sw/sw_design/Debug'
a9-linaro-pre-build-step
 
Building file: ../src/main.c
Invoking: ARM v7 gcc compiler
arm-none-eabi-gcc -Wall -O0 -g3 -c -fmessage-length=0 -MT"src/main.o" -mcpu=cortex-a9 -mfpu=vfpv3 -mfloat-abi=hard -I../../hw_bsp/ps7_cortexa9_0/include -MMD -MP -MF"src/main.d" -MT"src/main.o" -o "src/main.o" "../src/main.c"
Finished building: ../src/main.c
 
Building target: sw_design.elf
Invoking: ARM v7 gcc linker
arm-none-eabi-gcc -mcpu=cortex-a9 -mfpu=vfpv3 -mfloat-abi=hard -Wl,-build-id=none -specs=Xilinx.spec -Wl,-T -Wl,../src/lscript.ld -L../../hw_bsp/ps7_cortexa9_0/lib -o "sw_design.elf"  ./src/platform/platform.o  ./src/asm_func.o ./src/main.o ./src/montgomery.o ./src/mp_arith.o   -Wl,--start-group,-lxil,-lgcc,-lc,--end-group
Finished building target: sw_design.elf
 
Invoking: ARM v7 Print Size
arm-none-eabi-size sw_design.elf  |tee "sw_design.elf.size"
   text	   data	    bss	    dec	    hex	filename
  30540	   1152	  22580	  54272	   d400	sw_design.elf
Finished building: sw_design.elf.size
 
make[1]: Leaving directory `/users/start2017/r0634161/Desktop/DDP/sw_package/sw_project/project_sw/sw_design/Debug'
12:52:05 **** Incremental Build of configuration Debug for project sw_design ****
make pre-build main-build 
make[1]: Entering directory `/users/start2017/r0634161/Desktop/DDP/sw_package/sw_project/project_sw/sw_design/Debug'
a9-linaro-pre-build-step
 
make[1]: Nothing to be done for `main-build'.
make[1]: Leaving directory `/users/start2017/r0634161/Desktop/DDP/sw_package/sw_project/project_sw/sw_design/Debug'
12:53:30 **** Incremental Build of configuration Debug for project sw_design ****
make pre-build main-build 
make[1]: Entering directory `/users/start2017/r0634161/Desktop/DDP/sw_package/sw_project/project_sw/sw_design/Debug'
a9-linaro-pre-build-step
 
Building file: ../src/mp_arith.c
Invoking: ARM v7 gcc compiler
arm-none-eabi-gcc -Wall -O0 -g3 -c -fmessage-length=0 -MT"src/mp_arith.o" -mcpu=cortex-a9 -mfpu=vfpv3 -mfloat-abi=hard -I../../hw_bsp/ps7_cortexa9_0/include -MMD -MP -MF"src/mp_arith.d" -MT"src/mp_arith.o" -o "src/mp_arith.o" "../src/mp_arith.c"
../src/mp_arith.c: In function 'mod_sub':
../src/mp_arith.c:93:11: warning: unused variable 'i' [-Wunused-variable]
  uint32_t i = 0;
           ^
../src/mp_arith.c:92:11: warning: unused variable 'c' [-Wunused-variable]
  uint64_t c = 0;
           ^
Finished building: ../src/mp_arith.c
 
Building target: sw_design.elf
Invoking: ARM v7 gcc linker
arm-none-eabi-gcc -mcpu=cortex-a9 -mfpu=vfpv3 -mfloat-abi=hard -Wl,-build-id=none -specs=Xilinx.spec -Wl,-T -Wl,../src/lscript.ld -L../../hw_bsp/ps7_cortexa9_0/lib -o "sw_design.elf"  ./src/platform/platform.o  ./src/asm_func.o ./src/main.o ./src/montgomery.o ./src/mp_arith.o   -Wl,--start-group,-lxil,-lgcc,-lc,--end-group
Finished building target: sw_design.elf
 
Invoking: ARM v7 Print Size
arm-none-eabi-size sw_design.elf  |tee "sw_design.elf.size"
   text	   data	    bss	    dec	    hex	filename
  30332	   1152	  22580	  54064	   d330	sw_design.elf
Finished building: sw_design.elf.size
 
make[1]: Leaving directory `/users/start2017/r0634161/Desktop/DDP/sw_package/sw_project/project_sw/sw_design/Debug'
12:53:32 **** Incremental Build of configuration Debug for project sw_design ****
make pre-build main-build 
make[1]: Entering directory `/users/start2017/r0634161/Desktop/DDP/sw_package/sw_project/project_sw/sw_design/Debug'
a9-linaro-pre-build-step
 
make[1]: Nothing to be done for `main-build'.
make[1]: Leaving directory `/users/start2017/r0634161/Desktop/DDP/sw_package/sw_project/project_sw/sw_design/Debug'
12:56:23 **** Incremental Build of configuration Debug for project sw_design ****
make pre-build main-build 
make[1]: Entering directory `/users/start2017/r0634161/Desktop/DDP/sw_package/sw_project/project_sw/sw_design/Debug'
a9-linaro-pre-build-step
 
Building file: ../src/main.c
Invoking: ARM v7 gcc compiler
arm-none-eabi-gcc -Wall -O0 -g3 -c -fmessage-length=0 -MT"src/main.o" -mcpu=cortex-a9 -mfpu=vfpv3 -mfloat-abi=hard -I../../hw_bsp/ps7_cortexa9_0/include -MMD -MP -MF"src/main.d" -MT"src/main.o" -o "src/main.o" "../src/main.c"
Finished building: ../src/main.c
 
Building target: sw_design.elf
Invoking: ARM v7 gcc linker
arm-none-eabi-gcc -mcpu=cortex-a9 -mfpu=vfpv3 -mfloat-abi=hard -Wl,-build-id=none -specs=Xilinx.spec -Wl,-T -Wl,../src/lscript.ld -L../../hw_bsp/ps7_cortexa9_0/lib -o "sw_design.elf"  ./src/platform/platform.o  ./src/asm_func.o ./src/main.o ./src/montgomery.o ./src/mp_arith.o   -Wl,--start-group,-lxil,-lgcc,-lc,--end-group
Finished building target: sw_design.elf
 
Invoking: ARM v7 Print Size
arm-none-eabi-size sw_design.elf  |tee "sw_design.elf.size"
   text	   data	    bss	    dec	    hex	filename
  30336	   1152	  22580	  54068	   d334	sw_design.elf
Finished building: sw_design.elf.size
 
make[1]: Leaving directory `/users/start2017/r0634161/Desktop/DDP/sw_package/sw_project/project_sw/sw_design/Debug'
12:56:26 **** Incremental Build of configuration Debug for project sw_design ****
make pre-build main-build 
make[1]: Entering directory `/users/start2017/r0634161/Desktop/DDP/sw_package/sw_project/project_sw/sw_design/Debug'
a9-linaro-pre-build-step
 
make[1]: Nothing to be done for `main-build'.
make[1]: Leaving directory `/users/start2017/r0634161/Desktop/DDP/sw_package/sw_project/project_sw/sw_design/Debug'
12:56:47 **** Incremental Build of configuration Debug for project sw_design ****
make pre-build main-build 
make[1]: Entering directory `/users/start2017/r0634161/Desktop/DDP/sw_package/sw_project/project_sw/sw_design/Debug'
a9-linaro-pre-build-step
 
Building file: ../src/main.c
Invoking: ARM v7 gcc compiler
arm-none-eabi-gcc -Wall -O0 -g3 -c -fmessage-length=0 -MT"src/main.o" -mcpu=cortex-a9 -mfpu=vfpv3 -mfloat-abi=hard -I../../hw_bsp/ps7_cortexa9_0/include -MMD -MP -MF"src/main.d" -MT"src/main.o" -o "src/main.o" "../src/main.c"
Finished building: ../src/main.c
 
Building target: sw_design.elf
Invoking: ARM v7 gcc linker
arm-none-eabi-gcc -mcpu=cortex-a9 -mfpu=vfpv3 -mfloat-abi=hard -Wl,-build-id=none -specs=Xilinx.spec -Wl,-T -Wl,../src/lscript.ld -L../../hw_bsp/ps7_cortexa9_0/lib -o "sw_design.elf"  ./src/platform/platform.o  ./src/asm_func.o ./src/main.o ./src/montgomery.o ./src/mp_arith.o   -Wl,--start-group,-lxil,-lgcc,-lc,--end-group
Finished building target: sw_design.elf
 
Invoking: ARM v7 Print Size
arm-none-eabi-size sw_design.elf  |tee "sw_design.elf.size"
   text	   data	    bss	    dec	    hex	filename
  30336	   1152	  22580	  54068	   d334	sw_design.elf
Finished building: sw_design.elf.size
 
make[1]: Leaving directory `/users/start2017/r0634161/Desktop/DDP/sw_package/sw_project/project_sw/sw_design/Debug'
12:56:49 **** Incremental Build of configuration Debug for project sw_design ****
make pre-build main-build 
make[1]: Entering directory `/users/start2017/r0634161/Desktop/DDP/sw_package/sw_project/project_sw/sw_design/Debug'
a9-linaro-pre-build-step
 
make[1]: Nothing to be done for `main-build'.
make[1]: Leaving directory `/users/start2017/r0634161/Desktop/DDP/sw_package/sw_project/project_sw/sw_design/Debug'
13:00:18 **** Incremental Build of configuration Debug for project sw_design ****
make pre-build main-build 
make[1]: Entering directory `/users/start2017/r0634161/Desktop/DDP/sw_package/sw_project/project_sw/sw_design/Debug'
a9-linaro-pre-build-step
 
Building file: ../src/main.c
Invoking: ARM v7 gcc compiler
arm-none-eabi-gcc -Wall -O0 -g3 -c -fmessage-length=0 -MT"src/main.o" -mcpu=cortex-a9 -mfpu=vfpv3 -mfloat-abi=hard -I../../hw_bsp/ps7_cortexa9_0/include -MMD -MP -MF"src/main.d" -MT"src/main.o" -o "src/main.o" "../src/main.c"
Finished building: ../src/main.c
 
Building file: ../src/mp_arith.c
Invoking: ARM v7 gcc compiler
arm-none-eabi-gcc -Wall -O0 -g3 -c -fmessage-length=0 -MT"src/mp_arith.o" -mcpu=cortex-a9 -mfpu=vfpv3 -mfloat-abi=hard -I../../hw_bsp/ps7_cortexa9_0/include -MMD -MP -MF"src/mp_arith.d" -MT"src/mp_arith.o" -o "src/mp_arith.o" "../src/mp_arith.c"
../src/mp_arith.c: In function 'mod_sub':
../src/mp_arith.c:117:24: warning: passing argument 4 of 'mod_add' makes pointer from integer without a cast
   mod_add(res, N, res, size);
                        ^
../src/mp_arith.c:68:6: note: expected 'uint32_t *' but argument is of type 'uint32_t'
 void mod_add(uint32_t *a, uint32_t *b, uint32_t *N, uint32_t *res, uint32_t size)
      ^
../src/mp_arith.c:117:3: error: too few arguments to function 'mod_add'
   mod_add(res, N, res, size);
   ^
../src/mp_arith.c:68:6: note: declared here
 void mod_add(uint32_t *a, uint32_t *b, uint32_t *N, uint32_t *res, uint32_t size)
      ^
../src/mp_arith.c:93:11: warning: unused variable 'i' [-Wunused-variable]
  uint32_t i = 0;
           ^
../src/mp_arith.c:92:11: warning: unused variable 'c' [-Wunused-variable]
  uint64_t c = 0;
           ^
make[1]: *** [src/mp_arith.o] Error 1
make[1]: Leaving directory `/users/start2017/r0634161/Desktop/DDP/sw_package/sw_project/project_sw/sw_design/Debug'
13:00:39 **** Incremental Build of configuration Debug for project sw_design ****
make pre-build main-build 
make[1]: Entering directory `/users/start2017/r0634161/Desktop/DDP/sw_package/sw_project/project_sw/sw_design/Debug'
a9-linaro-pre-build-step
 
Building file: ../src/mp_arith.c
Invoking: ARM v7 gcc compiler
arm-none-eabi-gcc -Wall -O0 -g3 -c -fmessage-length=0 -MT"src/mp_arith.o" -mcpu=cortex-a9 -mfpu=vfpv3 -mfloat-abi=hard -I../../hw_bsp/ps7_cortexa9_0/include -MMD -MP -MF"src/mp_arith.d" -MT"src/mp_arith.o" -o "src/mp_arith.o" "../src/mp_arith.c"
../src/mp_arith.c: In function 'mod_sub':
../src/mp_arith.c:93:11: warning: unused variable 'i' [-Wunused-variable]
  uint32_t i = 0;
           ^
../src/mp_arith.c:92:11: warning: unused variable 'c' [-Wunused-variable]
  uint64_t c = 0;
           ^
Finished building: ../src/mp_arith.c
 
Building target: sw_design.elf
Invoking: ARM v7 gcc linker
arm-none-eabi-gcc -mcpu=cortex-a9 -mfpu=vfpv3 -mfloat-abi=hard -Wl,-build-id=none -specs=Xilinx.spec -Wl,-T -Wl,../src/lscript.ld -L../../hw_bsp/ps7_cortexa9_0/lib -o "sw_design.elf"  ./src/platform/platform.o  ./src/asm_func.o ./src/main.o ./src/montgomery.o ./src/mp_arith.o   -Wl,--start-group,-lxil,-lgcc,-lc,--end-group
Finished building target: sw_design.elf
 
Invoking: ARM v7 Print Size
arm-none-eabi-size sw_design.elf  |tee "sw_design.elf.size"
   text	   data	    bss	    dec	    hex	filename
  29760	   1152	  22580	  53492	   d0f4	sw_design.elf
Finished building: sw_design.elf.size
 
make[1]: Leaving directory `/users/start2017/r0634161/Desktop/DDP/sw_package/sw_project/project_sw/sw_design/Debug'
13:00:42 **** Incremental Build of configuration Debug for project sw_design ****
make pre-build main-build 
make[1]: Entering directory `/users/start2017/r0634161/Desktop/DDP/sw_package/sw_project/project_sw/sw_design/Debug'
a9-linaro-pre-build-step
 
make[1]: Nothing to be done for `main-build'.
make[1]: Leaving directory `/users/start2017/r0634161/Desktop/DDP/sw_package/sw_project/project_sw/sw_design/Debug'
13:02:02 **** Incremental Build of configuration Debug for project sw_design ****
make pre-build main-build 
make[1]: Entering directory `/users/start2017/r0634161/Desktop/DDP/sw_package/sw_project/project_sw/sw_design/Debug'
a9-linaro-pre-build-step
 
Building file: ../src/mp_arith.c
Invoking: ARM v7 gcc compiler
arm-none-eabi-gcc -Wall -O0 -g3 -c -fmessage-length=0 -MT"src/mp_arith.o" -mcpu=cortex-a9 -mfpu=vfpv3 -mfloat-abi=hard -I../../hw_bsp/ps7_cortexa9_0/include -MMD -MP -MF"src/mp_arith.d" -MT"src/mp_arith.o" -o "src/mp_arith.o" "../src/mp_arith.c"
../src/mp_arith.c: In function 'mod_sub':
../src/mp_arith.c:93:11: warning: unused variable 'i' [-Wunused-variable]
  uint32_t i = 0;
           ^
../src/mp_arith.c:92:11: warning: unused variable 'c' [-Wunused-variable]
  uint64_t c = 0;
           ^
Finished building: ../src/mp_arith.c
 
Building target: sw_design.elf
Invoking: ARM v7 gcc linker
arm-none-eabi-gcc -mcpu=cortex-a9 -mfpu=vfpv3 -mfloat-abi=hard -Wl,-build-id=none -specs=Xilinx.spec -Wl,-T -Wl,../src/lscript.ld -L../../hw_bsp/ps7_cortexa9_0/lib -o "sw_design.elf"  ./src/platform/platform.o  ./src/asm_func.o ./src/main.o ./src/montgomery.o ./src/mp_arith.o   -Wl,--start-group,-lxil,-lgcc,-lc,--end-group
Finished building target: sw_design.elf
 
Invoking: ARM v7 Print Size
arm-none-eabi-size sw_design.elf  |tee "sw_design.elf.size"
   text	   data	    bss	    dec	    hex	filename
  29760	   1152	  22580	  53492	   d0f4	sw_design.elf
Finished building: sw_design.elf.size
 
make[1]: Leaving directory `/users/start2017/r0634161/Desktop/DDP/sw_package/sw_project/project_sw/sw_design/Debug'
13:02:17 **** Incremental Build of configuration Debug for project sw_design ****
make pre-build main-build 
make[1]: Entering directory `/users/start2017/r0634161/Desktop/DDP/sw_package/sw_project/project_sw/sw_design/Debug'
a9-linaro-pre-build-step
 
Building file: ../src/mp_arith.c
Invoking: ARM v7 gcc compiler
arm-none-eabi-gcc -Wall -O0 -g3 -c -fmessage-length=0 -MT"src/mp_arith.o" -mcpu=cortex-a9 -mfpu=vfpv3 -mfloat-abi=hard -I../../hw_bsp/ps7_cortexa9_0/include -MMD -MP -MF"src/mp_arith.d" -MT"src/mp_arith.o" -o "src/mp_arith.o" "../src/mp_arith.c"
../src/mp_arith.c: In function 'mod_sub':
../src/mp_arith.c:93:11: warning: unused variable 'i' [-Wunused-variable]
  uint32_t i = 0;
           ^
../src/mp_arith.c:92:11: warning: unused variable 'c' [-Wunused-variable]
  uint64_t c = 0;
           ^
Finished building: ../src/mp_arith.c
 
Building target: sw_design.elf
Invoking: ARM v7 gcc linker
arm-none-eabi-gcc -mcpu=cortex-a9 -mfpu=vfpv3 -mfloat-abi=hard -Wl,-build-id=none -specs=Xilinx.spec -Wl,-T -Wl,../src/lscript.ld -L../../hw_bsp/ps7_cortexa9_0/lib -o "sw_design.elf"  ./src/platform/platform.o  ./src/asm_func.o ./src/main.o ./src/montgomery.o ./src/mp_arith.o   -Wl,--start-group,-lxil,-lgcc,-lc,--end-group
Finished building target: sw_design.elf
 
Invoking: ARM v7 Print Size
arm-none-eabi-size sw_design.elf  |tee "sw_design.elf.size"
   text	   data	    bss	    dec	    hex	filename
  29760	   1152	  22580	  53492	   d0f4	sw_design.elf
Finished building: sw_design.elf.size
 
make[1]: Leaving directory `/users/start2017/r0634161/Desktop/DDP/sw_package/sw_project/project_sw/sw_design/Debug'
14:00:05 **** Incremental Build of project hw_bsp ****
make -k all 
make[1]: Entering directory '/home/wim/Documents/DDP/Project-DDP/sw_package/sw_package/sw_project/project_sw/hw_bsp'
Running Make include in ps7_cortexa9_0/libsrc/qspips_v3_3/src
make -C ps7_cortexa9_0/libsrc/qspips_v3_3/src -s include  "SHELL=/bin/sh" "COMPILER=arm-none-eabi-gcc" "ARCHIVER=arm-none-eabi-ar" "COMPILER_FLAGS=  -O2 -c" "EXTRA_COMPILER_FLAGS=-mcpu=cortex-a9 -mfpu=vfpv3 -mfloat-abi=hard -nostartfiles"
make[2]: Entering directory '/home/wim/Documents/DDP/Project-DDP/sw_package/sw_package/sw_project/project_sw/hw_bsp/ps7_cortexa9_0/libsrc/qspips_v3_3/src'
make[2]: Leaving directory '/home/wim/Documents/DDP/Project-DDP/sw_package/sw_package/sw_project/project_sw/hw_bsp/ps7_cortexa9_0/libsrc/qspips_v3_3/src'
Running Make include in ps7_cortexa9_0/libsrc/ddrps_v1_0/src
make -C ps7_cortexa9_0/libsrc/ddrps_v1_0/src -s include  "SHELL=/bin/sh" "COMPILER=arm-none-eabi-gcc" "ARCHIVER=arm-none-eabi-ar" "COMPILER_FLAGS=  -O2 -c" "EXTRA_COMPILER_FLAGS=-mcpu=cortex-a9 -mfpu=vfpv3 -mfloat-abi=hard -nostartfiles"
make[2]: Entering directory '/home/wim/Documents/DDP/Project-DDP/sw_package/sw_package/sw_project/project_sw/hw_bsp/ps7_cortexa9_0/libsrc/ddrps_v1_0/src'
make[2]: Leaving directory '/home/wim/Documents/DDP/Project-DDP/sw_package/sw_package/sw_project/project_sw/hw_bsp/ps7_cortexa9_0/libsrc/ddrps_v1_0/src'
Running Make include in ps7_cortexa9_0/libsrc/cpu_cortexa9_v2_2/src
make -C ps7_cortexa9_0/libsrc/cpu_cortexa9_v2_2/src -s include  "SHELL=/bin/sh" "COMPILER=arm-none-eabi-gcc" "ARCHIVER=arm-none-eabi-ar" "COMPILER_FLAGS=  -O2 -c" "EXTRA_COMPILER_FLAGS=-mcpu=cortex-a9 -mfpu=vfpv3 -mfloat-abi=hard -nostartfiles"
make[2]: Entering directory '/home/wim/Documents/DDP/Project-DDP/sw_package/sw_package/sw_project/project_sw/hw_bsp/ps7_cortexa9_0/libsrc/cpu_cortexa9_v2_2/src'
make[2]: Leaving directory '/home/wim/Documents/DDP/Project-DDP/sw_package/sw_package/sw_project/project_sw/hw_bsp/ps7_cortexa9_0/libsrc/cpu_cortexa9_v2_2/src'
Running Make include in ps7_cortexa9_0/libsrc/sdps_v2_8/src
make -C ps7_cortexa9_0/libsrc/sdps_v2_8/src -s include  "SHELL=/bin/sh" "COMPILER=arm-none-eabi-gcc" "ARCHIVER=arm-none-eabi-ar" "COMPILER_FLAGS=  -O2 -c" "EXTRA_COMPILER_FLAGS=-mcpu=cortex-a9 -mfpu=vfpv3 -mfloat-abi=hard -nostartfiles"
make[2]: Entering directory '/home/wim/Documents/DDP/Project-DDP/sw_package/sw_package/sw_project/project_sw/hw_bsp/ps7_cortexa9_0/libsrc/sdps_v2_8/src'
make[2]: Leaving directory '/home/wim/Documents/DDP/Project-DDP/sw_package/sw_package/sw_project/project_sw/hw_bsp/ps7_cortexa9_0/libsrc/sdps_v2_8/src'
Running Make include in ps7_cortexa9_0/libsrc/emacps_v3_2/src
make -C ps7_cortexa9_0/libsrc/emacps_v3_2/src -s include  "SHELL=/bin/sh" "COMPILER=arm-none-eabi-gcc" "ARCHIVER=arm-none-eabi-ar" "COMPILER_FLAGS=  -O2 -c" "EXTRA_COMPILER_FLAGS=-mcpu=cortex-a9 -mfpu=vfpv3 -mfloat-abi=hard -nostartfiles"
make[2]: Entering directory '/home/wim/Documents/DDP/Project-DDP/sw_package/sw_package/sw_project/project_sw/hw_bsp/ps7_cortexa9_0/libsrc/emacps_v3_2/src'
make[2]: Leaving directory '/home/wim/Documents/DDP/Project-DDP/sw_package/sw_package/sw_project/project_sw/hw_bsp/ps7_cortexa9_0/libsrc/emacps_v3_2/src'
Running Make include in ps7_cortexa9_0/libsrc/uartps_v3_1/src
make -C ps7_cortexa9_0/libsrc/uartps_v3_1/src -s include  "SHELL=/bin/sh" "COMPILER=arm-none-eabi-gcc" "ARCHIVER=arm-none-eabi-ar" "COMPILER_FLAGS=  -O2 -c" "EXTRA_COMPILER_FLAGS=-mcpu=cortex-a9 -mfpu=vfpv3 -mfloat-abi=hard -nostartfiles"
make[2]: Entering directory '/home/wim/Documents/DDP/Project-DDP/sw_package/sw_package/sw_project/project_sw/hw_bsp/ps7_cortexa9_0/libsrc/uartps_v3_1/src'
make[2]: Leaving directory '/home/wim/Documents/DDP/Project-DDP/sw_package/sw_package/sw_project/project_sw/hw_bsp/ps7_cortexa9_0/libsrc/uartps_v3_1/src'
Running Make include in ps7_cortexa9_0/libsrc/scugic_v3_3/src
make -C ps7_cortexa9_0/libsrc/scugic_v3_3/src -s include  "SHELL=/bin/sh" "COMPILER=arm-none-eabi-gcc" "ARCHIVER=arm-none-eabi-ar" "COMPILER_FLAGS=  -O2 -c" "EXTRA_COMPILER_FLAGS=-mcpu=cortex-a9 -mfpu=vfpv3 -mfloat-abi=hard -nostartfiles"
make[2]: Entering directory '/home/wim/Documents/DDP/Project-DDP/sw_package/sw_package/sw_project/project_sw/hw_bsp/ps7_cortexa9_0/libsrc/scugic_v3_3/src'
make[2]: Leaving directory '/home/wim/Documents/DDP/Project-DDP/sw_package/sw_package/sw_project/project_sw/hw_bsp/ps7_cortexa9_0/libsrc/scugic_v3_3/src'
Running Make include in ps7_cortexa9_0/libsrc/axidma_v9_2/src
make -C ps7_cortexa9_0/libsrc/axidma_v9_2/src -s include  "SHELL=/bin/sh" "COMPILER=arm-none-eabi-gcc" "ARCHIVER=arm-none-eabi-ar" "COMPILER_FLAGS=  -O2 -c" "EXTRA_COMPILER_FLAGS=-mcpu=cortex-a9 -mfpu=vfpv3 -mfloat-abi=hard -nostartfiles"
make[2]: Entering directory '/home/wim/Documents/DDP/Project-DDP/sw_package/sw_package/sw_project/project_sw/hw_bsp/ps7_cortexa9_0/libsrc/axidma_v9_2/src'
make[2]: Leaving directory '/home/wim/Documents/DDP/Project-DDP/sw_package/sw_package/sw_project/project_sw/hw_bsp/ps7_cortexa9_0/libsrc/axidma_v9_2/src'
Running Make include in ps7_cortexa9_0/libsrc/xadcps_v2_2/src
make -C ps7_cortexa9_0/libsrc/xadcps_v2_2/src -s include  "SHELL=/bin/sh" "COMPILER=arm-none-eabi-gcc" "ARCHIVER=arm-none-eabi-ar" "COMPILER_FLAGS=  -O2 -c" "EXTRA_COMPILER_FLAGS=-mcpu=cortex-a9 -mfpu=vfpv3 -mfloat-abi=hard -nostartfiles"
make[2]: Entering directory '/home/wim/Documents/DDP/Project-DDP/sw_package/sw_package/sw_project/project_sw/hw_bsp/ps7_cortexa9_0/libsrc/xadcps_v2_2/src'
make[2]: Leaving directory '/home/wim/Documents/DDP/Project-DDP/sw_package/sw_package/sw_project/project_sw/hw_bsp/ps7_cortexa9_0/libsrc/xadcps_v2_2/src'
Running Make include in ps7_cortexa9_0/libsrc/devcfg_v3_4/src
make -C ps7_cortexa9_0/libsrc/devcfg_v3_4/src -s include  "SHELL=/bin/sh" "COMPILER=arm-none-eabi-gcc" "ARCHIVER=arm-none-eabi-ar" "COMPILER_FLAGS=  -O2 -c" "EXTRA_COMPILER_FLAGS=-mcpu=cortex-a9 -mfpu=vfpv3 -mfloat-abi=hard -nostartfiles"
make[2]: Entering directory '/home/wim/Documents/DDP/Project-DDP/sw_package/sw_package/sw_project/project_sw/hw_bsp/ps7_cortexa9_0/libsrc/devcfg_v3_4/src'
make[2]: Leaving directory '/home/wim/Documents/DDP/Project-DDP/sw_package/sw_package/sw_project/project_sw/hw_bsp/ps7_cortexa9_0/libsrc/devcfg_v3_4/src'
Running Make include in ps7_cortexa9_0/libsrc/dmaps_v2_1/src
make -C ps7_cortexa9_0/libsrc/dmaps_v2_1/src -s include  "SHELL=/bin/sh" "COMPILER=arm-none-eabi-gcc" "ARCHIVER=arm-none-eabi-ar" "COMPILER_FLAGS=  -O2 -c" "EXTRA_COMPILER_FLAGS=-mcpu=cortex-a9 -mfpu=vfpv3 -mfloat-abi=hard -nostartfiles"
make[2]: Entering directory '/home/wim/Documents/DDP/Project-DDP/sw_package/sw_package/sw_project/project_sw/hw_bsp/ps7_cortexa9_0/libsrc/dmaps_v2_1/src'
make[2]: Leaving directory '/home/wim/Documents/DDP/Project-DDP/sw_package/sw_package/sw_project/project_sw/hw_bsp/ps7_cortexa9_0/libsrc/dmaps_v2_1/src'
Running Make include in ps7_cortexa9_0/libsrc/gpiops_v3_1/src
make -C ps7_cortexa9_0/libsrc/gpiops_v3_1/src -s include  "SHELL=/bin/sh" "COMPILER=arm-none-eabi-gcc" "ARCHIVER=arm-none-eabi-ar" "COMPILER_FLAGS=  -O2 -c" "EXTRA_COMPILER_FLAGS=-mcpu=cortex-a9 -mfpu=vfpv3 -mfloat-abi=hard -nostartfiles"
make[2]: Entering directory '/home/wim/Documents/DDP/Project-DDP/sw_package/sw_package/sw_project/project_sw/hw_bsp/ps7_cortexa9_0/libsrc/gpiops_v3_1/src'
make[2]: Leaving directory '/home/wim/Documents/DDP/Project-DDP/sw_package/sw_package/sw_project/project_sw/hw_bsp/ps7_cortexa9_0/libsrc/gpiops_v3_1/src'
Running Make include in ps7_cortexa9_0/libsrc/scuwdt_v2_1/src
make -C ps7_cortexa9_0/libsrc/scuwdt_v2_1/src -s include  "SHELL=/bin/sh" "COMPILER=arm-none-eabi-gcc" "ARCHIVER=arm-none-eabi-ar" "COMPILER_FLAGS=  -O2 -c" "EXTRA_COMPILER_FLAGS=-mcpu=cortex-a9 -mfpu=vfpv3 -mfloat-abi=hard -nostartfiles"
make[2]: Entering directory '/home/wim/Documents/DDP/Project-DDP/sw_package/sw_package/sw_project/project_sw/hw_bsp/ps7_cortexa9_0/libsrc/scuwdt_v2_1/src'
make[2]: Leaving directory '/home/wim/Documents/DDP/Project-DDP/sw_package/sw_package/sw_project/project_sw/hw_bsp/ps7_cortexa9_0/libsrc/scuwdt_v2_1/src'
Running Make include in ps7_cortexa9_0/libsrc/ttcps_v3_1/src
make -C ps7_cortexa9_0/libsrc/ttcps_v3_1/src -s include  "SHELL=/bin/sh" "COMPILER=arm-none-eabi-gcc" "ARCHIVER=arm-none-eabi-ar" "COMPILER_FLAGS=  -O2 -c" "EXTRA_COMPILER_FLAGS=-mcpu=cortex-a9 -mfpu=vfpv3 -mfloat-abi=hard -nostartfiles"
make[2]: Entering directory '/home/wim/Documents/DDP/Project-DDP/sw_package/sw_package/sw_project/project_sw/hw_bsp/ps7_cortexa9_0/libsrc/ttcps_v3_1/src'
make[2]: Leaving directory '/home/wim/Documents/DDP/Project-DDP/sw_package/sw_package/sw_project/project_sw/hw_bsp/ps7_cortexa9_0/libsrc/ttcps_v3_1/src'
Running Make include in ps7_cortexa9_0/libsrc/coresightps_dcc_v1_2/src
make -C ps7_cortexa9_0/libsrc/coresightps_dcc_v1_2/src -s include  "SHELL=/bin/sh" "COMPILER=arm-none-eabi-gcc" "ARCHIVER=arm-none-eabi-ar" "COMPILER_FLAGS=  -O2 -c" "EXTRA_COMPILER_FLAGS=-mcpu=cortex-a9 -mfpu=vfpv3 -mfloat-abi=hard -nostartfiles"
make[2]: Entering directory '/home/wim/Documents/DDP/Project-DDP/sw_package/sw_package/sw_project/project_sw/hw_bsp/ps7_cortexa9_0/libsrc/coresightps_dcc_v1_2/src'
make[2]: Leaving directory '/home/wim/Documents/DDP/Project-DDP/sw_package/sw_package/sw_project/project_sw/hw_bsp/ps7_cortexa9_0/libsrc/coresightps_dcc_v1_2/src'
Running Make include in ps7_cortexa9_0/libsrc/standalone_v5_5/src
make -C ps7_cortexa9_0/libsrc/standalone_v5_5/src -s include  "SHELL=/bin/sh" "COMPILER=arm-none-eabi-gcc" "ARCHIVER=arm-none-eabi-ar" "COMPILER_FLAGS=  -O2 -c" "EXTRA_COMPILER_FLAGS=-mcpu=cortex-a9 -mfpu=vfpv3 -mfloat-abi=hard -nostartfiles"
make[2]: Entering directory '/home/wim/Documents/DDP/Project-DDP/sw_package/sw_package/sw_project/project_sw/hw_bsp/ps7_cortexa9_0/libsrc/standalone_v5_5/src'
make[3]: Entering directory '/home/wim/Documents/DDP/Project-DDP/sw_package/sw_package/sw_project/project_sw/hw_bsp/ps7_cortexa9_0/libsrc/standalone_v5_5/src/profile'
make[3]: Leaving directory '/home/wim/Documents/DDP/Project-DDP/sw_package/sw_package/sw_project/project_sw/hw_bsp/ps7_cortexa9_0/libsrc/standalone_v5_5/src/profile'
make[2]: Leaving directory '/home/wim/Documents/DDP/Project-DDP/sw_package/sw_package/sw_project/project_sw/hw_bsp/ps7_cortexa9_0/libsrc/standalone_v5_5/src'
Running Make include in ps7_cortexa9_0/libsrc/usbps_v2_4/src
make -C ps7_cortexa9_0/libsrc/usbps_v2_4/src -s include  "SHELL=/bin/sh" "COMPILER=arm-none-eabi-gcc" "ARCHIVER=arm-none-eabi-ar" "COMPILER_FLAGS=  -O2 -c" "EXTRA_COMPILER_FLAGS=-mcpu=cortex-a9 -mfpu=vfpv3 -mfloat-abi=hard -nostartfiles"
make[2]: Entering directory '/home/wim/Documents/DDP/Project-DDP/sw_package/sw_package/sw_project/project_sw/hw_bsp/ps7_cortexa9_0/libsrc/usbps_v2_4/src'
make[2]: Leaving directory '/home/wim/Documents/DDP/Project-DDP/sw_package/sw_package/sw_project/project_sw/hw_bsp/ps7_cortexa9_0/libsrc/usbps_v2_4/src'
Running Make include in ps7_cortexa9_0/libsrc/scutimer_v2_1/src
make -C ps7_cortexa9_0/libsrc/scutimer_v2_1/src -s include  "SHELL=/bin/sh" "COMPILER=arm-none-eabi-gcc" "ARCHIVER=arm-none-eabi-ar" "COMPILER_FLAGS=  -O2 -c" "EXTRA_COMPILER_FLAGS=-mcpu=cortex-a9 -mfpu=vfpv3 -mfloat-abi=hard -nostartfiles"
make[2]: Entering directory '/home/wim/Documents/DDP/Project-DDP/sw_package/sw_package/sw_project/project_sw/hw_bsp/ps7_cortexa9_0/libsrc/scutimer_v2_1/src'
make[2]: Leaving directory '/home/wim/Documents/DDP/Project-DDP/sw_package/sw_package/sw_project/project_sw/hw_bsp/ps7_cortexa9_0/libsrc/scutimer_v2_1/src'
Running Make libs in ps7_cortexa9_0/libsrc/qspips_v3_3/src
make -C ps7_cortexa9_0/libsrc/qspips_v3_3/src -s libs  "SHELL=/bin/sh" "COMPILER=arm-none-eabi-gcc" "ARCHIVER=arm-none-eabi-ar" "COMPILER_FLAGS=  -O2 -c" "EXTRA_COMPILER_FLAGS=-mcpu=cortex-a9 -mfpu=vfpv3 -mfloat-abi=hard -nostartfiles"
make[2]: Entering directory '/home/wim/Documents/DDP/Project-DDP/sw_package/sw_package/sw_project/project_sw/hw_bsp/ps7_cortexa9_0/libsrc/qspips_v3_3/src'
Compiling qspips
make[2]: Leaving directory '/home/wim/Documents/DDP/Project-DDP/sw_package/sw_package/sw_project/project_sw/hw_bsp/ps7_cortexa9_0/libsrc/qspips_v3_3/src'
Running Make libs in ps7_cortexa9_0/libsrc/ddrps_v1_0/src
make -C ps7_cortexa9_0/libsrc/ddrps_v1_0/src -s libs  "SHELL=/bin/sh" "COMPILER=arm-none-eabi-gcc" "ARCHIVER=arm-none-eabi-ar" "COMPILER_FLAGS=  -O2 -c" "EXTRA_COMPILER_FLAGS=-mcpu=cortex-a9 -mfpu=vfpv3 -mfloat-abi=hard -nostartfiles"
make[2]: Entering directory '/home/wim/Documents/DDP/Project-DDP/sw_package/sw_package/sw_project/project_sw/hw_bsp/ps7_cortexa9_0/libsrc/ddrps_v1_0/src'
Compiling ddrps
make[2]: Leaving directory '/home/wim/Documents/DDP/Project-DDP/sw_package/sw_package/sw_project/project_sw/hw_bsp/ps7_cortexa9_0/libsrc/ddrps_v1_0/src'
Running Make libs in ps7_cortexa9_0/libsrc/cpu_cortexa9_v2_2/src
make -C ps7_cortexa9_0/libsrc/cpu_cortexa9_v2_2/src -s libs  "SHELL=/bin/sh" "COMPILER=arm-none-eabi-gcc" "ARCHIVER=arm-none-eabi-ar" "COMPILER_FLAGS=  -O2 -c" "EXTRA_COMPILER_FLAGS=-mcpu=cortex-a9 -mfpu=vfpv3 -mfloat-abi=hard -nostartfiles"
make[2]: Entering directory '/home/wim/Documents/DDP/Project-DDP/sw_package/sw_package/sw_project/project_sw/hw_bsp/ps7_cortexa9_0/libsrc/cpu_cortexa9_v2_2/src'
Compiling cpu_cortexa9
make[2]: Leaving directory '/home/wim/Documents/DDP/Project-DDP/sw_package/sw_package/sw_project/project_sw/hw_bsp/ps7_cortexa9_0/libsrc/cpu_cortexa9_v2_2/src'
Running Make libs in ps7_cortexa9_0/libsrc/sdps_v2_8/src
make -C ps7_cortexa9_0/libsrc/sdps_v2_8/src -s libs  "SHELL=/bin/sh" "COMPILER=arm-none-eabi-gcc" "ARCHIVER=arm-none-eabi-ar" "COMPILER_FLAGS=  -O2 -c" "EXTRA_COMPILER_FLAGS=-mcpu=cortex-a9 -mfpu=vfpv3 -mfloat-abi=hard -nostartfiles"
make[2]: Entering directory '/home/wim/Documents/DDP/Project-DDP/sw_package/sw_package/sw_project/project_sw/hw_bsp/ps7_cortexa9_0/libsrc/sdps_v2_8/src'
Compiling sdps
make[2]: Leaving directory '/home/wim/Documents/DDP/Project-DDP/sw_package/sw_package/sw_project/project_sw/hw_bsp/ps7_cortexa9_0/libsrc/sdps_v2_8/src'
Running Make libs in ps7_cortexa9_0/libsrc/emacps_v3_2/src
make -C ps7_cortexa9_0/libsrc/emacps_v3_2/src -s libs  "SHELL=/bin/sh" "COMPILER=arm-none-eabi-gcc" "ARCHIVER=arm-none-eabi-ar" "COMPILER_FLAGS=  -O2 -c" "EXTRA_COMPILER_FLAGS=-mcpu=cortex-a9 -mfpu=vfpv3 -mfloat-abi=hard -nostartfiles"
make[2]: Entering directory '/home/wim/Documents/DDP/Project-DDP/sw_package/sw_package/sw_project/project_sw/hw_bsp/ps7_cortexa9_0/libsrc/emacps_v3_2/src'
Compiling emacps
make[2]: Leaving directory '/home/wim/Documents/DDP/Project-DDP/sw_package/sw_package/sw_project/project_sw/hw_bsp/ps7_cortexa9_0/libsrc/emacps_v3_2/src'
Running Make libs in ps7_cortexa9_0/libsrc/uartps_v3_1/src
make -C ps7_cortexa9_0/libsrc/uartps_v3_1/src -s libs  "SHELL=/bin/sh" "COMPILER=arm-none-eabi-gcc" "ARCHIVER=arm-none-eabi-ar" "COMPILER_FLAGS=  -O2 -c" "EXTRA_COMPILER_FLAGS=-mcpu=cortex-a9 -mfpu=vfpv3 -mfloat-abi=hard -nostartfiles"
make[2]: Entering directory '/home/wim/Documents/DDP/Project-DDP/sw_package/sw_package/sw_project/project_sw/hw_bsp/ps7_cortexa9_0/libsrc/uartps_v3_1/src'
Compiling uartps
make[2]: Leaving directory '/home/wim/Documents/DDP/Project-DDP/sw_package/sw_package/sw_project/project_sw/hw_bsp/ps7_cortexa9_0/libsrc/uartps_v3_1/src'
Running Make libs in ps7_cortexa9_0/libsrc/scugic_v3_3/src
make -C ps7_cortexa9_0/libsrc/scugic_v3_3/src -s libs  "SHELL=/bin/sh" "COMPILER=arm-none-eabi-gcc" "ARCHIVER=arm-none-eabi-ar" "COMPILER_FLAGS=  -O2 -c" "EXTRA_COMPILER_FLAGS=-mcpu=cortex-a9 -mfpu=vfpv3 -mfloat-abi=hard -nostartfiles"
make[2]: Entering directory '/home/wim/Documents/DDP/Project-DDP/sw_package/sw_package/sw_project/project_sw/hw_bsp/ps7_cortexa9_0/libsrc/scugic_v3_3/src'
Compiling scugic
make[2]: Leaving directory '/home/wim/Documents/DDP/Project-DDP/sw_package/sw_package/sw_project/project_sw/hw_bsp/ps7_cortexa9_0/libsrc/scugic_v3_3/src'
Running Make libs in ps7_cortexa9_0/libsrc/axidma_v9_2/src
make -C ps7_cortexa9_0/libsrc/axidma_v9_2/src -s libs  "SHELL=/bin/sh" "COMPILER=arm-none-eabi-gcc" "ARCHIVER=arm-none-eabi-ar" "COMPILER_FLAGS=  -O2 -c" "EXTRA_COMPILER_FLAGS=-mcpu=cortex-a9 -mfpu=vfpv3 -mfloat-abi=hard -nostartfiles"
make[2]: Entering directory '/home/wim/Documents/DDP/Project-DDP/sw_package/sw_package/sw_project/project_sw/hw_bsp/ps7_cortexa9_0/libsrc/axidma_v9_2/src'
Compiling axidma
make[3]: Entering directory '/home/wim/Documents/DDP/Project-DDP/sw_package/sw_package/sw_project/project_sw/hw_bsp/ps7_cortexa9_0/libsrc/axidma_v9_2/src'
make[3]: Leaving directory '/home/wim/Documents/DDP/Project-DDP/sw_package/sw_package/sw_project/project_sw/hw_bsp/ps7_cortexa9_0/libsrc/axidma_v9_2/src'
make[2]: Leaving directory '/home/wim/Documents/DDP/Project-DDP/sw_package/sw_package/sw_project/project_sw/hw_bsp/ps7_cortexa9_0/libsrc/axidma_v9_2/src'
Running Make libs in ps7_cortexa9_0/libsrc/xadcps_v2_2/src
make -C ps7_cortexa9_0/libsrc/xadcps_v2_2/src -s libs  "SHELL=/bin/sh" "COMPILER=arm-none-eabi-gcc" "ARCHIVER=arm-none-eabi-ar" "COMPILER_FLAGS=  -O2 -c" "EXTRA_COMPILER_FLAGS=-mcpu=cortex-a9 -mfpu=vfpv3 -mfloat-abi=hard -nostartfiles"
make[2]: Entering directory '/home/wim/Documents/DDP/Project-DDP/sw_package/sw_package/sw_project/project_sw/hw_bsp/ps7_cortexa9_0/libsrc/xadcps_v2_2/src'
Compiling xadcps
make[2]: Leaving directory '/home/wim/Documents/DDP/Project-DDP/sw_package/sw_package/sw_project/project_sw/hw_bsp/ps7_cortexa9_0/libsrc/xadcps_v2_2/src'
Running Make libs in ps7_cortexa9_0/libsrc/devcfg_v3_4/src
make -C ps7_cortexa9_0/libsrc/devcfg_v3_4/src -s libs  "SHELL=/bin/sh" "COMPILER=arm-none-eabi-gcc" "ARCHIVER=arm-none-eabi-ar" "COMPILER_FLAGS=  -O2 -c" "EXTRA_COMPILER_FLAGS=-mcpu=cortex-a9 -mfpu=vfpv3 -mfloat-abi=hard -nostartfiles"
make[2]: Entering directory '/home/wim/Documents/DDP/Project-DDP/sw_package/sw_package/sw_project/project_sw/hw_bsp/ps7_cortexa9_0/libsrc/devcfg_v3_4/src'
Compiling devcfg
make[2]: Leaving directory '/home/wim/Documents/DDP/Project-DDP/sw_package/sw_package/sw_project/project_sw/hw_bsp/ps7_cortexa9_0/libsrc/devcfg_v3_4/src'
Running Make libs in ps7_cortexa9_0/libsrc/dmaps_v2_1/src
make -C ps7_cortexa9_0/libsrc/dmaps_v2_1/src -s libs  "SHELL=/bin/sh" "COMPILER=arm-none-eabi-gcc" "ARCHIVER=arm-none-eabi-ar" "COMPILER_FLAGS=  -O2 -c" "EXTRA_COMPILER_FLAGS=-mcpu=cortex-a9 -mfpu=vfpv3 -mfloat-abi=hard -nostartfiles"
make[2]: Entering directory '/home/wim/Documents/DDP/Project-DDP/sw_package/sw_package/sw_project/project_sw/hw_bsp/ps7_cortexa9_0/libsrc/dmaps_v2_1/src'
Compiling dmaps
make[2]: Leaving directory '/home/wim/Documents/DDP/Project-DDP/sw_package/sw_package/sw_project/project_sw/hw_bsp/ps7_cortexa9_0/libsrc/dmaps_v2_1/src'
Running Make libs in ps7_cortexa9_0/libsrc/gpiops_v3_1/src
make -C ps7_cortexa9_0/libsrc/gpiops_v3_1/src -s libs  "SHELL=/bin/sh" "COMPILER=arm-none-eabi-gcc" "ARCHIVER=arm-none-eabi-ar" "COMPILER_FLAGS=  -O2 -c" "EXTRA_COMPILER_FLAGS=-mcpu=cortex-a9 -mfpu=vfpv3 -mfloat-abi=hard -nostartfiles"
make[2]: Entering directory '/home/wim/Documents/DDP/Project-DDP/sw_package/sw_package/sw_project/project_sw/hw_bsp/ps7_cortexa9_0/libsrc/gpiops_v3_1/src'
Compiling gpiops
make[2]: Leaving directory '/home/wim/Documents/DDP/Project-DDP/sw_package/sw_package/sw_project/project_sw/hw_bsp/ps7_cortexa9_0/libsrc/gpiops_v3_1/src'
Running Make libs in ps7_cortexa9_0/libsrc/scuwdt_v2_1/src
make -C ps7_cortexa9_0/libsrc/scuwdt_v2_1/src -s libs  "SHELL=/bin/sh" "COMPILER=arm-none-eabi-gcc" "ARCHIVER=arm-none-eabi-ar" "COMPILER_FLAGS=  -O2 -c" "EXTRA_COMPILER_FLAGS=-mcpu=cortex-a9 -mfpu=vfpv3 -mfloat-abi=hard -nostartfiles"
make[2]: Entering directory '/home/wim/Documents/DDP/Project-DDP/sw_package/sw_package/sw_project/project_sw/hw_bsp/ps7_cortexa9_0/libsrc/scuwdt_v2_1/src'
Compiling scuwdt
make[2]: Leaving directory '/home/wim/Documents/DDP/Project-DDP/sw_package/sw_package/sw_project/project_sw/hw_bsp/ps7_cortexa9_0/libsrc/scuwdt_v2_1/src'
Running Make libs in ps7_cortexa9_0/libsrc/ttcps_v3_1/src
make -C ps7_cortexa9_0/libsrc/ttcps_v3_1/src -s libs  "SHELL=/bin/sh" "COMPILER=arm-none-eabi-gcc" "ARCHIVER=arm-none-eabi-ar" "COMPILER_FLAGS=  -O2 -c" "EXTRA_COMPILER_FLAGS=-mcpu=cortex-a9 -mfpu=vfpv3 -mfloat-abi=hard -nostartfiles"
make[2]: Entering directory '/home/wim/Documents/DDP/Project-DDP/sw_package/sw_package/sw_project/project_sw/hw_bsp/ps7_cortexa9_0/libsrc/ttcps_v3_1/src'
Compiling ttcps
make[2]: Leaving directory '/home/wim/Documents/DDP/Project-DDP/sw_package/sw_package/sw_project/project_sw/hw_bsp/ps7_cortexa9_0/libsrc/ttcps_v3_1/src'
Running Make libs in ps7_cortexa9_0/libsrc/coresightps_dcc_v1_2/src
make -C ps7_cortexa9_0/libsrc/coresightps_dcc_v1_2/src -s libs  "SHELL=/bin/sh" "COMPILER=arm-none-eabi-gcc" "ARCHIVER=arm-none-eabi-ar" "COMPILER_FLAGS=  -O2 -c" "EXTRA_COMPILER_FLAGS=-mcpu=cortex-a9 -mfpu=vfpv3 -mfloat-abi=hard -nostartfiles"
make[2]: Entering directory '/home/wim/Documents/DDP/Project-DDP/sw_package/sw_package/sw_project/project_sw/hw_bsp/ps7_cortexa9_0/libsrc/coresightps_dcc_v1_2/src'
Compiling coresightps_dcc
make[2]: Leaving directory '/home/wim/Documents/DDP/Project-DDP/sw_package/sw_package/sw_project/project_sw/hw_bsp/ps7_cortexa9_0/libsrc/coresightps_dcc_v1_2/src'
Running Make libs in ps7_cortexa9_0/libsrc/standalone_v5_5/src
make -C ps7_cortexa9_0/libsrc/standalone_v5_5/src -s libs  "SHELL=/bin/sh" "COMPILER=arm-none-eabi-gcc" "ARCHIVER=arm-none-eabi-ar" "COMPILER_FLAGS=  -O2 -c" "EXTRA_COMPILER_FLAGS=-mcpu=cortex-a9 -mfpu=vfpv3 -mfloat-abi=hard -nostartfiles"
make[2]: Entering directory '/home/wim/Documents/DDP/Project-DDP/sw_package/sw_package/sw_project/project_sw/hw_bsp/ps7_cortexa9_0/libsrc/standalone_v5_5/src'
Compiling standalone
make[2]: Leaving directory '/home/wim/Documents/DDP/Project-DDP/sw_package/sw_package/sw_project/project_sw/hw_bsp/ps7_cortexa9_0/libsrc/standalone_v5_5/src'
Running Make libs in ps7_cortexa9_0/libsrc/usbps_v2_4/src
make -C ps7_cortexa9_0/libsrc/usbps_v2_4/src -s libs  "SHELL=/bin/sh" "COMPILER=arm-none-eabi-gcc" "ARCHIVER=arm-none-eabi-ar" "COMPILER_FLAGS=  -O2 -c" "EXTRA_COMPILER_FLAGS=-mcpu=cortex-a9 -mfpu=vfpv3 -mfloat-abi=hard -nostartfiles"
make[2]: Entering directory '/home/wim/Documents/DDP/Project-DDP/sw_package/sw_package/sw_project/project_sw/hw_bsp/ps7_cortexa9_0/libsrc/usbps_v2_4/src'
Compiling usbps
make[2]: Leaving directory '/home/wim/Documents/DDP/Project-DDP/sw_package/sw_package/sw_project/project_sw/hw_bsp/ps7_cortexa9_0/libsrc/usbps_v2_4/src'
Running Make libs in ps7_cortexa9_0/libsrc/scutimer_v2_1/src
make -C ps7_cortexa9_0/libsrc/scutimer_v2_1/src -s libs  "SHELL=/bin/sh" "COMPILER=arm-none-eabi-gcc" "ARCHIVER=arm-none-eabi-ar" "COMPILER_FLAGS=  -O2 -c" "EXTRA_COMPILER_FLAGS=-mcpu=cortex-a9 -mfpu=vfpv3 -mfloat-abi=hard -nostartfiles"
make[2]: Entering directory '/home/wim/Documents/DDP/Project-DDP/sw_package/sw_package/sw_project/project_sw/hw_bsp/ps7_cortexa9_0/libsrc/scutimer_v2_1/src'
Compiling scutimer
make[2]: Leaving directory '/home/wim/Documents/DDP/Project-DDP/sw_package/sw_package/sw_project/project_sw/hw_bsp/ps7_cortexa9_0/libsrc/scutimer_v2_1/src'
Finished building libraries
make[1]: Leaving directory '/home/wim/Documents/DDP/Project-DDP/sw_package/sw_package/sw_project/project_sw/hw_bsp'
14:00:10 **** Incremental Build of configuration Debug for project sw_design ****
make pre-build main-build 
make[1]: Entering directory '/home/wim/Documents/DDP/Project-DDP/sw_package/sw_package/sw_project/project_sw/sw_design/Debug'
a9-linaro-pre-build-step
 
Building file: ../src/platform/platform.c
Invoking: ARM v7 gcc compiler
arm-none-eabi-gcc -Wall -O0 -g3 -c -fmessage-length=0 -MT"src/platform/platform.o" -mcpu=cortex-a9 -mfpu=vfpv3 -mfloat-abi=hard -I../../hw_bsp/ps7_cortexa9_0/include -MMD -MP -MF"src/platform/platform.d" -MT"src/platform/platform.o" -o "src/platform/platform.o" "../src/platform/platform.c"
Finished building: ../src/platform/platform.c
 
Building file: ../src/main.c
Invoking: ARM v7 gcc compiler
arm-none-eabi-gcc -Wall -O0 -g3 -c -fmessage-length=0 -MT"src/main.o" -mcpu=cortex-a9 -mfpu=vfpv3 -mfloat-abi=hard -I../../hw_bsp/ps7_cortexa9_0/include -MMD -MP -MF"src/main.d" -MT"src/main.o" -o "src/main.o" "../src/main.c"
Finished building: ../src/main.c
 
Building target: sw_design.elf
Invoking: ARM v7 gcc linker
arm-none-eabi-gcc -mcpu=cortex-a9 -mfpu=vfpv3 -mfloat-abi=hard -Wl,-build-id=none -specs=Xilinx.spec -Wl,-T -Wl,../src/lscript.ld -L../../hw_bsp/ps7_cortexa9_0/lib -o "sw_design.elf"  ./src/platform/platform.o  ./src/asm_func.o ./src/main.o ./src/montgomery.o ./src/mp_arith.o   -Wl,--start-group,-lxil,-lgcc,-lc,--end-group
Finished building target: sw_design.elf
 
Invoking: ARM v7 Print Size
arm-none-eabi-size sw_design.elf  |tee "sw_design.elf.size"
   text	   data	    bss	    dec	    hex	filename
  29760	   1152	  22580	  53492	   d0f4	sw_design.elf
Finished building: sw_design.elf.size
 
make[1]: Leaving directory '/home/wim/Documents/DDP/Project-DDP/sw_package/sw_package/sw_project/project_sw/sw_design/Debug'
14:00:15 **** Incremental Build of configuration Debug for project sw_design ****
make pre-build main-build 
make[1]: Entering directory '/home/wim/Documents/DDP/Project-DDP/sw_package/sw_package/sw_project/project_sw/sw_design/Debug'
a9-linaro-pre-build-step
 
make[1]: Nothing to be done for 'main-build'.
make[1]: Leaving directory '/home/wim/Documents/DDP/Project-DDP/sw_package/sw_package/sw_project/project_sw/sw_design/Debug'
